[2025-01-07T09:53:21.912+0000] {taskinstance.py:1103} INFO - Dependencies all met for dep_context=non-requeueable deps ti=<TaskInstance: obt_file_processing.delete_outlet_data manual__2025-01-07T09:53:19.661387+00:00 [queued]>
[2025-01-07T09:53:21.916+0000] {taskinstance.py:1103} INFO - Dependencies all met for dep_context=requeueable deps ti=<TaskInstance: obt_file_processing.delete_outlet_data manual__2025-01-07T09:53:19.661387+00:00 [queued]>
[2025-01-07T09:53:21.917+0000] {taskinstance.py:1308} INFO - Starting attempt 1 of 2
[2025-01-07T09:53:21.923+0000] {taskinstance.py:1327} INFO - Executing <Task(PythonOperator): delete_outlet_data> on 2025-01-07 09:53:19.661387+00:00
[2025-01-07T09:53:21.929+0000] {standard_task_runner.py:57} INFO - Started process 1239 to run task
[2025-01-07T09:53:21.932+0000] {standard_task_runner.py:84} INFO - Running: ['***', 'tasks', 'run', 'obt_file_processing', 'delete_outlet_data', 'manual__2025-01-07T09:53:19.661387+00:00', '--job-id', '364', '--raw', '--subdir', 'DAGS_FOLDER/OBT_file_processing.py', '--cfg-path', '/tmp/tmptxaoztaj']
[2025-01-07T09:53:21.933+0000] {standard_task_runner.py:85} INFO - Job 364: Subtask delete_outlet_data
[2025-01-07T09:53:21.978+0000] {task_command.py:410} INFO - Running <TaskInstance: obt_file_processing.delete_outlet_data manual__2025-01-07T09:53:19.661387+00:00 [running]> on host 8fff7f1050bf
[2025-01-07T09:53:22.032+0000] {taskinstance.py:1547} INFO - Exporting env vars: AIRFLOW_CTX_DAG_OWNER='***' AIRFLOW_CTX_DAG_ID='obt_file_processing' AIRFLOW_CTX_TASK_ID='delete_outlet_data' AIRFLOW_CTX_EXECUTION_DATE='2025-01-07T09:53:19.661387+00:00' AIRFLOW_CTX_TRY_NUMBER='1' AIRFLOW_CTX_DAG_RUN_ID='manual__2025-01-07T09:53:19.661387+00:00'
[2025-01-07T09:53:23.184+0000] {OBT_file_processing.py:49} INFO - Deleted 0 documents from obt_restaurant collection.
[2025-01-07T09:53:23.235+0000] {OBT_file_processing.py:49} INFO - Deleted 0 documents from obt_roomservice collection.
[2025-01-07T09:53:23.268+0000] {OBT_file_processing.py:49} INFO - Deleted 0 documents from obt_banquet collection.
[2025-01-07T09:53:23.309+0000] {OBT_file_processing.py:49} INFO - Deleted 0 documents from obt_restaurant_sales collection.
[2025-01-07T09:53:23.342+0000] {OBT_file_processing.py:49} INFO - Deleted 0 documents from obt_roomservice_sales collection.
[2025-01-07T09:53:23.374+0000] {OBT_file_processing.py:49} INFO - Deleted 0 documents from obt_banquet_sales collection.
[2025-01-07T09:53:23.375+0000] {OBT_file_processing.py:51} INFO - Deleted documents from outlet collections.
[2025-01-07T09:53:23.378+0000] {python.py:183} INFO - Done. Returned value was: None
[2025-01-07T09:53:23.407+0000] {taskinstance.py:1350} INFO - Marking task as SUCCESS. dag_id=obt_file_processing, task_id=delete_outlet_data, execution_date=20250107T095319, start_date=20250107T095321, end_date=20250107T095323
[2025-01-07T09:53:23.457+0000] {local_task_job_runner.py:225} INFO - Task exited with return code 0
[2025-01-07T09:53:23.496+0000] {taskinstance.py:2653} INFO - 0 downstream tasks scheduled from follow-on schedule check
