[2024-12-05T08:53:46.481+0000] {taskinstance.py:1103} INFO - Dependencies all met for dep_context=non-requeueable deps ti=<TaskInstance: obt_file_processing.etl_process_obt manual__2024-12-05T08:53:26.322726+00:00 [queued]>
[2024-12-05T08:53:46.487+0000] {taskinstance.py:1103} INFO - Dependencies all met for dep_context=requeueable deps ti=<TaskInstance: obt_file_processing.etl_process_obt manual__2024-12-05T08:53:26.322726+00:00 [queued]>
[2024-12-05T08:53:46.487+0000] {taskinstance.py:1308} INFO - Starting attempt 1 of 2
[2024-12-05T08:53:46.497+0000] {taskinstance.py:1327} INFO - Executing <Task(PythonOperator): etl_process_obt> on 2024-12-05 08:53:26.322726+00:00
[2024-12-05T08:53:46.502+0000] {standard_task_runner.py:57} INFO - Started process 371 to run task
[2024-12-05T08:53:46.505+0000] {standard_task_runner.py:84} INFO - Running: ['***', 'tasks', 'run', 'obt_file_processing', 'etl_process_obt', 'manual__2024-12-05T08:53:26.322726+00:00', '--job-id', '174', '--raw', '--subdir', 'DAGS_FOLDER/OBT_file_processing.py', '--cfg-path', '/tmp/tmpg_27xtzk']
[2024-12-05T08:53:46.506+0000] {standard_task_runner.py:85} INFO - Job 174: Subtask etl_process_obt
[2024-12-05T08:53:46.558+0000] {task_command.py:410} INFO - Running <TaskInstance: obt_file_processing.etl_process_obt manual__2024-12-05T08:53:26.322726+00:00 [running]> on host effe9442f8f2
[2024-12-05T08:53:46.624+0000] {taskinstance.py:1547} INFO - Exporting env vars: AIRFLOW_CTX_DAG_OWNER='***' AIRFLOW_CTX_DAG_ID='obt_file_processing' AIRFLOW_CTX_TASK_ID='etl_process_obt' AIRFLOW_CTX_EXECUTION_DATE='2024-12-05T08:53:26.322726+00:00' AIRFLOW_CTX_TRY_NUMBER='1' AIRFLOW_CTX_DAG_RUN_ID='manual__2024-12-05T08:53:26.322726+00:00'
[2024-12-05T08:54:07.458+0000] {OBT_file_processing.py:56} INFO - Inserted batch of 1000 documents.
[2024-12-05T08:54:08.486+0000] {OBT_file_processing.py:56} INFO - Inserted batch of 1000 documents.
[2024-12-05T08:54:09.450+0000] {OBT_file_processing.py:56} INFO - Inserted batch of 1000 documents.
[2024-12-05T08:54:13.461+0000] {OBT_file_processing.py:56} INFO - Inserted batch of 1000 documents.
[2024-12-05T08:54:16.427+0000] {OBT_file_processing.py:56} INFO - Inserted batch of 1000 documents.
[2024-12-05T08:54:18.522+0000] {OBT_file_processing.py:56} INFO - Inserted batch of 1000 documents.
[2024-12-05T08:54:19.424+0000] {OBT_file_processing.py:56} INFO - Inserted batch of 1000 documents.
[2024-12-05T08:54:21.489+0000] {OBT_file_processing.py:56} INFO - Inserted batch of 1000 documents.
[2024-12-05T08:54:22.529+0000] {OBT_file_processing.py:56} INFO - Inserted batch of 1000 documents.
[2024-12-05T08:54:23.444+0000] {OBT_file_processing.py:56} INFO - Inserted batch of 1000 documents.
[2024-12-05T08:54:24.466+0000] {OBT_file_processing.py:56} INFO - Inserted batch of 1000 documents.
[2024-12-05T08:54:25.501+0000] {OBT_file_processing.py:56} INFO - Inserted batch of 1000 documents.
[2024-12-05T08:54:29.479+0000] {OBT_file_processing.py:56} INFO - Inserted batch of 1000 documents.
[2024-12-05T08:54:30.453+0000] {OBT_file_processing.py:56} INFO - Inserted batch of 1000 documents.
[2024-12-05T08:54:31.448+0000] {OBT_file_processing.py:56} INFO - Inserted batch of 1000 documents.
[2024-12-05T08:54:32.563+0000] {OBT_file_processing.py:56} INFO - Inserted batch of 1000 documents.
[2024-12-05T08:54:36.450+0000] {OBT_file_processing.py:56} INFO - Inserted batch of 1000 documents.
[2024-12-05T08:54:39.528+0000] {OBT_file_processing.py:56} INFO - Inserted batch of 1000 documents.
[2024-12-05T08:54:42.497+0000] {OBT_file_processing.py:56} INFO - Inserted batch of 1000 documents.
[2024-12-05T08:54:45.460+0000] {OBT_file_processing.py:56} INFO - Inserted batch of 1000 documents.
[2024-12-05T08:54:47.654+0000] {OBT_file_processing.py:56} INFO - Inserted batch of 1000 documents.
[2024-12-05T08:54:48.457+0000] {OBT_file_processing.py:56} INFO - Inserted batch of 1000 documents.
[2024-12-05T08:54:49.458+0000] {OBT_file_processing.py:56} INFO - Inserted batch of 1000 documents.
[2024-12-05T08:54:50.486+0000] {OBT_file_processing.py:56} INFO - Inserted batch of 1000 documents.
[2024-12-05T08:54:51.508+0000] {OBT_file_processing.py:56} INFO - Inserted batch of 1000 documents.
[2024-12-05T08:54:52.477+0000] {OBT_file_processing.py:56} INFO - Inserted batch of 1000 documents.
[2024-12-05T08:54:53.487+0000] {OBT_file_processing.py:56} INFO - Inserted batch of 1000 documents.
[2024-12-05T08:54:54.474+0000] {OBT_file_processing.py:56} INFO - Inserted batch of 1000 documents.
[2024-12-05T08:54:55.502+0000] {OBT_file_processing.py:56} INFO - Inserted batch of 1000 documents.
[2024-12-05T08:54:58.460+0000] {OBT_file_processing.py:56} INFO - Inserted batch of 1000 documents.
[2024-12-05T08:55:00.481+0000] {OBT_file_processing.py:56} INFO - Inserted batch of 1000 documents.
[2024-12-05T08:55:03.464+0000] {OBT_file_processing.py:56} INFO - Inserted batch of 1000 documents.
[2024-12-05T08:55:04.478+0000] {OBT_file_processing.py:56} INFO - Inserted batch of 1000 documents.
[2024-12-05T08:55:07.494+0000] {OBT_file_processing.py:56} INFO - Inserted batch of 1000 documents.
[2024-12-05T08:55:08.487+0000] {OBT_file_processing.py:56} INFO - Inserted batch of 1000 documents.
[2024-12-05T08:55:11.537+0000] {OBT_file_processing.py:56} INFO - Inserted batch of 1000 documents.
[2024-12-05T08:55:13.530+0000] {OBT_file_processing.py:56} INFO - Inserted batch of 1000 documents.
[2024-12-05T08:55:14.600+0000] {OBT_file_processing.py:56} INFO - Inserted batch of 1000 documents.
[2024-12-05T08:55:17.523+0000] {OBT_file_processing.py:56} INFO - Inserted batch of 814 documents.
[2024-12-05T08:55:23.579+0000] {OBT_file_processing.py:56} INFO - Inserted batch of 1000 documents.
[2024-12-05T08:55:25.570+0000] {OBT_file_processing.py:56} INFO - Inserted batch of 1000 documents.
[2024-12-05T08:55:26.560+0000] {OBT_file_processing.py:56} INFO - Inserted batch of 1000 documents.
[2024-12-05T08:55:29.567+0000] {OBT_file_processing.py:56} INFO - Inserted batch of 1000 documents.
[2024-12-05T08:55:30.626+0000] {OBT_file_processing.py:56} INFO - Inserted batch of 1000 documents.
[2024-12-05T08:55:33.599+0000] {OBT_file_processing.py:56} INFO - Inserted batch of 1000 documents.
[2024-12-05T08:55:34.586+0000] {OBT_file_processing.py:56} INFO - Inserted batch of 1000 documents.
[2024-12-05T08:55:37.587+0000] {OBT_file_processing.py:56} INFO - Inserted batch of 1000 documents.
[2024-12-05T08:55:40.651+0000] {OBT_file_processing.py:56} INFO - Inserted batch of 1000 documents.
[2024-12-05T08:55:42.578+0000] {OBT_file_processing.py:56} INFO - Inserted batch of 1000 documents.
[2024-12-05T08:55:43.637+0000] {OBT_file_processing.py:56} INFO - Inserted batch of 1000 documents.
[2024-12-05T08:55:45.614+0000] {OBT_file_processing.py:56} INFO - Inserted batch of 1000 documents.
[2024-12-05T08:55:46.582+0000] {OBT_file_processing.py:56} INFO - Inserted batch of 1000 documents.
[2024-12-05T08:55:47.572+0000] {OBT_file_processing.py:56} INFO - Inserted batch of 1000 documents.
[2024-12-05T08:55:48.581+0000] {OBT_file_processing.py:56} INFO - Inserted batch of 1000 documents.
[2024-12-05T08:55:49.598+0000] {OBT_file_processing.py:56} INFO - Inserted batch of 1000 documents.
[2024-12-05T08:55:50.582+0000] {OBT_file_processing.py:56} INFO - Inserted batch of 1000 documents.
[2024-12-05T08:55:51.590+0000] {OBT_file_processing.py:56} INFO - Inserted batch of 1000 documents.
[2024-12-05T08:55:55.602+0000] {OBT_file_processing.py:56} INFO - Inserted batch of 1000 documents.
[2024-12-05T08:55:58.623+0000] {OBT_file_processing.py:56} INFO - Inserted batch of 1000 documents.
[2024-12-05T08:56:01.595+0000] {OBT_file_processing.py:56} INFO - Inserted batch of 1000 documents.
[2024-12-05T08:56:04.630+0000] {OBT_file_processing.py:56} INFO - Inserted batch of 1000 documents.
[2024-12-05T08:56:07.601+0000] {OBT_file_processing.py:56} INFO - Inserted batch of 1000 documents.
[2024-12-05T08:56:09.630+0000] {OBT_file_processing.py:56} INFO - Inserted batch of 1000 documents.
[2024-12-05T08:56:10.669+0000] {OBT_file_processing.py:56} INFO - Inserted batch of 1000 documents.
[2024-12-05T08:56:11.628+0000] {OBT_file_processing.py:56} INFO - Inserted batch of 1000 documents.
[2024-12-05T08:56:12.598+0000] {OBT_file_processing.py:56} INFO - Inserted batch of 1000 documents.
[2024-12-05T08:56:13.642+0000] {OBT_file_processing.py:56} INFO - Inserted batch of 1000 documents.
[2024-12-05T08:56:17.607+0000] {OBT_file_processing.py:56} INFO - Inserted batch of 1000 documents.
[2024-12-05T08:56:20.598+0000] {OBT_file_processing.py:56} INFO - Inserted batch of 1000 documents.
[2024-12-05T08:56:23.668+0000] {OBT_file_processing.py:56} INFO - Inserted batch of 1000 documents.
[2024-12-05T08:56:26.638+0000] {OBT_file_processing.py:56} INFO - Inserted batch of 1000 documents.
[2024-12-05T08:56:29.727+0000] {OBT_file_processing.py:56} INFO - Inserted batch of 1000 documents.
[2024-12-05T08:56:32.634+0000] {OBT_file_processing.py:56} INFO - Inserted batch of 1000 documents.
[2024-12-05T08:56:34.730+0000] {OBT_file_processing.py:56} INFO - Inserted batch of 1000 documents.
[2024-12-05T08:56:35.624+0000] {OBT_file_processing.py:56} INFO - Inserted batch of 1000 documents.
[2024-12-05T08:56:39.816+0000] {OBT_file_processing.py:56} INFO - Inserted batch of 1000 documents.
[2024-12-05T08:56:42.635+0000] {OBT_file_processing.py:56} INFO - Inserted batch of 1000 documents.
[2024-12-05T08:56:44.646+0000] {OBT_file_processing.py:56} INFO - Inserted batch of 465 documents.
[2024-12-05T08:56:46.666+0000] {OBT_file_processing.py:56} INFO - Inserted batch of 261 documents.
[2024-12-05T08:56:47.084+0000] {OBT_file_processing.py:56} INFO - Inserted batch of 88 documents.
[2024-12-05T08:56:47.085+0000] {OBT_file_processing.py:119} INFO - ETL process completed successfully.
[2024-12-05T08:56:47.577+0000] {python.py:183} INFO - Done. Returned value was: None
[2024-12-05T08:56:47.608+0000] {taskinstance.py:1350} INFO - Marking task as SUCCESS. dag_id=obt_file_processing, task_id=etl_process_obt, execution_date=20241205T085326, start_date=20241205T085346, end_date=20241205T085647
[2024-12-05T08:56:47.676+0000] {local_task_job_runner.py:225} INFO - Task exited with return code 0
[2024-12-05T08:56:47.748+0000] {taskinstance.py:2653} INFO - 1 downstream tasks scheduled from follow-on schedule check
