[2025-01-07T09:53:24.411+0000] {taskinstance.py:1103} INFO - Dependencies all met for dep_context=non-requeueable deps ti=<TaskInstance: obt_file_processing.etl_process_obt manual__2025-01-07T09:53:19.661387+00:00 [queued]>
[2025-01-07T09:53:24.415+0000] {taskinstance.py:1103} INFO - Dependencies all met for dep_context=requeueable deps ti=<TaskInstance: obt_file_processing.etl_process_obt manual__2025-01-07T09:53:19.661387+00:00 [queued]>
[2025-01-07T09:53:24.416+0000] {taskinstance.py:1308} INFO - Starting attempt 1 of 2
[2025-01-07T09:53:24.422+0000] {taskinstance.py:1327} INFO - Executing <Task(PythonOperator): etl_process_obt> on 2025-01-07 09:53:19.661387+00:00
[2025-01-07T09:53:24.429+0000] {standard_task_runner.py:57} INFO - Started process 1248 to run task
[2025-01-07T09:53:24.432+0000] {standard_task_runner.py:84} INFO - Running: ['***', 'tasks', 'run', 'obt_file_processing', 'etl_process_obt', 'manual__2025-01-07T09:53:19.661387+00:00', '--job-id', '365', '--raw', '--subdir', 'DAGS_FOLDER/OBT_file_processing.py', '--cfg-path', '/tmp/tmpniyk1cnm']
[2025-01-07T09:53:24.433+0000] {standard_task_runner.py:85} INFO - Job 365: Subtask etl_process_obt
[2025-01-07T09:53:24.461+0000] {task_command.py:410} INFO - Running <TaskInstance: obt_file_processing.etl_process_obt manual__2025-01-07T09:53:19.661387+00:00 [running]> on host 8fff7f1050bf
[2025-01-07T09:53:24.513+0000] {taskinstance.py:1547} INFO - Exporting env vars: AIRFLOW_CTX_DAG_OWNER='***' AIRFLOW_CTX_DAG_ID='obt_file_processing' AIRFLOW_CTX_TASK_ID='etl_process_obt' AIRFLOW_CTX_EXECUTION_DATE='2025-01-07T09:53:19.661387+00:00' AIRFLOW_CTX_TRY_NUMBER='1' AIRFLOW_CTX_DAG_RUN_ID='manual__2025-01-07T09:53:19.661387+00:00'
[2025-01-07T09:53:34.247+0000] {OBT_file_processing.py:60} INFO - Inserted batch of 1000 documents.
[2025-01-07T09:53:35.162+0000] {OBT_file_processing.py:60} INFO - Inserted batch of 1000 documents.
[2025-01-07T09:53:37.214+0000] {OBT_file_processing.py:60} INFO - Inserted batch of 1000 documents.
[2025-01-07T09:53:40.154+0000] {OBT_file_processing.py:60} INFO - Inserted batch of 1000 documents.
[2025-01-07T09:53:43.210+0000] {OBT_file_processing.py:60} INFO - Inserted batch of 1000 documents.
[2025-01-07T09:53:46.225+0000] {OBT_file_processing.py:60} INFO - Inserted batch of 1000 documents.
[2025-01-07T09:53:47.250+0000] {OBT_file_processing.py:60} INFO - Inserted batch of 1000 documents.
[2025-01-07T09:53:49.196+0000] {OBT_file_processing.py:60} INFO - Inserted batch of 1000 documents.
[2025-01-07T09:53:50.210+0000] {OBT_file_processing.py:60} INFO - Inserted batch of 1000 documents.
[2025-01-07T09:53:54.159+0000] {OBT_file_processing.py:60} INFO - Inserted batch of 1000 documents.
[2025-01-07T09:53:55.237+0000] {OBT_file_processing.py:60} INFO - Inserted batch of 1000 documents.
[2025-01-07T09:53:57.147+0000] {OBT_file_processing.py:60} INFO - Inserted batch of 1000 documents.
[2025-01-07T09:53:58.155+0000] {OBT_file_processing.py:60} INFO - Inserted batch of 1000 documents.
[2025-01-07T09:53:59.177+0000] {OBT_file_processing.py:60} INFO - Inserted batch of 1000 documents.
[2025-01-07T09:54:01.179+0000] {OBT_file_processing.py:60} INFO - Inserted batch of 1000 documents.
[2025-01-07T09:54:03.226+0000] {OBT_file_processing.py:60} INFO - Inserted batch of 1000 documents.
[2025-01-07T09:54:04.249+0000] {OBT_file_processing.py:60} INFO - Inserted batch of 1000 documents.
[2025-01-07T09:54:07.221+0000] {OBT_file_processing.py:60} INFO - Inserted batch of 1000 documents.
[2025-01-07T09:54:09.153+0000] {OBT_file_processing.py:60} INFO - Inserted batch of 1000 documents.
[2025-01-07T09:54:12.161+0000] {OBT_file_processing.py:60} INFO - Inserted batch of 1000 documents.
[2025-01-07T09:54:13.167+0000] {OBT_file_processing.py:60} INFO - Inserted batch of 1000 documents.
[2025-01-07T09:54:14.206+0000] {OBT_file_processing.py:60} INFO - Inserted batch of 1000 documents.
[2025-01-07T09:54:15.166+0000] {OBT_file_processing.py:60} INFO - Inserted batch of 1000 documents.
[2025-01-07T09:54:19.199+0000] {OBT_file_processing.py:60} INFO - Inserted batch of 1000 documents.
[2025-01-07T09:54:21.179+0000] {OBT_file_processing.py:60} INFO - Inserted batch of 1000 documents.
[2025-01-07T09:54:22.166+0000] {OBT_file_processing.py:60} INFO - Inserted batch of 1000 documents.
[2025-01-07T09:54:24.156+0000] {OBT_file_processing.py:60} INFO - Inserted batch of 1000 documents.
[2025-01-07T09:54:26.162+0000] {OBT_file_processing.py:60} INFO - Inserted batch of 1000 documents.
[2025-01-07T09:54:28.171+0000] {OBT_file_processing.py:60} INFO - Inserted batch of 1000 documents.
[2025-01-07T09:54:30.255+0000] {OBT_file_processing.py:60} INFO - Inserted batch of 1000 documents.
[2025-01-07T09:54:31.185+0000] {OBT_file_processing.py:60} INFO - Inserted batch of 1000 documents.
[2025-01-07T09:54:35.244+0000] {OBT_file_processing.py:60} INFO - Inserted batch of 1000 documents.
[2025-01-07T09:54:37.221+0000] {OBT_file_processing.py:60} INFO - Inserted batch of 1000 documents.
[2025-01-07T09:54:40.191+0000] {OBT_file_processing.py:60} INFO - Inserted batch of 1000 documents.
[2025-01-07T09:54:42.241+0000] {OBT_file_processing.py:60} INFO - Inserted batch of 1000 documents.
[2025-01-07T09:54:45.167+0000] {OBT_file_processing.py:60} INFO - Inserted batch of 1000 documents.
[2025-01-07T09:54:46.232+0000] {OBT_file_processing.py:60} INFO - Inserted batch of 1000 documents.
[2025-01-07T09:54:49.205+0000] {OBT_file_processing.py:60} INFO - Inserted batch of 1000 documents.
[2025-01-07T09:54:51.167+0000] {OBT_file_processing.py:60} INFO - Inserted batch of 814 documents.
[2025-01-07T09:54:56.176+0000] {OBT_file_processing.py:60} INFO - Inserted batch of 1000 documents.
[2025-01-07T09:54:57.218+0000] {OBT_file_processing.py:60} INFO - Inserted batch of 1000 documents.
[2025-01-07T09:54:59.179+0000] {OBT_file_processing.py:60} INFO - Inserted batch of 1000 documents.
[2025-01-07T09:55:02.221+0000] {OBT_file_processing.py:60} INFO - Inserted batch of 1000 documents.
[2025-01-07T09:55:05.240+0000] {OBT_file_processing.py:60} INFO - Inserted batch of 1000 documents.
[2025-01-07T09:55:08.252+0000] {OBT_file_processing.py:60} INFO - Inserted batch of 1000 documents.
[2025-01-07T09:55:10.246+0000] {OBT_file_processing.py:60} INFO - Inserted batch of 1000 documents.
[2025-01-07T09:55:11.204+0000] {OBT_file_processing.py:60} INFO - Inserted batch of 1000 documents.
[2025-01-07T09:55:12.200+0000] {OBT_file_processing.py:60} INFO - Inserted batch of 1000 documents.
[2025-01-07T09:55:13.198+0000] {OBT_file_processing.py:60} INFO - Inserted batch of 1000 documents.
[2025-01-07T09:55:15.201+0000] {OBT_file_processing.py:60} INFO - Inserted batch of 1000 documents.
[2025-01-07T09:55:16.230+0000] {OBT_file_processing.py:60} INFO - Inserted batch of 1000 documents.
[2025-01-07T09:55:17.223+0000] {OBT_file_processing.py:60} INFO - Inserted batch of 1000 documents.
[2025-01-07T09:55:18.217+0000] {OBT_file_processing.py:60} INFO - Inserted batch of 1000 documents.
[2025-01-07T09:55:19.191+0000] {OBT_file_processing.py:60} INFO - Inserted batch of 1000 documents.
[2025-01-07T09:55:20.214+0000] {OBT_file_processing.py:60} INFO - Inserted batch of 1000 documents.
[2025-01-07T09:55:22.238+0000] {OBT_file_processing.py:60} INFO - Inserted batch of 1000 documents.
[2025-01-07T09:55:24.068+0000] {OBT_file_processing.py:60} INFO - Inserted batch of 1000 documents.
[2025-01-07T09:55:25.218+0000] {OBT_file_processing.py:60} INFO - Inserted batch of 1000 documents.
[2025-01-07T09:55:26.194+0000] {OBT_file_processing.py:60} INFO - Inserted batch of 1000 documents.
[2025-01-07T09:55:27.213+0000] {OBT_file_processing.py:60} INFO - Inserted batch of 1000 documents.
[2025-01-07T09:55:28.221+0000] {OBT_file_processing.py:60} INFO - Inserted batch of 1000 documents.
[2025-01-07T09:55:30.207+0000] {OBT_file_processing.py:60} INFO - Inserted batch of 1000 documents.
[2025-01-07T09:55:31.418+0000] {OBT_file_processing.py:60} INFO - Inserted batch of 1000 documents.
[2025-01-07T09:55:32.244+0000] {OBT_file_processing.py:60} INFO - Inserted batch of 1000 documents.
[2025-01-07T09:55:33.256+0000] {OBT_file_processing.py:60} INFO - Inserted batch of 1000 documents.
[2025-01-07T09:55:34.246+0000] {OBT_file_processing.py:60} INFO - Inserted batch of 1000 documents.
[2025-01-07T09:55:35.274+0000] {OBT_file_processing.py:60} INFO - Inserted batch of 1000 documents.
[2025-01-07T09:55:37.267+0000] {OBT_file_processing.py:60} INFO - Inserted batch of 1000 documents.
[2025-01-07T09:55:38.295+0000] {OBT_file_processing.py:60} INFO - Inserted batch of 1000 documents.
[2025-01-07T09:55:39.252+0000] {OBT_file_processing.py:60} INFO - Inserted batch of 1000 documents.
[2025-01-07T09:55:40.360+0000] {OBT_file_processing.py:60} INFO - Inserted batch of 1000 documents.
[2025-01-07T09:55:41.638+0000] {OBT_file_processing.py:60} INFO - Inserted batch of 1000 documents.
[2025-01-07T09:55:43.240+0000] {OBT_file_processing.py:60} INFO - Inserted batch of 1000 documents.
[2025-01-07T09:55:45.245+0000] {OBT_file_processing.py:60} INFO - Inserted batch of 1000 documents.
[2025-01-07T09:55:46.285+0000] {OBT_file_processing.py:60} INFO - Inserted batch of 1000 documents.
[2025-01-07T09:55:47.274+0000] {OBT_file_processing.py:60} INFO - Inserted batch of 1000 documents.
[2025-01-07T09:55:48.217+0000] {OBT_file_processing.py:60} INFO - Inserted batch of 1000 documents.
[2025-01-07T09:55:50.271+0000] {OBT_file_processing.py:60} INFO - Inserted batch of 465 documents.
[2025-01-07T09:55:51.531+0000] {OBT_file_processing.py:60} INFO - Inserted batch of 261 documents.
[2025-01-07T09:55:52.226+0000] {OBT_file_processing.py:60} INFO - Inserted batch of 88 documents.
[2025-01-07T09:55:52.244+0000] {OBT_file_processing.py:119} INFO - ETL process completed successfully.
[2025-01-07T09:55:53.234+0000] {python.py:183} INFO - Done. Returned value was: None
[2025-01-07T09:55:53.411+0000] {taskinstance.py:1350} INFO - Marking task as SUCCESS. dag_id=obt_file_processing, task_id=etl_process_obt, execution_date=20250107T095319, start_date=20250107T095324, end_date=20250107T095553
[2025-01-07T09:55:53.546+0000] {local_task_job_runner.py:225} INFO - Task exited with return code 0
[2025-01-07T09:55:53.678+0000] {taskinstance.py:2653} INFO - 1 downstream tasks scheduled from follow-on schedule check
