[2025-01-07T09:42:06.834+0000] {taskinstance.py:1103} INFO - Dependencies all met for dep_context=non-requeueable deps ti=<TaskInstance: obt_file_processing.etl_billNumber manual__2025-01-07T09:39:48.112419+00:00 [queued]>
[2025-01-07T09:42:06.838+0000] {taskinstance.py:1103} INFO - Dependencies all met for dep_context=requeueable deps ti=<TaskInstance: obt_file_processing.etl_billNumber manual__2025-01-07T09:39:48.112419+00:00 [queued]>
[2025-01-07T09:42:06.839+0000] {taskinstance.py:1308} INFO - Starting attempt 1 of 2
[2025-01-07T09:42:06.845+0000] {taskinstance.py:1327} INFO - Executing <Task(PythonOperator): etl_billNumber> on 2025-01-07 09:39:48.112419+00:00
[2025-01-07T09:42:06.850+0000] {standard_task_runner.py:57} INFO - Started process 899 to run task
[2025-01-07T09:42:06.854+0000] {standard_task_runner.py:84} INFO - Running: ['***', 'tasks', 'run', 'obt_file_processing', 'etl_billNumber', 'manual__2025-01-07T09:39:48.112419+00:00', '--job-id', '330', '--raw', '--subdir', 'DAGS_FOLDER/OBT_file_processing.py', '--cfg-path', '/tmp/tmpf2tgaqhe']
[2025-01-07T09:42:06.855+0000] {standard_task_runner.py:85} INFO - Job 330: Subtask etl_billNumber
[2025-01-07T09:42:06.918+0000] {task_command.py:410} INFO - Running <TaskInstance: obt_file_processing.etl_billNumber manual__2025-01-07T09:39:48.112419+00:00 [running]> on host 8fff7f1050bf
[2025-01-07T09:42:06.972+0000] {taskinstance.py:1547} INFO - Exporting env vars: AIRFLOW_CTX_DAG_OWNER='***' AIRFLOW_CTX_DAG_ID='obt_file_processing' AIRFLOW_CTX_TASK_ID='etl_billNumber' AIRFLOW_CTX_EXECUTION_DATE='2025-01-07T09:39:48.112419+00:00' AIRFLOW_CTX_TRY_NUMBER='1' AIRFLOW_CTX_DAG_RUN_ID='manual__2025-01-07T09:39:48.112419+00:00'
[2025-01-07T09:42:18.018+0000] {OBT_file_processing.py:60} INFO - Inserted batch of 1000 documents.
[2025-01-07T09:42:20.984+0000] {OBT_file_processing.py:60} INFO - Inserted batch of 1000 documents.
[2025-01-07T09:42:21.975+0000] {OBT_file_processing.py:60} INFO - Inserted batch of 1000 documents.
[2025-01-07T09:42:22.955+0000] {OBT_file_processing.py:60} INFO - Inserted batch of 1000 documents.
[2025-01-07T09:42:23.961+0000] {OBT_file_processing.py:60} INFO - Inserted batch of 1000 documents.
[2025-01-07T09:42:25.979+0000] {OBT_file_processing.py:60} INFO - Inserted batch of 1000 documents.
[2025-01-07T09:42:26.960+0000] {OBT_file_processing.py:60} INFO - Inserted batch of 1000 documents.
[2025-01-07T09:42:30.963+0000] {OBT_file_processing.py:60} INFO - Inserted batch of 1000 documents.
[2025-01-07T09:42:32.118+0000] {OBT_file_processing.py:60} INFO - Inserted batch of 1000 documents.
[2025-01-07T09:42:32.952+0000] {OBT_file_processing.py:60} INFO - Inserted batch of 439 documents.
[2025-01-07T09:42:35.969+0000] {OBT_file_processing.py:60} INFO - Inserted batch of 83 documents.
[2025-01-07T09:42:36.129+0000] {OBT_file_processing.py:60} INFO - Inserted batch of 29 documents.
[2025-01-07T09:42:36.131+0000] {python.py:183} INFO - Done. Returned value was: None
[2025-01-07T09:42:36.162+0000] {taskinstance.py:1350} INFO - Marking task as SUCCESS. dag_id=obt_file_processing, task_id=etl_billNumber, execution_date=20250107T093948, start_date=20250107T094206, end_date=20250107T094236
[2025-01-07T09:42:36.197+0000] {local_task_job_runner.py:225} INFO - Task exited with return code 0
[2025-01-07T09:42:36.218+0000] {taskinstance.py:2653} INFO - 0 downstream tasks scheduled from follow-on schedule check
