[2025-01-07T11:05:21.441+0000] {taskinstance.py:1103} INFO - Dependencies all met for dep_context=non-requeueable deps ti=<TaskInstance: obt_file_processing.etl_billNumber manual__2025-01-07T11:02:18.014156+00:00 [queued]>
[2025-01-07T11:05:21.449+0000] {taskinstance.py:1103} INFO - Dependencies all met for dep_context=requeueable deps ti=<TaskInstance: obt_file_processing.etl_billNumber manual__2025-01-07T11:02:18.014156+00:00 [queued]>
[2025-01-07T11:05:21.449+0000] {taskinstance.py:1308} INFO - Starting attempt 1 of 2
[2025-01-07T11:05:21.462+0000] {taskinstance.py:1327} INFO - Executing <Task(PythonOperator): etl_billNumber> on 2025-01-07 11:02:18.014156+00:00
[2025-01-07T11:05:21.472+0000] {standard_task_runner.py:57} INFO - Started process 2648 to run task
[2025-01-07T11:05:21.477+0000] {standard_task_runner.py:84} INFO - Running: ['***', 'tasks', 'run', 'obt_file_processing', 'etl_billNumber', 'manual__2025-01-07T11:02:18.014156+00:00', '--job-id', '505', '--raw', '--subdir', 'DAGS_FOLDER/OBT_file_processing.py', '--cfg-path', '/tmp/tmpoex4kq8d']
[2025-01-07T11:05:21.478+0000] {standard_task_runner.py:85} INFO - Job 505: Subtask etl_billNumber
[2025-01-07T11:05:21.532+0000] {task_command.py:410} INFO - Running <TaskInstance: obt_file_processing.etl_billNumber manual__2025-01-07T11:02:18.014156+00:00 [running]> on host 8fff7f1050bf
[2025-01-07T11:05:21.600+0000] {taskinstance.py:1547} INFO - Exporting env vars: AIRFLOW_CTX_DAG_OWNER='***' AIRFLOW_CTX_DAG_ID='obt_file_processing' AIRFLOW_CTX_TASK_ID='etl_billNumber' AIRFLOW_CTX_EXECUTION_DATE='2025-01-07T11:02:18.014156+00:00' AIRFLOW_CTX_TRY_NUMBER='1' AIRFLOW_CTX_DAG_RUN_ID='manual__2025-01-07T11:02:18.014156+00:00'
[2025-01-07T11:05:50.474+0000] {OBT_file_processing.py:60} INFO - Inserted batch of 1000 documents.
[2025-01-07T11:05:51.484+0000] {OBT_file_processing.py:60} INFO - Inserted batch of 1000 documents.
[2025-01-07T11:05:52.483+0000] {OBT_file_processing.py:60} INFO - Inserted batch of 1000 documents.
[2025-01-07T11:05:54.498+0000] {OBT_file_processing.py:60} INFO - Inserted batch of 1000 documents.
[2025-01-07T11:05:55.481+0000] {OBT_file_processing.py:60} INFO - Inserted batch of 1000 documents.
[2025-01-07T11:05:56.486+0000] {OBT_file_processing.py:60} INFO - Inserted batch of 1000 documents.
[2025-01-07T11:06:00.491+0000] {OBT_file_processing.py:60} INFO - Inserted batch of 1000 documents.
[2025-01-07T11:06:01.505+0000] {OBT_file_processing.py:60} INFO - Inserted batch of 1000 documents.
[2025-01-07T11:06:03.555+0000] {OBT_file_processing.py:60} INFO - Inserted batch of 1000 documents.
[2025-01-07T11:06:04.490+0000] {OBT_file_processing.py:60} INFO - Inserted batch of 439 documents.
[2025-01-07T11:06:07.488+0000] {OBT_file_processing.py:60} INFO - Inserted batch of 83 documents.
[2025-01-07T11:06:09.443+0000] {OBT_file_processing.py:60} INFO - Inserted batch of 29 documents.
[2025-01-07T11:06:09.448+0000] {python.py:183} INFO - Done. Returned value was: None
[2025-01-07T11:06:09.484+0000] {taskinstance.py:1350} INFO - Marking task as SUCCESS. dag_id=obt_file_processing, task_id=etl_billNumber, execution_date=20250107T110218, start_date=20250107T110521, end_date=20250107T110609
[2025-01-07T11:06:09.556+0000] {local_task_job_runner.py:225} INFO - Task exited with return code 0
[2025-01-07T11:06:09.616+0000] {taskinstance.py:2653} INFO - 0 downstream tasks scheduled from follow-on schedule check
