[2024-12-05T08:49:21.407+0000] {taskinstance.py:1103} INFO - Dependencies all met for dep_context=non-requeueable deps ti=<TaskInstance: obt_file_processing.etl_billNumber manual__2024-12-05T08:41:31.386590+00:00 [queued]>
[2024-12-05T08:49:21.414+0000] {taskinstance.py:1103} INFO - Dependencies all met for dep_context=requeueable deps ti=<TaskInstance: obt_file_processing.etl_billNumber manual__2024-12-05T08:41:31.386590+00:00 [queued]>
[2024-12-05T08:49:21.415+0000] {taskinstance.py:1308} INFO - Starting attempt 1 of 2
[2024-12-05T08:49:21.425+0000] {taskinstance.py:1327} INFO - Executing <Task(PythonOperator): etl_billNumber> on 2024-12-05 08:41:31.386590+00:00
[2024-12-05T08:49:21.440+0000] {standard_task_runner.py:57} INFO - Started process 351 to run task
[2024-12-05T08:49:21.452+0000] {standard_task_runner.py:84} INFO - Running: ['***', 'tasks', 'run', 'obt_file_processing', 'etl_billNumber', 'manual__2024-12-05T08:41:31.386590+00:00', '--job-id', '172', '--raw', '--subdir', 'DAGS_FOLDER/OBT_file_processing.py', '--cfg-path', '/tmp/tmpe1_qx3xu']
[2024-12-05T08:49:21.454+0000] {standard_task_runner.py:85} INFO - Job 172: Subtask etl_billNumber
[2024-12-05T08:49:21.529+0000] {task_command.py:410} INFO - Running <TaskInstance: obt_file_processing.etl_billNumber manual__2024-12-05T08:41:31.386590+00:00 [running]> on host effe9442f8f2
[2024-12-05T08:49:21.671+0000] {taskinstance.py:1547} INFO - Exporting env vars: AIRFLOW_CTX_DAG_OWNER='***' AIRFLOW_CTX_DAG_ID='obt_file_processing' AIRFLOW_CTX_TASK_ID='etl_billNumber' AIRFLOW_CTX_EXECUTION_DATE='2024-12-05T08:41:31.386590+00:00' AIRFLOW_CTX_TRY_NUMBER='1' AIRFLOW_CTX_DAG_RUN_ID='manual__2024-12-05T08:41:31.386590+00:00'
[2024-12-05T08:49:43.250+0000] {OBT_file_processing.py:56} INFO - Inserted batch of 1000 documents.
[2024-12-05T08:49:44.180+0000] {OBT_file_processing.py:56} INFO - Inserted batch of 1000 documents.
[2024-12-05T08:49:47.169+0000] {OBT_file_processing.py:56} INFO - Inserted batch of 1000 documents.
[2024-12-05T08:49:49.168+0000] {OBT_file_processing.py:56} INFO - Inserted batch of 1000 documents.
[2024-12-05T08:49:52.167+0000] {OBT_file_processing.py:56} INFO - Inserted batch of 1000 documents.
[2024-12-05T08:49:54.239+0000] {OBT_file_processing.py:56} INFO - Inserted batch of 1000 documents.
[2024-12-05T08:49:57.222+0000] {OBT_file_processing.py:56} INFO - Inserted batch of 1000 documents.
[2024-12-05T08:49:58.231+0000] {OBT_file_processing.py:56} INFO - Inserted batch of 1000 documents.
[2024-12-05T08:50:01.183+0000] {OBT_file_processing.py:56} INFO - Inserted batch of 1000 documents.
[2024-12-05T08:50:02.329+0000] {OBT_file_processing.py:56} INFO - Inserted batch of 439 documents.
[2024-12-05T08:50:04.154+0000] {OBT_file_processing.py:56} INFO - Inserted batch of 83 documents.
[2024-12-05T08:50:04.296+0000] {OBT_file_processing.py:56} INFO - Inserted batch of 29 documents.
[2024-12-05T08:50:04.299+0000] {python.py:183} INFO - Done. Returned value was: None
[2024-12-05T08:50:04.350+0000] {taskinstance.py:1350} INFO - Marking task as SUCCESS. dag_id=obt_file_processing, task_id=etl_billNumber, execution_date=20241205T084131, start_date=20241205T084921, end_date=20241205T085004
[2024-12-05T08:50:04.421+0000] {local_task_job_runner.py:225} INFO - Task exited with return code 0
[2024-12-05T08:50:04.506+0000] {taskinstance.py:2653} INFO - 0 downstream tasks scheduled from follow-on schedule check
