[2024-12-05T07:13:40.972+0000] {taskinstance.py:1103} INFO - Dependencies all met for dep_context=non-requeueable deps ti=<TaskInstance: obt_file_processing.etl_process_obt manual__2024-12-05T07:13:34.271800+00:00 [queued]>
[2024-12-05T07:13:40.980+0000] {taskinstance.py:1103} INFO - Dependencies all met for dep_context=requeueable deps ti=<TaskInstance: obt_file_processing.etl_process_obt manual__2024-12-05T07:13:34.271800+00:00 [queued]>
[2024-12-05T07:13:40.980+0000] {taskinstance.py:1308} INFO - Starting attempt 1 of 2
[2024-12-05T07:13:40.995+0000] {taskinstance.py:1327} INFO - Executing <Task(PythonOperator): etl_process_obt> on 2024-12-05 07:13:34.271800+00:00
[2024-12-05T07:13:41.032+0000] {standard_task_runner.py:57} INFO - Started process 201 to run task
[2024-12-05T07:13:41.038+0000] {standard_task_runner.py:84} INFO - Running: ['***', 'tasks', 'run', 'obt_file_processing', 'etl_process_obt', 'manual__2024-12-05T07:13:34.271800+00:00', '--job-id', '157', '--raw', '--subdir', 'DAGS_FOLDER/OBT_file_processing.py', '--cfg-path', '/tmp/tmp29bne1hk']
[2024-12-05T07:13:41.039+0000] {standard_task_runner.py:85} INFO - Job 157: Subtask etl_process_obt
[2024-12-05T07:13:41.086+0000] {task_command.py:410} INFO - Running <TaskInstance: obt_file_processing.etl_process_obt manual__2024-12-05T07:13:34.271800+00:00 [running]> on host effe9442f8f2
[2024-12-05T07:13:41.168+0000] {taskinstance.py:1547} INFO - Exporting env vars: AIRFLOW_CTX_DAG_OWNER='***' AIRFLOW_CTX_DAG_ID='obt_file_processing' AIRFLOW_CTX_TASK_ID='etl_process_obt' AIRFLOW_CTX_EXECUTION_DATE='2024-12-05T07:13:34.271800+00:00' AIRFLOW_CTX_TRY_NUMBER='1' AIRFLOW_CTX_DAG_RUN_ID='manual__2024-12-05T07:13:34.271800+00:00'
[2024-12-05T07:13:55.267+0000] {OBT_file_processing.py:50} INFO - Inserted batch of 1000 documents.
[2024-12-05T07:13:58.353+0000] {OBT_file_processing.py:50} INFO - Inserted batch of 1000 documents.
[2024-12-05T07:14:01.234+0000] {OBT_file_processing.py:50} INFO - Inserted batch of 1000 documents.
[2024-12-05T07:14:03.284+0000] {OBT_file_processing.py:50} INFO - Inserted batch of 1000 documents.
[2024-12-05T07:14:06.241+0000] {OBT_file_processing.py:50} INFO - Inserted batch of 1000 documents.
[2024-12-05T07:14:09.276+0000] {OBT_file_processing.py:50} INFO - Inserted batch of 1000 documents.
[2024-12-05T07:14:12.267+0000] {OBT_file_processing.py:50} INFO - Inserted batch of 1000 documents.
[2024-12-05T07:14:15.340+0000] {OBT_file_processing.py:50} INFO - Inserted batch of 1000 documents.
[2024-12-05T07:14:18.252+0000] {OBT_file_processing.py:50} INFO - Inserted batch of 1000 documents.
[2024-12-05T07:14:21.280+0000] {OBT_file_processing.py:50} INFO - Inserted batch of 1000 documents.
[2024-12-05T07:14:24.261+0000] {OBT_file_processing.py:50} INFO - Inserted batch of 1000 documents.
[2024-12-05T07:14:27.293+0000] {OBT_file_processing.py:50} INFO - Inserted batch of 1000 documents.
[2024-12-05T07:14:30.296+0000] {OBT_file_processing.py:50} INFO - Inserted batch of 1000 documents.
[2024-12-05T07:14:33.341+0000] {OBT_file_processing.py:50} INFO - Inserted batch of 1000 documents.
[2024-12-05T07:14:35.258+0000] {OBT_file_processing.py:50} INFO - Inserted batch of 1000 documents.
[2024-12-05T07:14:36.332+0000] {OBT_file_processing.py:50} INFO - Inserted batch of 1000 documents.
[2024-12-05T07:14:37.357+0000] {OBT_file_processing.py:50} INFO - Inserted batch of 1000 documents.
[2024-12-05T07:14:38.277+0000] {OBT_file_processing.py:50} INFO - Inserted batch of 1000 documents.
[2024-12-05T07:14:39.267+0000] {OBT_file_processing.py:50} INFO - Inserted batch of 1000 documents.
[2024-12-05T07:14:40.258+0000] {OBT_file_processing.py:50} INFO - Inserted batch of 1000 documents.
[2024-12-05T07:14:41.357+0000] {OBT_file_processing.py:50} INFO - Inserted batch of 1000 documents.
[2024-12-05T07:14:45.399+0000] {OBT_file_processing.py:50} INFO - Inserted batch of 1000 documents.
[2024-12-05T07:14:48.289+0000] {OBT_file_processing.py:50} INFO - Inserted batch of 1000 documents.
[2024-12-05T07:14:51.280+0000] {OBT_file_processing.py:50} INFO - Inserted batch of 1000 documents.
[2024-12-05T07:14:53.324+0000] {OBT_file_processing.py:50} INFO - Inserted batch of 1000 documents.
[2024-12-05T07:14:54.349+0000] {OBT_file_processing.py:50} INFO - Inserted batch of 1000 documents.
[2024-12-05T07:14:55.273+0000] {OBT_file_processing.py:50} INFO - Inserted batch of 1000 documents.
[2024-12-05T07:14:56.274+0000] {OBT_file_processing.py:50} INFO - Inserted batch of 1000 documents.
[2024-12-05T07:14:57.318+0000] {OBT_file_processing.py:50} INFO - Inserted batch of 1000 documents.
[2024-12-05T07:14:58.319+0000] {OBT_file_processing.py:50} INFO - Inserted batch of 1000 documents.
[2024-12-05T07:15:02.320+0000] {OBT_file_processing.py:50} INFO - Inserted batch of 1000 documents.
[2024-12-05T07:15:05.309+0000] {OBT_file_processing.py:50} INFO - Inserted batch of 1000 documents.
[2024-12-05T07:15:08.278+0000] {OBT_file_processing.py:50} INFO - Inserted batch of 1000 documents.
[2024-12-05T07:15:11.322+0000] {OBT_file_processing.py:50} INFO - Inserted batch of 1000 documents.
[2024-12-05T07:15:14.328+0000] {OBT_file_processing.py:50} INFO - Inserted batch of 1000 documents.
[2024-12-05T07:15:17.295+0000] {OBT_file_processing.py:50} INFO - Inserted batch of 1000 documents.
[2024-12-05T07:15:20.293+0000] {OBT_file_processing.py:50} INFO - Inserted batch of 1000 documents.
[2024-12-05T07:15:23.338+0000] {OBT_file_processing.py:50} INFO - Inserted batch of 1000 documents.
[2024-12-05T07:15:26.304+0000] {OBT_file_processing.py:50} INFO - Inserted batch of 814 documents.
[2024-12-05T07:15:30.428+0000] {OBT_file_processing.py:50} INFO - Inserted batch of 1000 documents.
[2024-12-05T07:15:32.423+0000] {OBT_file_processing.py:50} INFO - Inserted batch of 1000 documents.
[2024-12-05T07:15:33.473+0000] {OBT_file_processing.py:50} INFO - Inserted batch of 1000 documents.
[2024-12-05T07:15:34.437+0000] {OBT_file_processing.py:50} INFO - Inserted batch of 1000 documents.
[2024-12-05T07:15:38.497+0000] {OBT_file_processing.py:50} INFO - Inserted batch of 1000 documents.
[2024-12-05T07:15:41.441+0000] {OBT_file_processing.py:50} INFO - Inserted batch of 1000 documents.
[2024-12-05T07:15:44.537+0000] {OBT_file_processing.py:50} INFO - Inserted batch of 1000 documents.
[2024-12-05T07:15:46.479+0000] {OBT_file_processing.py:50} INFO - Inserted batch of 1000 documents.
[2024-12-05T07:15:47.505+0000] {OBT_file_processing.py:50} INFO - Inserted batch of 1000 documents.
[2024-12-05T07:15:48.441+0000] {OBT_file_processing.py:50} INFO - Inserted batch of 1000 documents.
[2024-12-05T07:15:49.571+0000] {OBT_file_processing.py:50} INFO - Inserted batch of 1000 documents.
[2024-12-05T07:15:50.456+0000] {OBT_file_processing.py:50} INFO - Inserted batch of 1000 documents.
[2024-12-05T07:15:51.482+0000] {OBT_file_processing.py:50} INFO - Inserted batch of 1000 documents.
[2024-12-05T07:15:52.466+0000] {OBT_file_processing.py:50} INFO - Inserted batch of 1000 documents.
[2024-12-05T07:15:56.469+0000] {OBT_file_processing.py:50} INFO - Inserted batch of 1000 documents.
[2024-12-05T07:15:59.445+0000] {OBT_file_processing.py:50} INFO - Inserted batch of 1000 documents.
[2024-12-05T07:16:02.482+0000] {OBT_file_processing.py:50} INFO - Inserted batch of 1000 documents.
[2024-12-05T07:16:05.471+0000] {OBT_file_processing.py:50} INFO - Inserted batch of 1000 documents.
[2024-12-05T07:16:08.500+0000] {OBT_file_processing.py:50} INFO - Inserted batch of 1000 documents.
[2024-12-05T07:16:10.442+0000] {OBT_file_processing.py:50} INFO - Inserted batch of 1000 documents.
[2024-12-05T07:16:11.438+0000] {OBT_file_processing.py:50} INFO - Inserted batch of 1000 documents.
[2024-12-05T07:16:12.466+0000] {OBT_file_processing.py:50} INFO - Inserted batch of 1000 documents.
[2024-12-05T07:16:15.464+0000] {OBT_file_processing.py:50} INFO - Inserted batch of 1000 documents.
[2024-12-05T07:16:18.529+0000] {OBT_file_processing.py:50} INFO - Inserted batch of 1000 documents.
[2024-12-05T07:16:20.455+0000] {OBT_file_processing.py:50} INFO - Inserted batch of 1000 documents.
[2024-12-05T07:16:22.479+0000] {OBT_file_processing.py:50} INFO - Inserted batch of 1000 documents.
[2024-12-05T07:16:23.547+0000] {OBT_file_processing.py:50} INFO - Inserted batch of 1000 documents.
[2024-12-05T07:16:27.541+0000] {OBT_file_processing.py:50} INFO - Inserted batch of 1000 documents.
[2024-12-05T07:16:30.578+0000] {OBT_file_processing.py:50} INFO - Inserted batch of 1000 documents.
[2024-12-05T07:16:32.455+0000] {OBT_file_processing.py:50} INFO - Inserted batch of 1000 documents.
[2024-12-05T07:16:33.485+0000] {OBT_file_processing.py:50} INFO - Inserted batch of 1000 documents.
[2024-12-05T07:16:35.485+0000] {OBT_file_processing.py:50} INFO - Inserted batch of 1000 documents.
[2024-12-05T07:16:36.465+0000] {OBT_file_processing.py:50} INFO - Inserted batch of 1000 documents.
[2024-12-05T07:16:40.505+0000] {OBT_file_processing.py:50} INFO - Inserted batch of 1000 documents.
[2024-12-05T07:16:43.378+0000] {OBT_file_processing.py:50} INFO - Inserted batch of 1000 documents.
[2024-12-05T07:16:44.394+0000] {OBT_file_processing.py:50} INFO - Inserted batch of 1000 documents.
[2024-12-05T07:16:47.427+0000] {OBT_file_processing.py:50} INFO - Inserted batch of 1000 documents.
[2024-12-05T07:16:49.415+0000] {OBT_file_processing.py:50} INFO - Inserted batch of 1000 documents.
[2024-12-05T07:16:51.370+0000] {OBT_file_processing.py:50} INFO - Inserted batch of 465 documents.
[2024-12-05T07:16:53.354+0000] {OBT_file_processing.py:50} INFO - Inserted batch of 261 documents.
[2024-12-05T07:16:54.350+0000] {OBT_file_processing.py:50} INFO - Inserted batch of 88 documents.
[2024-12-05T07:16:54.354+0000] {OBT_file_processing.py:111} INFO - ETL process completed successfully.
[2024-12-05T07:16:54.663+0000] {python.py:183} INFO - Done. Returned value was: None
[2024-12-05T07:16:54.727+0000] {taskinstance.py:1350} INFO - Marking task as SUCCESS. dag_id=obt_file_processing, task_id=etl_process_obt, execution_date=20241205T071334, start_date=20241205T071340, end_date=20241205T071654
[2024-12-05T07:16:54.822+0000] {local_task_job_runner.py:225} INFO - Task exited with return code 0
[2024-12-05T07:16:54.939+0000] {taskinstance.py:2653} INFO - 0 downstream tasks scheduled from follow-on schedule check
