[2025-01-07T07:39:17.371+0000] {taskinstance.py:1103} INFO - Dependencies all met for dep_context=non-requeueable deps ti=<TaskInstance: obt_file_processing.delete_outlet_data manual__2025-01-07T07:39:14.521920+00:00 [queued]>
[2025-01-07T07:39:17.375+0000] {taskinstance.py:1103} INFO - Dependencies all met for dep_context=requeueable deps ti=<TaskInstance: obt_file_processing.delete_outlet_data manual__2025-01-07T07:39:14.521920+00:00 [queued]>
[2025-01-07T07:39:17.375+0000] {taskinstance.py:1308} INFO - Starting attempt 1 of 2
[2025-01-07T07:39:17.381+0000] {taskinstance.py:1327} INFO - Executing <Task(PythonOperator): delete_outlet_data> on 2025-01-07 07:39:14.521920+00:00
[2025-01-07T07:39:17.387+0000] {standard_task_runner.py:57} INFO - Started process 392 to run task
[2025-01-07T07:39:17.390+0000] {standard_task_runner.py:84} INFO - Running: ['***', 'tasks', 'run', 'obt_file_processing', 'delete_outlet_data', 'manual__2025-01-07T07:39:14.521920+00:00', '--job-id', '279', '--raw', '--subdir', 'DAGS_FOLDER/OBT_file_processing.py', '--cfg-path', '/tmp/tmphg3s9hm8']
[2025-01-07T07:39:17.390+0000] {standard_task_runner.py:85} INFO - Job 279: Subtask delete_outlet_data
[2025-01-07T07:39:17.431+0000] {task_command.py:410} INFO - Running <TaskInstance: obt_file_processing.delete_outlet_data manual__2025-01-07T07:39:14.521920+00:00 [running]> on host 8fff7f1050bf
[2025-01-07T07:39:17.476+0000] {taskinstance.py:1547} INFO - Exporting env vars: AIRFLOW_CTX_DAG_OWNER='***' AIRFLOW_CTX_DAG_ID='obt_file_processing' AIRFLOW_CTX_TASK_ID='delete_outlet_data' AIRFLOW_CTX_EXECUTION_DATE='2025-01-07T07:39:14.521920+00:00' AIRFLOW_CTX_TRY_NUMBER='1' AIRFLOW_CTX_DAG_RUN_ID='manual__2025-01-07T07:39:14.521920+00:00'
[2025-01-07T07:39:22.035+0000] {OBT_file_processing.py:49} INFO - Deleted 38465 documents from obt_restaurant collection.
[2025-01-07T07:39:23.087+0000] {OBT_file_processing.py:49} INFO - Deleted 261 documents from obt_roomservice collection.
[2025-01-07T07:39:24.073+0000] {OBT_file_processing.py:49} INFO - Deleted 88 documents from obt_banquet collection.
[2025-01-07T07:39:26.112+0000] {OBT_file_processing.py:49} INFO - Deleted 9439 documents from obt_restaurant_sales collection.
[2025-01-07T07:39:26.154+0000] {OBT_file_processing.py:49} INFO - Deleted 83 documents from obt_roomservice_sales collection.
[2025-01-07T07:39:26.192+0000] {OBT_file_processing.py:49} INFO - Deleted 29 documents from obt_banquet_sales collection.
[2025-01-07T07:39:26.192+0000] {OBT_file_processing.py:51} INFO - Deleted documents from outlet collections.
[2025-01-07T07:39:26.196+0000] {python.py:183} INFO - Done. Returned value was: None
[2025-01-07T07:39:26.218+0000] {taskinstance.py:1350} INFO - Marking task as SUCCESS. dag_id=obt_file_processing, task_id=delete_outlet_data, execution_date=20250107T073914, start_date=20250107T073917, end_date=20250107T073926
[2025-01-07T07:39:26.274+0000] {local_task_job_runner.py:225} INFO - Task exited with return code 0
[2025-01-07T07:39:26.308+0000] {taskinstance.py:2653} INFO - 1 downstream tasks scheduled from follow-on schedule check
