[2025-01-07T09:39:52.144+0000] {taskinstance.py:1103} INFO - Dependencies all met for dep_context=non-requeueable deps ti=<TaskInstance: obt_file_processing.etl_process_obt manual__2025-01-07T09:39:48.112419+00:00 [queued]>
[2025-01-07T09:39:52.149+0000] {taskinstance.py:1103} INFO - Dependencies all met for dep_context=requeueable deps ti=<TaskInstance: obt_file_processing.etl_process_obt manual__2025-01-07T09:39:48.112419+00:00 [queued]>
[2025-01-07T09:39:52.150+0000] {taskinstance.py:1308} INFO - Starting attempt 1 of 2
[2025-01-07T09:39:52.163+0000] {taskinstance.py:1327} INFO - Executing <Task(PythonOperator): etl_process_obt> on 2025-01-07 09:39:48.112419+00:00
[2025-01-07T09:39:52.179+0000] {standard_task_runner.py:57} INFO - Started process 889 to run task
[2025-01-07T09:39:52.186+0000] {standard_task_runner.py:84} INFO - Running: ['***', 'tasks', 'run', 'obt_file_processing', 'etl_process_obt', 'manual__2025-01-07T09:39:48.112419+00:00', '--job-id', '329', '--raw', '--subdir', 'DAGS_FOLDER/OBT_file_processing.py', '--cfg-path', '/tmp/tmpksizg5cw']
[2025-01-07T09:39:52.187+0000] {standard_task_runner.py:85} INFO - Job 329: Subtask etl_process_obt
[2025-01-07T09:39:52.241+0000] {task_command.py:410} INFO - Running <TaskInstance: obt_file_processing.etl_process_obt manual__2025-01-07T09:39:48.112419+00:00 [running]> on host 8fff7f1050bf
[2025-01-07T09:39:52.293+0000] {taskinstance.py:1547} INFO - Exporting env vars: AIRFLOW_CTX_DAG_OWNER='***' AIRFLOW_CTX_DAG_ID='obt_file_processing' AIRFLOW_CTX_TASK_ID='etl_process_obt' AIRFLOW_CTX_EXECUTION_DATE='2025-01-07T09:39:48.112419+00:00' AIRFLOW_CTX_TRY_NUMBER='1' AIRFLOW_CTX_DAG_RUN_ID='manual__2025-01-07T09:39:48.112419+00:00'
[2025-01-07T09:40:01.177+0000] {OBT_file_processing.py:60} INFO - Inserted batch of 1000 documents.
[2025-01-07T09:40:04.141+0000] {OBT_file_processing.py:60} INFO - Inserted batch of 1000 documents.
[2025-01-07T09:40:05.113+0000] {OBT_file_processing.py:60} INFO - Inserted batch of 1000 documents.
[2025-01-07T09:40:06.105+0000] {OBT_file_processing.py:60} INFO - Inserted batch of 1000 documents.
[2025-01-07T09:40:07.107+0000] {OBT_file_processing.py:60} INFO - Inserted batch of 1000 documents.
[2025-01-07T09:40:10.118+0000] {OBT_file_processing.py:60} INFO - Inserted batch of 1000 documents.
[2025-01-07T09:40:11.098+0000] {OBT_file_processing.py:60} INFO - Inserted batch of 1000 documents.
[2025-01-07T09:40:12.105+0000] {OBT_file_processing.py:60} INFO - Inserted batch of 1000 documents.
[2025-01-07T09:40:13.143+0000] {OBT_file_processing.py:60} INFO - Inserted batch of 1000 documents.
[2025-01-07T09:40:14.106+0000] {OBT_file_processing.py:60} INFO - Inserted batch of 1000 documents.
[2025-01-07T09:40:15.098+0000] {OBT_file_processing.py:60} INFO - Inserted batch of 1000 documents.
[2025-01-07T09:40:16.112+0000] {OBT_file_processing.py:60} INFO - Inserted batch of 1000 documents.
[2025-01-07T09:40:17.090+0000] {OBT_file_processing.py:60} INFO - Inserted batch of 1000 documents.
[2025-01-07T09:40:18.110+0000] {OBT_file_processing.py:60} INFO - Inserted batch of 1000 documents.
[2025-01-07T09:40:22.124+0000] {OBT_file_processing.py:60} INFO - Inserted batch of 1000 documents.
[2025-01-07T09:40:23.141+0000] {OBT_file_processing.py:60} INFO - Inserted batch of 1000 documents.
[2025-01-07T09:40:26.154+0000] {OBT_file_processing.py:60} INFO - Inserted batch of 1000 documents.
[2025-01-07T09:40:27.164+0000] {OBT_file_processing.py:60} INFO - Inserted batch of 1000 documents.
[2025-01-07T09:40:28.134+0000] {OBT_file_processing.py:60} INFO - Inserted batch of 1000 documents.
[2025-01-07T09:40:29.146+0000] {OBT_file_processing.py:60} INFO - Inserted batch of 1000 documents.
[2025-01-07T09:40:32.129+0000] {OBT_file_processing.py:60} INFO - Inserted batch of 1000 documents.
[2025-01-07T09:40:35.146+0000] {OBT_file_processing.py:60} INFO - Inserted batch of 1000 documents.
[2025-01-07T09:40:38.137+0000] {OBT_file_processing.py:60} INFO - Inserted batch of 1000 documents.
[2025-01-07T09:40:41.250+0000] {OBT_file_processing.py:60} INFO - Inserted batch of 1000 documents.
[2025-01-07T09:40:42.140+0000] {OBT_file_processing.py:60} INFO - Inserted batch of 1000 documents.
[2025-01-07T09:40:43.162+0000] {OBT_file_processing.py:60} INFO - Inserted batch of 1000 documents.
[2025-01-07T09:40:44.128+0000] {OBT_file_processing.py:60} INFO - Inserted batch of 1000 documents.
[2025-01-07T09:40:46.128+0000] {OBT_file_processing.py:60} INFO - Inserted batch of 1000 documents.
[2025-01-07T09:40:47.152+0000] {OBT_file_processing.py:60} INFO - Inserted batch of 1000 documents.
[2025-01-07T09:40:49.124+0000] {OBT_file_processing.py:60} INFO - Inserted batch of 1000 documents.
[2025-01-07T09:40:50.145+0000] {OBT_file_processing.py:60} INFO - Inserted batch of 1000 documents.
[2025-01-07T09:40:51.120+0000] {OBT_file_processing.py:60} INFO - Inserted batch of 1000 documents.
[2025-01-07T09:40:52.142+0000] {OBT_file_processing.py:60} INFO - Inserted batch of 1000 documents.
[2025-01-07T09:40:53.156+0000] {OBT_file_processing.py:60} INFO - Inserted batch of 1000 documents.
[2025-01-07T09:40:54.166+0000] {OBT_file_processing.py:60} INFO - Inserted batch of 1000 documents.
[2025-01-07T09:40:55.139+0000] {OBT_file_processing.py:60} INFO - Inserted batch of 1000 documents.
[2025-01-07T09:40:59.134+0000] {OBT_file_processing.py:60} INFO - Inserted batch of 1000 documents.
[2025-01-07T09:41:00.219+0000] {OBT_file_processing.py:60} INFO - Inserted batch of 1000 documents.
[2025-01-07T09:41:01.108+0000] {OBT_file_processing.py:60} INFO - Inserted batch of 814 documents.
[2025-01-07T09:41:03.123+0000] {OBT_file_processing.py:60} INFO - Inserted batch of 1000 documents.
[2025-01-07T09:41:06.161+0000] {OBT_file_processing.py:60} INFO - Inserted batch of 1000 documents.
[2025-01-07T09:41:09.139+0000] {OBT_file_processing.py:60} INFO - Inserted batch of 1000 documents.
[2025-01-07T09:41:10.151+0000] {OBT_file_processing.py:60} INFO - Inserted batch of 1000 documents.
[2025-01-07T09:41:11.143+0000] {OBT_file_processing.py:60} INFO - Inserted batch of 1000 documents.
[2025-01-07T09:41:12.115+0000] {OBT_file_processing.py:60} INFO - Inserted batch of 1000 documents.
[2025-01-07T09:41:13.173+0000] {OBT_file_processing.py:60} INFO - Inserted batch of 1000 documents.
[2025-01-07T09:41:16.239+0000] {OBT_file_processing.py:60} INFO - Inserted batch of 1000 documents.
[2025-01-07T09:41:17.156+0000] {OBT_file_processing.py:60} INFO - Inserted batch of 1000 documents.
[2025-01-07T09:41:18.141+0000] {OBT_file_processing.py:60} INFO - Inserted batch of 1000 documents.
[2025-01-07T09:41:20.123+0000] {OBT_file_processing.py:60} INFO - Inserted batch of 1000 documents.
[2025-01-07T09:41:21.142+0000] {OBT_file_processing.py:60} INFO - Inserted batch of 1000 documents.
[2025-01-07T09:41:22.140+0000] {OBT_file_processing.py:60} INFO - Inserted batch of 1000 documents.
[2025-01-07T09:41:23.206+0000] {OBT_file_processing.py:60} INFO - Inserted batch of 1000 documents.
[2025-01-07T09:41:24.127+0000] {OBT_file_processing.py:60} INFO - Inserted batch of 1000 documents.
[2025-01-07T09:41:25.139+0000] {OBT_file_processing.py:60} INFO - Inserted batch of 1000 documents.
[2025-01-07T09:41:26.121+0000] {OBT_file_processing.py:60} INFO - Inserted batch of 1000 documents.
[2025-01-07T09:41:27.151+0000] {OBT_file_processing.py:60} INFO - Inserted batch of 1000 documents.
[2025-01-07T09:41:31.142+0000] {OBT_file_processing.py:60} INFO - Inserted batch of 1000 documents.
[2025-01-07T09:41:33.163+0000] {OBT_file_processing.py:60} INFO - Inserted batch of 1000 documents.
[2025-01-07T09:41:34.124+0000] {OBT_file_processing.py:60} INFO - Inserted batch of 1000 documents.
[2025-01-07T09:41:35.225+0000] {OBT_file_processing.py:60} INFO - Inserted batch of 1000 documents.
[2025-01-07T09:41:36.139+0000] {OBT_file_processing.py:60} INFO - Inserted batch of 1000 documents.
[2025-01-07T09:41:40.204+0000] {OBT_file_processing.py:60} INFO - Inserted batch of 1000 documents.
[2025-01-07T09:41:41.133+0000] {OBT_file_processing.py:60} INFO - Inserted batch of 1000 documents.
[2025-01-07T09:41:42.151+0000] {OBT_file_processing.py:60} INFO - Inserted batch of 1000 documents.
[2025-01-07T09:41:45.166+0000] {OBT_file_processing.py:60} INFO - Inserted batch of 1000 documents.
[2025-01-07T09:41:46.135+0000] {OBT_file_processing.py:60} INFO - Inserted batch of 1000 documents.
[2025-01-07T09:41:47.158+0000] {OBT_file_processing.py:60} INFO - Inserted batch of 1000 documents.
[2025-01-07T09:41:49.210+0000] {OBT_file_processing.py:60} INFO - Inserted batch of 1000 documents.
[2025-01-07T09:41:50.148+0000] {OBT_file_processing.py:60} INFO - Inserted batch of 1000 documents.
[2025-01-07T09:41:53.133+0000] {OBT_file_processing.py:60} INFO - Inserted batch of 1000 documents.
[2025-01-07T09:41:55.153+0000] {OBT_file_processing.py:60} INFO - Inserted batch of 1000 documents.
[2025-01-07T09:41:57.129+0000] {OBT_file_processing.py:60} INFO - Inserted batch of 1000 documents.
[2025-01-07T09:41:58.177+0000] {OBT_file_processing.py:60} INFO - Inserted batch of 1000 documents.
[2025-01-07T09:41:59.186+0000] {OBT_file_processing.py:60} INFO - Inserted batch of 1000 documents.
[2025-01-07T09:42:00.137+0000] {OBT_file_processing.py:60} INFO - Inserted batch of 1000 documents.
[2025-01-07T09:42:02.136+0000] {OBT_file_processing.py:60} INFO - Inserted batch of 1000 documents.
[2025-01-07T09:42:03.128+0000] {OBT_file_processing.py:60} INFO - Inserted batch of 465 documents.
[2025-01-07T09:42:04.142+0000] {OBT_file_processing.py:60} INFO - Inserted batch of 261 documents.
[2025-01-07T09:42:05.163+0000] {OBT_file_processing.py:60} INFO - Inserted batch of 88 documents.
[2025-01-07T09:42:05.165+0000] {OBT_file_processing.py:119} INFO - ETL process completed successfully.
[2025-01-07T09:42:05.447+0000] {python.py:183} INFO - Done. Returned value was: None
[2025-01-07T09:42:05.468+0000] {taskinstance.py:1350} INFO - Marking task as SUCCESS. dag_id=obt_file_processing, task_id=etl_process_obt, execution_date=20250107T093948, start_date=20250107T093952, end_date=20250107T094205
[2025-01-07T09:42:05.561+0000] {local_task_job_runner.py:225} INFO - Task exited with return code 0
[2025-01-07T09:42:05.601+0000] {taskinstance.py:2653} INFO - 1 downstream tasks scheduled from follow-on schedule check
