[2024-12-05T08:27:43.418+0000] {taskinstance.py:1103} INFO - Dependencies all met for dep_context=non-requeueable deps ti=<TaskInstance: obt_file_processing.etl_billNumber manual__2024-12-05T08:23:07.141761+00:00 [queued]>
[2024-12-05T08:27:43.441+0000] {taskinstance.py:1103} INFO - Dependencies all met for dep_context=requeueable deps ti=<TaskInstance: obt_file_processing.etl_billNumber manual__2024-12-05T08:23:07.141761+00:00 [queued]>
[2024-12-05T08:27:43.442+0000] {taskinstance.py:1308} INFO - Starting attempt 1 of 2
[2024-12-05T08:27:43.471+0000] {taskinstance.py:1327} INFO - Executing <Task(PythonOperator): etl_billNumber> on 2024-12-05 08:23:07.141761+00:00
[2024-12-05T08:27:43.650+0000] {standard_task_runner.py:57} INFO - Started process 261 to run task
[2024-12-05T08:27:43.720+0000] {standard_task_runner.py:84} INFO - Running: ['***', 'tasks', 'run', 'obt_file_processing', 'etl_billNumber', 'manual__2024-12-05T08:23:07.141761+00:00', '--job-id', '163', '--raw', '--subdir', 'DAGS_FOLDER/OBT_file_processing.py', '--cfg-path', '/tmp/tmpnu_j9xdb']
[2024-12-05T08:27:43.756+0000] {standard_task_runner.py:85} INFO - Job 163: Subtask etl_billNumber
[2024-12-05T08:27:44.200+0000] {task_command.py:410} INFO - Running <TaskInstance: obt_file_processing.etl_billNumber manual__2024-12-05T08:23:07.141761+00:00 [running]> on host effe9442f8f2
[2024-12-05T08:27:44.439+0000] {taskinstance.py:1547} INFO - Exporting env vars: AIRFLOW_CTX_DAG_OWNER='***' AIRFLOW_CTX_DAG_ID='obt_file_processing' AIRFLOW_CTX_TASK_ID='etl_billNumber' AIRFLOW_CTX_EXECUTION_DATE='2024-12-05T08:23:07.141761+00:00' AIRFLOW_CTX_TRY_NUMBER='1' AIRFLOW_CTX_DAG_RUN_ID='manual__2024-12-05T08:23:07.141761+00:00'
[2024-12-05T08:28:10.988+0000] {OBT_file_processing.py:53} INFO - Inserted batch of 1000 documents.
[2024-12-05T08:28:13.994+0000] {OBT_file_processing.py:53} INFO - Inserted batch of 1000 documents.
[2024-12-05T08:28:16.976+0000] {OBT_file_processing.py:53} INFO - Inserted batch of 1000 documents.
[2024-12-05T08:28:19.999+0000] {OBT_file_processing.py:53} INFO - Inserted batch of 1000 documents.
[2024-12-05T08:28:23.070+0000] {OBT_file_processing.py:53} INFO - Inserted batch of 1000 documents.
[2024-12-05T08:28:25.012+0000] {OBT_file_processing.py:53} INFO - Inserted batch of 1000 documents.
[2024-12-05T08:28:27.985+0000] {OBT_file_processing.py:53} INFO - Inserted batch of 1000 documents.
[2024-12-05T08:28:30.999+0000] {OBT_file_processing.py:53} INFO - Inserted batch of 1000 documents.
[2024-12-05T08:28:34.030+0000] {OBT_file_processing.py:53} INFO - Inserted batch of 1000 documents.
[2024-12-05T08:28:35.108+0000] {OBT_file_processing.py:53} INFO - Inserted batch of 439 documents.
[2024-12-05T08:28:36.961+0000] {OBT_file_processing.py:53} INFO - Inserted batch of 83 documents.
[2024-12-05T08:28:37.146+0000] {OBT_file_processing.py:53} INFO - Inserted batch of 29 documents.
[2024-12-05T08:28:37.176+0000] {python.py:183} INFO - Done. Returned value was: None
[2024-12-05T08:28:37.320+0000] {taskinstance.py:1350} INFO - Marking task as SUCCESS. dag_id=obt_file_processing, task_id=etl_billNumber, execution_date=20241205T082307, start_date=20241205T082743, end_date=20241205T082837
[2024-12-05T08:28:37.488+0000] {local_task_job_runner.py:225} INFO - Task exited with return code 0
[2024-12-05T08:28:37.590+0000] {taskinstance.py:2653} INFO - 0 downstream tasks scheduled from follow-on schedule check
