[2024-12-03T15:58:56.549+0000] {taskinstance.py:1103} INFO - Dependencies all met for dep_context=non-requeueable deps ti=<TaskInstance: obt_file_processing.etl_process_obt manual__2024-12-03T15:58:50.909476+00:00 [queued]>
[2024-12-03T15:58:56.555+0000] {taskinstance.py:1103} INFO - Dependencies all met for dep_context=requeueable deps ti=<TaskInstance: obt_file_processing.etl_process_obt manual__2024-12-03T15:58:50.909476+00:00 [queued]>
[2024-12-03T15:58:56.555+0000] {taskinstance.py:1308} INFO - Starting attempt 1 of 2
[2024-12-03T15:58:56.571+0000] {taskinstance.py:1327} INFO - Executing <Task(PythonOperator): etl_process_obt> on 2024-12-03 15:58:50.909476+00:00
[2024-12-03T15:58:56.579+0000] {standard_task_runner.py:57} INFO - Started process 73 to run task
[2024-12-03T15:58:56.585+0000] {standard_task_runner.py:84} INFO - Running: ['***', 'tasks', 'run', 'obt_file_processing', 'etl_process_obt', 'manual__2024-12-03T15:58:50.909476+00:00', '--job-id', '3', '--raw', '--subdir', 'DAGS_FOLDER/OBT_file_processing.py', '--cfg-path', '/tmp/tmpv3e_2v_f']
[2024-12-03T15:58:56.586+0000] {standard_task_runner.py:85} INFO - Job 3: Subtask etl_process_obt
[2024-12-03T15:58:56.647+0000] {task_command.py:410} INFO - Running <TaskInstance: obt_file_processing.etl_process_obt manual__2024-12-03T15:58:50.909476+00:00 [running]> on host effe9442f8f2
[2024-12-03T15:58:56.707+0000] {taskinstance.py:1547} INFO - Exporting env vars: AIRFLOW_CTX_DAG_OWNER='***' AIRFLOW_CTX_DAG_ID='obt_file_processing' AIRFLOW_CTX_TASK_ID='etl_process_obt' AIRFLOW_CTX_EXECUTION_DATE='2024-12-03T15:58:50.909476+00:00' AIRFLOW_CTX_TRY_NUMBER='1' AIRFLOW_CTX_DAG_RUN_ID='manual__2024-12-03T15:58:50.909476+00:00'
[2024-12-03T15:59:06.453+0000] {OBT_file_processing.py:50} INFO - Inserted batch of 1000 documents.
[2024-12-03T15:59:09.427+0000] {OBT_file_processing.py:50} INFO - Inserted batch of 1000 documents.
[2024-12-03T15:59:13.423+0000] {OBT_file_processing.py:50} INFO - Inserted batch of 1000 documents.
[2024-12-03T15:59:14.431+0000] {OBT_file_processing.py:50} INFO - Inserted batch of 1000 documents.
[2024-12-03T15:59:15.436+0000] {OBT_file_processing.py:50} INFO - Inserted batch of 1000 documents.
[2024-12-03T15:59:16.420+0000] {OBT_file_processing.py:50} INFO - Inserted batch of 1000 documents.
[2024-12-03T15:59:20.561+0000] {OBT_file_processing.py:50} INFO - Inserted batch of 1000 documents.
[2024-12-03T15:59:23.453+0000] {OBT_file_processing.py:50} INFO - Inserted batch of 1000 documents.
[2024-12-03T15:59:26.472+0000] {OBT_file_processing.py:50} INFO - Inserted batch of 1000 documents.
[2024-12-03T15:59:28.425+0000] {OBT_file_processing.py:50} INFO - Inserted batch of 1000 documents.
[2024-12-03T15:59:30.441+0000] {OBT_file_processing.py:50} INFO - Inserted batch of 1000 documents.
[2024-12-03T15:59:33.457+0000] {OBT_file_processing.py:50} INFO - Inserted batch of 1000 documents.
[2024-12-03T15:59:36.431+0000] {OBT_file_processing.py:50} INFO - Inserted batch of 1000 documents.
[2024-12-03T15:59:39.525+0000] {OBT_file_processing.py:50} INFO - Inserted batch of 1000 documents.
[2024-12-03T15:59:42.476+0000] {OBT_file_processing.py:50} INFO - Inserted batch of 1000 documents.
[2024-12-03T15:59:45.482+0000] {OBT_file_processing.py:50} INFO - Inserted batch of 1000 documents.
[2024-12-03T15:59:46.462+0000] {OBT_file_processing.py:50} INFO - Inserted batch of 1000 documents.
[2024-12-03T15:59:47.454+0000] {OBT_file_processing.py:50} INFO - Inserted batch of 1000 documents.
[2024-12-03T15:59:48.457+0000] {OBT_file_processing.py:50} INFO - Inserted batch of 1000 documents.
[2024-12-03T15:59:52.462+0000] {OBT_file_processing.py:50} INFO - Inserted batch of 1000 documents.
[2024-12-03T15:59:55.438+0000] {OBT_file_processing.py:50} INFO - Inserted batch of 1000 documents.
[2024-12-03T15:59:57.435+0000] {OBT_file_processing.py:50} INFO - Inserted batch of 1000 documents.
[2024-12-03T15:59:58.543+0000] {OBT_file_processing.py:50} INFO - Inserted batch of 1000 documents.
[2024-12-03T16:00:00.433+0000] {OBT_file_processing.py:50} INFO - Inserted batch of 1000 documents.
[2024-12-03T16:00:01.504+0000] {OBT_file_processing.py:50} INFO - Inserted batch of 1000 documents.
[2024-12-03T16:00:02.453+0000] {OBT_file_processing.py:50} INFO - Inserted batch of 1000 documents.
[2024-12-03T16:00:05.501+0000] {OBT_file_processing.py:50} INFO - Inserted batch of 1000 documents.
[2024-12-03T16:00:07.460+0000] {OBT_file_processing.py:50} INFO - Inserted batch of 1000 documents.
[2024-12-03T16:00:08.489+0000] {OBT_file_processing.py:50} INFO - Inserted batch of 1000 documents.
[2024-12-03T16:00:09.494+0000] {OBT_file_processing.py:50} INFO - Inserted batch of 1000 documents.
[2024-12-03T16:00:10.515+0000] {OBT_file_processing.py:50} INFO - Inserted batch of 1000 documents.
[2024-12-03T16:00:12.455+0000] {OBT_file_processing.py:50} INFO - Inserted batch of 1000 documents.
[2024-12-03T16:00:13.452+0000] {OBT_file_processing.py:50} INFO - Inserted batch of 1000 documents.
[2024-12-03T16:00:14.494+0000] {OBT_file_processing.py:50} INFO - Inserted batch of 1000 documents.
[2024-12-03T16:00:15.445+0000] {OBT_file_processing.py:50} INFO - Inserted batch of 1000 documents.
[2024-12-03T16:00:16.477+0000] {OBT_file_processing.py:50} INFO - Inserted batch of 1000 documents.
[2024-12-03T16:00:17.488+0000] {OBT_file_processing.py:50} INFO - Inserted batch of 1000 documents.
[2024-12-03T16:00:18.448+0000] {OBT_file_processing.py:50} INFO - Inserted batch of 1000 documents.
[2024-12-03T16:00:19.454+0000] {OBT_file_processing.py:50} INFO - Inserted batch of 814 documents.
[2024-12-03T16:00:23.481+0000] {OBT_file_processing.py:50} INFO - Inserted batch of 1000 documents.
[2024-12-03T16:00:24.458+0000] {OBT_file_processing.py:50} INFO - Inserted batch of 1000 documents.
[2024-12-03T16:00:27.476+0000] {OBT_file_processing.py:50} INFO - Inserted batch of 1000 documents.
[2024-12-03T16:00:30.482+0000] {OBT_file_processing.py:50} INFO - Inserted batch of 1000 documents.
[2024-12-03T16:00:31.454+0000] {OBT_file_processing.py:50} INFO - Inserted batch of 1000 documents.
[2024-12-03T16:00:32.536+0000] {OBT_file_processing.py:50} INFO - Inserted batch of 1000 documents.
[2024-12-03T16:00:33.474+0000] {OBT_file_processing.py:50} INFO - Inserted batch of 1000 documents.
[2024-12-03T16:00:34.477+0000] {OBT_file_processing.py:50} INFO - Inserted batch of 1000 documents.
[2024-12-03T16:00:35.473+0000] {OBT_file_processing.py:50} INFO - Inserted batch of 1000 documents.
[2024-12-03T16:00:36.541+0000] {OBT_file_processing.py:50} INFO - Inserted batch of 1000 documents.
[2024-12-03T16:00:37.452+0000] {OBT_file_processing.py:50} INFO - Inserted batch of 1000 documents.
[2024-12-03T16:00:38.468+0000] {OBT_file_processing.py:50} INFO - Inserted batch of 1000 documents.
[2024-12-03T16:00:41.463+0000] {OBT_file_processing.py:50} INFO - Inserted batch of 1000 documents.
[2024-12-03T16:00:43.505+0000] {OBT_file_processing.py:50} INFO - Inserted batch of 1000 documents.
[2024-12-03T16:00:45.558+0000] {OBT_file_processing.py:50} INFO - Inserted batch of 1000 documents.
[2024-12-03T16:00:47.513+0000] {OBT_file_processing.py:50} INFO - Inserted batch of 1000 documents.
[2024-12-03T16:00:50.494+0000] {OBT_file_processing.py:50} INFO - Inserted batch of 1000 documents.
[2024-12-03T16:00:51.584+0000] {OBT_file_processing.py:50} INFO - Inserted batch of 1000 documents.
[2024-12-03T16:00:52.463+0000] {OBT_file_processing.py:50} INFO - Inserted batch of 1000 documents.
[2024-12-03T16:00:55.564+0000] {OBT_file_processing.py:50} INFO - Inserted batch of 1000 documents.
[2024-12-03T16:00:56.500+0000] {OBT_file_processing.py:50} INFO - Inserted batch of 1000 documents.
[2024-12-03T16:00:57.509+0000] {OBT_file_processing.py:50} INFO - Inserted batch of 1000 documents.
[2024-12-03T16:00:58.574+0000] {OBT_file_processing.py:50} INFO - Inserted batch of 1000 documents.
[2024-12-03T16:00:59.613+0000] {OBT_file_processing.py:50} INFO - Inserted batch of 1000 documents.
[2024-12-03T16:01:01.518+0000] {OBT_file_processing.py:50} INFO - Inserted batch of 1000 documents.
[2024-12-03T16:01:02.539+0000] {OBT_file_processing.py:50} INFO - Inserted batch of 1000 documents.
[2024-12-03T16:01:04.484+0000] {OBT_file_processing.py:50} INFO - Inserted batch of 1000 documents.
[2024-12-03T16:01:06.507+0000] {OBT_file_processing.py:50} INFO - Inserted batch of 1000 documents.
[2024-12-03T16:01:10.506+0000] {OBT_file_processing.py:50} INFO - Inserted batch of 1000 documents.
[2024-12-03T16:01:14.648+0000] {OBT_file_processing.py:50} INFO - Inserted batch of 1000 documents.
[2024-12-03T16:01:16.557+0000] {OBT_file_processing.py:50} INFO - Inserted batch of 1000 documents.
[2024-12-03T16:01:17.523+0000] {OBT_file_processing.py:50} INFO - Inserted batch of 1000 documents.
[2024-12-03T16:01:18.541+0000] {OBT_file_processing.py:50} INFO - Inserted batch of 1000 documents.
[2024-12-03T16:01:21.562+0000] {OBT_file_processing.py:50} INFO - Inserted batch of 1000 documents.
[2024-12-03T16:01:22.544+0000] {OBT_file_processing.py:50} INFO - Inserted batch of 1000 documents.
[2024-12-03T16:01:23.511+0000] {OBT_file_processing.py:50} INFO - Inserted batch of 1000 documents.
[2024-12-03T16:01:24.544+0000] {OBT_file_processing.py:50} INFO - Inserted batch of 1000 documents.
[2024-12-03T16:01:25.532+0000] {OBT_file_processing.py:50} INFO - Inserted batch of 1000 documents.
[2024-12-03T16:01:27.502+0000] {OBT_file_processing.py:50} INFO - Inserted batch of 465 documents.
[2024-12-03T16:01:28.498+0000] {OBT_file_processing.py:50} INFO - Inserted batch of 261 documents.
[2024-12-03T16:01:30.607+0000] {OBT_file_processing.py:50} INFO - Inserted batch of 88 documents.
[2024-12-03T16:01:30.609+0000] {OBT_file_processing.py:111} INFO - ETL process completed successfully.
[2024-12-03T16:01:43.075+0000] {OBT_file_processing.py:129} INFO - Found 1 documents in the raw OBT collection.
[2024-12-03T16:02:05.769+0000] {OBT_file_processing.py:143} INFO - Inserted 38882 processed documents into etl_obt_data collection.
[2024-12-03T16:02:44.924+0000] {OBT_file_processing.py:163} INFO - Inserted 38521 documents into restaurant_bar_obt collection.
[2024-12-03T16:02:45.730+0000] {OBT_file_processing.py:167} INFO - Inserted 261 documents into room_service_obt collection.
[2024-12-03T16:02:47.872+0000] {OBT_file_processing.py:171} INFO - Inserted 100 documents into banquet_obt collection.
[2024-12-03T16:02:48.756+0000] {OBT_file_processing.py:173} INFO - ETL process completed successfully.
[2024-12-03T16:02:56.142+0000] {python.py:183} INFO - Done. Returned value was: None
[2024-12-03T16:02:56.869+0000] {taskinstance.py:1350} INFO - Marking task as SUCCESS. dag_id=obt_file_processing, task_id=etl_process_obt, execution_date=20241203T155850, start_date=20241203T155856, end_date=20241203T160256
[2024-12-03T16:02:57.452+0000] {local_task_job_runner.py:225} INFO - Task exited with return code 0
[2024-12-03T16:02:57.861+0000] {taskinstance.py:2653} INFO - 0 downstream tasks scheduled from follow-on schedule check
