[2024-12-03T16:07:31.881+0000] {taskinstance.py:1103} INFO - Dependencies all met for dep_context=non-requeueable deps ti=<TaskInstance: obt_file_processing.etl_process_obt manual__2024-12-03T16:07:12.128794+00:00 [queued]>
[2024-12-03T16:07:31.888+0000] {taskinstance.py:1103} INFO - Dependencies all met for dep_context=requeueable deps ti=<TaskInstance: obt_file_processing.etl_process_obt manual__2024-12-03T16:07:12.128794+00:00 [queued]>
[2024-12-03T16:07:31.888+0000] {taskinstance.py:1308} INFO - Starting attempt 1 of 2
[2024-12-03T16:07:31.899+0000] {taskinstance.py:1327} INFO - Executing <Task(PythonOperator): etl_process_obt> on 2024-12-03 16:07:12.128794+00:00
[2024-12-03T16:07:31.906+0000] {standard_task_runner.py:57} INFO - Started process 280 to run task
[2024-12-03T16:07:31.910+0000] {standard_task_runner.py:84} INFO - Running: ['***', 'tasks', 'run', 'obt_file_processing', 'etl_process_obt', 'manual__2024-12-03T16:07:12.128794+00:00', '--job-id', '23', '--raw', '--subdir', 'DAGS_FOLDER/OBT_file_processing.py', '--cfg-path', '/tmp/tmptr6wbtp3']
[2024-12-03T16:07:31.911+0000] {standard_task_runner.py:85} INFO - Job 23: Subtask etl_process_obt
[2024-12-03T16:07:31.961+0000] {task_command.py:410} INFO - Running <TaskInstance: obt_file_processing.etl_process_obt manual__2024-12-03T16:07:12.128794+00:00 [running]> on host effe9442f8f2
[2024-12-03T16:07:32.049+0000] {taskinstance.py:1547} INFO - Exporting env vars: AIRFLOW_CTX_DAG_OWNER='***' AIRFLOW_CTX_DAG_ID='obt_file_processing' AIRFLOW_CTX_TASK_ID='etl_process_obt' AIRFLOW_CTX_EXECUTION_DATE='2024-12-03T16:07:12.128794+00:00' AIRFLOW_CTX_TRY_NUMBER='1' AIRFLOW_CTX_DAG_RUN_ID='manual__2024-12-03T16:07:12.128794+00:00'
[2024-12-03T16:07:53.126+0000] {OBT_file_processing.py:50} INFO - Inserted batch of 1000 documents.
[2024-12-03T16:07:54.101+0000] {OBT_file_processing.py:50} INFO - Inserted batch of 1000 documents.
[2024-12-03T16:07:55.089+0000] {OBT_file_processing.py:50} INFO - Inserted batch of 1000 documents.
[2024-12-03T16:07:56.091+0000] {OBT_file_processing.py:50} INFO - Inserted batch of 1000 documents.
[2024-12-03T16:07:57.219+0000] {OBT_file_processing.py:50} INFO - Inserted batch of 1000 documents.
[2024-12-03T16:08:00.111+0000] {OBT_file_processing.py:50} INFO - Inserted batch of 1000 documents.
[2024-12-03T16:08:03.081+0000] {OBT_file_processing.py:50} INFO - Inserted batch of 1000 documents.
[2024-12-03T16:08:05.114+0000] {OBT_file_processing.py:50} INFO - Inserted batch of 1000 documents.
[2024-12-03T16:08:06.125+0000] {OBT_file_processing.py:50} INFO - Inserted batch of 1000 documents.
[2024-12-03T16:08:09.084+0000] {OBT_file_processing.py:50} INFO - Inserted batch of 1000 documents.
[2024-12-03T16:08:12.089+0000] {OBT_file_processing.py:50} INFO - Inserted batch of 1000 documents.
[2024-12-03T16:08:15.235+0000] {OBT_file_processing.py:50} INFO - Inserted batch of 1000 documents.
[2024-12-03T16:08:18.110+0000] {OBT_file_processing.py:50} INFO - Inserted batch of 1000 documents.
[2024-12-03T16:08:21.100+0000] {OBT_file_processing.py:50} INFO - Inserted batch of 1000 documents.
[2024-12-03T16:08:24.150+0000] {OBT_file_processing.py:50} INFO - Inserted batch of 1000 documents.
[2024-12-03T16:08:27.123+0000] {OBT_file_processing.py:50} INFO - Inserted batch of 1000 documents.
[2024-12-03T16:08:30.088+0000] {OBT_file_processing.py:50} INFO - Inserted batch of 1000 documents.
[2024-12-03T16:08:33.117+0000] {OBT_file_processing.py:50} INFO - Inserted batch of 1000 documents.
[2024-12-03T16:08:36.129+0000] {OBT_file_processing.py:50} INFO - Inserted batch of 1000 documents.
[2024-12-03T16:08:39.203+0000] {OBT_file_processing.py:50} INFO - Inserted batch of 1000 documents.
[2024-12-03T16:08:42.100+0000] {OBT_file_processing.py:50} INFO - Inserted batch of 1000 documents.
[2024-12-03T16:08:43.189+0000] {OBT_file_processing.py:50} INFO - Inserted batch of 1000 documents.
[2024-12-03T16:08:44.117+0000] {OBT_file_processing.py:50} INFO - Inserted batch of 1000 documents.
[2024-12-03T16:08:45.091+0000] {OBT_file_processing.py:50} INFO - Inserted batch of 1000 documents.
[2024-12-03T16:08:49.178+0000] {OBT_file_processing.py:50} INFO - Inserted batch of 1000 documents.
[2024-12-03T16:08:54.385+0000] {OBT_file_processing.py:50} INFO - Inserted batch of 1000 documents.
[2024-12-03T16:08:58.491+0000] {OBT_file_processing.py:50} INFO - Inserted batch of 1000 documents.
[2024-12-03T16:09:02.661+0000] {OBT_file_processing.py:50} INFO - Inserted batch of 1000 documents.
[2024-12-03T16:09:05.598+0000] {OBT_file_processing.py:50} INFO - Inserted batch of 1000 documents.
[2024-12-03T16:09:10.194+0000] {OBT_file_processing.py:50} INFO - Inserted batch of 1000 documents.
[2024-12-03T16:09:13.339+0000] {OBT_file_processing.py:50} INFO - Inserted batch of 1000 documents.
[2024-12-03T16:09:16.779+0000] {OBT_file_processing.py:50} INFO - Inserted batch of 1000 documents.
[2024-12-03T16:09:21.401+0000] {OBT_file_processing.py:50} INFO - Inserted batch of 1000 documents.
[2024-12-03T16:10:43.415+0000] {OBT_file_processing.py:50} INFO - Inserted batch of 1000 documents.
[2024-12-03T16:10:46.421+0000] {OBT_file_processing.py:50} INFO - Inserted batch of 1000 documents.
[2024-12-03T16:10:50.337+0000] {OBT_file_processing.py:50} INFO - Inserted batch of 1000 documents.
[2024-12-03T16:10:53.347+0000] {OBT_file_processing.py:50} INFO - Inserted batch of 1000 documents.
[2024-12-03T16:10:56.404+0000] {OBT_file_processing.py:50} INFO - Inserted batch of 1000 documents.
[2024-12-03T16:10:59.325+0000] {OBT_file_processing.py:50} INFO - Inserted batch of 814 documents.
[2024-12-03T16:11:09.664+0000] {OBT_file_processing.py:50} INFO - Inserted batch of 1000 documents.
[2024-12-03T16:11:12.748+0000] {OBT_file_processing.py:50} INFO - Inserted batch of 1000 documents.
[2024-12-03T16:11:15.829+0000] {OBT_file_processing.py:50} INFO - Inserted batch of 1000 documents.
[2024-12-03T16:11:18.693+0000] {OBT_file_processing.py:50} INFO - Inserted batch of 1000 documents.
[2024-12-03T16:11:21.691+0000] {OBT_file_processing.py:50} INFO - Inserted batch of 1000 documents.
[2024-12-03T16:11:24.754+0000] {OBT_file_processing.py:50} INFO - Inserted batch of 1000 documents.
[2024-12-03T16:11:27.821+0000] {OBT_file_processing.py:50} INFO - Inserted batch of 1000 documents.
[2024-12-03T16:11:30.927+0000] {OBT_file_processing.py:50} INFO - Inserted batch of 1000 documents.
[2024-12-03T16:11:33.851+0000] {OBT_file_processing.py:50} INFO - Inserted batch of 1000 documents.
[2024-12-03T16:11:35.821+0000] {OBT_file_processing.py:50} INFO - Inserted batch of 1000 documents.
[2024-12-03T16:11:38.814+0000] {OBT_file_processing.py:50} INFO - Inserted batch of 1000 documents.
[2024-12-03T16:11:41.810+0000] {OBT_file_processing.py:50} INFO - Inserted batch of 1000 documents.
[2024-12-03T16:11:44.848+0000] {OBT_file_processing.py:50} INFO - Inserted batch of 1000 documents.
[2024-12-03T16:11:47.914+0000] {OBT_file_processing.py:50} INFO - Inserted batch of 1000 documents.
[2024-12-03T16:11:48.976+0000] {OBT_file_processing.py:50} INFO - Inserted batch of 1000 documents.
[2024-12-03T16:11:53.919+0000] {OBT_file_processing.py:50} INFO - Inserted batch of 1000 documents.
[2024-12-03T16:12:01.542+0000] {OBT_file_processing.py:50} INFO - Inserted batch of 1000 documents.
[2024-12-03T16:12:09.591+0000] {OBT_file_processing.py:50} INFO - Inserted batch of 1000 documents.
[2024-12-03T16:12:57.672+0000] {OBT_file_processing.py:50} INFO - Inserted batch of 1000 documents.
[2024-12-03T16:14:34.711+0000] {OBT_file_processing.py:50} INFO - Inserted batch of 1000 documents.
[2024-12-03T16:14:38.721+0000] {OBT_file_processing.py:50} INFO - Inserted batch of 1000 documents.
[2024-12-03T16:14:40.750+0000] {OBT_file_processing.py:50} INFO - Inserted batch of 1000 documents.
[2024-12-03T16:14:41.769+0000] {OBT_file_processing.py:50} INFO - Inserted batch of 1000 documents.
[2024-12-03T16:14:42.818+0000] {OBT_file_processing.py:50} INFO - Inserted batch of 1000 documents.
[2024-12-03T16:14:44.903+0000] {OBT_file_processing.py:50} INFO - Inserted batch of 1000 documents.
[2024-12-03T16:14:45.822+0000] {OBT_file_processing.py:50} INFO - Inserted batch of 1000 documents.
[2024-12-03T16:14:46.842+0000] {OBT_file_processing.py:50} INFO - Inserted batch of 1000 documents.
[2024-12-03T16:14:50.816+0000] {OBT_file_processing.py:50} INFO - Inserted batch of 1000 documents.
[2024-12-03T16:14:54.628+0000] {OBT_file_processing.py:50} INFO - Inserted batch of 1000 documents.
[2024-12-03T16:14:58.876+0000] {OBT_file_processing.py:50} INFO - Inserted batch of 1000 documents.
[2024-12-03T16:15:00.945+0000] {OBT_file_processing.py:50} INFO - Inserted batch of 1000 documents.
[2024-12-03T16:15:03.920+0000] {OBT_file_processing.py:50} INFO - Inserted batch of 1000 documents.
[2024-12-03T16:15:04.861+0000] {OBT_file_processing.py:50} INFO - Inserted batch of 1000 documents.
[2024-12-03T16:15:07.912+0000] {OBT_file_processing.py:50} INFO - Inserted batch of 1000 documents.
[2024-12-03T16:15:10.890+0000] {OBT_file_processing.py:50} INFO - Inserted batch of 1000 documents.
[2024-12-03T16:15:12.864+0000] {OBT_file_processing.py:50} INFO - Inserted batch of 1000 documents.
[2024-12-03T16:15:13.879+0000] {OBT_file_processing.py:50} INFO - Inserted batch of 1000 documents.
[2024-12-03T16:15:14.855+0000] {OBT_file_processing.py:50} INFO - Inserted batch of 1000 documents.
[2024-12-03T16:15:15.844+0000] {OBT_file_processing.py:50} INFO - Inserted batch of 465 documents.
[2024-12-03T16:15:16.922+0000] {OBT_file_processing.py:50} INFO - Inserted batch of 261 documents.
[2024-12-03T16:15:18.845+0000] {OBT_file_processing.py:50} INFO - Inserted batch of 88 documents.
[2024-12-03T16:15:18.849+0000] {OBT_file_processing.py:111} INFO - ETL process completed successfully.
[2024-12-03T16:15:35.941+0000] {OBT_file_processing.py:129} INFO - Found 2 documents in the raw OBT collection.
[2024-12-03T16:16:46.301+0000] {OBT_file_processing.py:143} INFO - Inserted 77764 processed documents into etl_obt_data collection.
[2024-12-03T16:17:24.038+0000] {OBT_file_processing.py:163} INFO - Inserted 77042 documents into restaurant_bar_obt collection.
[2024-12-03T16:17:24.513+0000] {OBT_file_processing.py:167} INFO - Inserted 522 documents into room_service_obt collection.
[2024-12-03T16:17:37.150+0000] {OBT_file_processing.py:171} INFO - Inserted 200 documents into banquet_obt collection.
[2024-12-03T16:17:37.157+0000] {OBT_file_processing.py:173} INFO - ETL process completed successfully.
[2024-12-03T16:17:39.575+0000] {python.py:183} INFO - Done. Returned value was: None
[2024-12-03T16:17:39.742+0000] {taskinstance.py:1350} INFO - Marking task as SUCCESS. dag_id=obt_file_processing, task_id=etl_process_obt, execution_date=20241203T160712, start_date=20241203T160731, end_date=20241203T161739
[2024-12-03T16:17:40.042+0000] {local_task_job_runner.py:225} INFO - Task exited with return code 0
[2024-12-03T16:17:40.270+0000] {taskinstance.py:2653} INFO - 0 downstream tasks scheduled from follow-on schedule check
