[2025-01-07T11:03:52.504+0000] {taskinstance.py:1103} INFO - Dependencies all met for dep_context=non-requeueable deps ti=<TaskInstance: obt_file_processing.etl_billNumber manual__2025-01-07T11:01:08.804399+00:00 [queued]>
[2025-01-07T11:03:52.522+0000] {taskinstance.py:1103} INFO - Dependencies all met for dep_context=requeueable deps ti=<TaskInstance: obt_file_processing.etl_billNumber manual__2025-01-07T11:01:08.804399+00:00 [queued]>
[2025-01-07T11:03:52.522+0000] {taskinstance.py:1308} INFO - Starting attempt 1 of 2
[2025-01-07T11:03:52.546+0000] {taskinstance.py:1327} INFO - Executing <Task(PythonOperator): etl_billNumber> on 2025-01-07 11:01:08.804399+00:00
[2025-01-07T11:03:52.566+0000] {standard_task_runner.py:57} INFO - Started process 2556 to run task
[2025-01-07T11:03:52.573+0000] {standard_task_runner.py:84} INFO - Running: ['***', 'tasks', 'run', 'obt_file_processing', 'etl_billNumber', 'manual__2025-01-07T11:01:08.804399+00:00', '--job-id', '496', '--raw', '--subdir', 'DAGS_FOLDER/OBT_file_processing.py', '--cfg-path', '/tmp/tmp_dmizltm']
[2025-01-07T11:03:52.574+0000] {standard_task_runner.py:85} INFO - Job 496: Subtask etl_billNumber
[2025-01-07T11:03:52.651+0000] {task_command.py:410} INFO - Running <TaskInstance: obt_file_processing.etl_billNumber manual__2025-01-07T11:01:08.804399+00:00 [running]> on host 8fff7f1050bf
[2025-01-07T11:03:52.739+0000] {taskinstance.py:1547} INFO - Exporting env vars: AIRFLOW_CTX_DAG_OWNER='***' AIRFLOW_CTX_DAG_ID='obt_file_processing' AIRFLOW_CTX_TASK_ID='etl_billNumber' AIRFLOW_CTX_EXECUTION_DATE='2025-01-07T11:01:08.804399+00:00' AIRFLOW_CTX_TRY_NUMBER='1' AIRFLOW_CTX_DAG_RUN_ID='manual__2025-01-07T11:01:08.804399+00:00'
[2025-01-07T11:04:03.302+0000] {OBT_file_processing.py:60} INFO - Inserted batch of 1000 documents.
[2025-01-07T11:04:04.266+0000] {OBT_file_processing.py:60} INFO - Inserted batch of 1000 documents.
[2025-01-07T11:04:05.265+0000] {OBT_file_processing.py:60} INFO - Inserted batch of 1000 documents.
[2025-01-07T11:04:07.336+0000] {OBT_file_processing.py:60} INFO - Inserted batch of 1000 documents.
[2025-01-07T11:04:08.293+0000] {OBT_file_processing.py:60} INFO - Inserted batch of 687 documents.
[2025-01-07T11:04:14.305+0000] {OBT_file_processing.py:60} INFO - Inserted batch of 83 documents.
[2025-01-07T11:04:18.267+0000] {OBT_file_processing.py:60} INFO - Inserted batch of 29 documents.
[2025-01-07T11:04:18.286+0000] {python.py:183} INFO - Done. Returned value was: None
[2025-01-07T11:04:18.356+0000] {taskinstance.py:1350} INFO - Marking task as SUCCESS. dag_id=obt_file_processing, task_id=etl_billNumber, execution_date=20250107T110108, start_date=20250107T110352, end_date=20250107T110418
[2025-01-07T11:04:18.470+0000] {local_task_job_runner.py:225} INFO - Task exited with return code 0
[2025-01-07T11:04:18.507+0000] {taskinstance.py:2653} INFO - 0 downstream tasks scheduled from follow-on schedule check
