[2024-12-05T08:36:58.530+0000] {taskinstance.py:1103} INFO - Dependencies all met for dep_context=non-requeueable deps ti=<TaskInstance: obt_file_processing.etl_process_obt manual__2024-12-05T08:36:53.583743+00:00 [queued]>
[2024-12-05T08:36:58.537+0000] {taskinstance.py:1103} INFO - Dependencies all met for dep_context=requeueable deps ti=<TaskInstance: obt_file_processing.etl_process_obt manual__2024-12-05T08:36:53.583743+00:00 [queued]>
[2024-12-05T08:36:58.537+0000] {taskinstance.py:1308} INFO - Starting attempt 1 of 2
[2024-12-05T08:36:58.548+0000] {taskinstance.py:1327} INFO - Executing <Task(PythonOperator): etl_process_obt> on 2024-12-05 08:36:53.583743+00:00
[2024-12-05T08:36:58.554+0000] {standard_task_runner.py:57} INFO - Started process 311 to run task
[2024-12-05T08:36:58.558+0000] {standard_task_runner.py:84} INFO - Running: ['***', 'tasks', 'run', 'obt_file_processing', 'etl_process_obt', 'manual__2024-12-05T08:36:53.583743+00:00', '--job-id', '168', '--raw', '--subdir', 'DAGS_FOLDER/OBT_file_processing.py', '--cfg-path', '/tmp/tmpm38hgo0i']
[2024-12-05T08:36:58.559+0000] {standard_task_runner.py:85} INFO - Job 168: Subtask etl_process_obt
[2024-12-05T08:36:58.632+0000] {task_command.py:410} INFO - Running <TaskInstance: obt_file_processing.etl_process_obt manual__2024-12-05T08:36:53.583743+00:00 [running]> on host effe9442f8f2
[2024-12-05T08:36:58.735+0000] {taskinstance.py:1547} INFO - Exporting env vars: AIRFLOW_CTX_DAG_OWNER='***' AIRFLOW_CTX_DAG_ID='obt_file_processing' AIRFLOW_CTX_TASK_ID='etl_process_obt' AIRFLOW_CTX_EXECUTION_DATE='2024-12-05T08:36:53.583743+00:00' AIRFLOW_CTX_TRY_NUMBER='1' AIRFLOW_CTX_DAG_RUN_ID='manual__2024-12-05T08:36:53.583743+00:00'
[2024-12-05T08:37:10.080+0000] {OBT_file_processing.py:53} INFO - Inserted batch of 1000 documents.
[2024-12-05T08:37:12.112+0000] {OBT_file_processing.py:53} INFO - Inserted batch of 1000 documents.
[2024-12-05T08:37:15.072+0000] {OBT_file_processing.py:53} INFO - Inserted batch of 1000 documents.
[2024-12-05T08:37:18.199+0000] {OBT_file_processing.py:53} INFO - Inserted batch of 1000 documents.
[2024-12-05T08:37:21.070+0000] {OBT_file_processing.py:53} INFO - Inserted batch of 1000 documents.
[2024-12-05T08:37:24.104+0000] {OBT_file_processing.py:53} INFO - Inserted batch of 1000 documents.
[2024-12-05T08:37:27.091+0000] {OBT_file_processing.py:53} INFO - Inserted batch of 1000 documents.
[2024-12-05T08:37:30.129+0000] {OBT_file_processing.py:53} INFO - Inserted batch of 1000 documents.
[2024-12-05T08:37:33.150+0000] {OBT_file_processing.py:53} INFO - Inserted batch of 1000 documents.
[2024-12-05T08:37:35.091+0000] {OBT_file_processing.py:53} INFO - Inserted batch of 1000 documents.
[2024-12-05T08:37:38.170+0000] {OBT_file_processing.py:53} INFO - Inserted batch of 1000 documents.
[2024-12-05T08:37:41.115+0000] {OBT_file_processing.py:53} INFO - Inserted batch of 1000 documents.
[2024-12-05T08:37:42.110+0000] {OBT_file_processing.py:53} INFO - Inserted batch of 1000 documents.
[2024-12-05T08:37:43.095+0000] {OBT_file_processing.py:53} INFO - Inserted batch of 1000 documents.
[2024-12-05T08:37:47.121+0000] {OBT_file_processing.py:53} INFO - Inserted batch of 1000 documents.
[2024-12-05T08:37:50.147+0000] {OBT_file_processing.py:53} INFO - Inserted batch of 1000 documents.
[2024-12-05T08:37:53.095+0000] {OBT_file_processing.py:53} INFO - Inserted batch of 1000 documents.
[2024-12-05T08:37:56.097+0000] {OBT_file_processing.py:53} INFO - Inserted batch of 1000 documents.
[2024-12-05T08:37:58.240+0000] {OBT_file_processing.py:53} INFO - Inserted batch of 1000 documents.
[2024-12-05T08:38:01.110+0000] {OBT_file_processing.py:53} INFO - Inserted batch of 1000 documents.
[2024-12-05T08:38:04.181+0000] {OBT_file_processing.py:53} INFO - Inserted batch of 1000 documents.
[2024-12-05T08:38:07.108+0000] {OBT_file_processing.py:53} INFO - Inserted batch of 1000 documents.
[2024-12-05T08:38:10.124+0000] {OBT_file_processing.py:53} INFO - Inserted batch of 1000 documents.
[2024-12-05T08:38:12.123+0000] {OBT_file_processing.py:53} INFO - Inserted batch of 1000 documents.
[2024-12-05T08:38:13.107+0000] {OBT_file_processing.py:53} INFO - Inserted batch of 1000 documents.
[2024-12-05T08:38:14.203+0000] {OBT_file_processing.py:53} INFO - Inserted batch of 1000 documents.
[2024-12-05T08:38:15.140+0000] {OBT_file_processing.py:53} INFO - Inserted batch of 1000 documents.
[2024-12-05T08:38:16.156+0000] {OBT_file_processing.py:53} INFO - Inserted batch of 1000 documents.
[2024-12-05T08:38:20.108+0000] {OBT_file_processing.py:53} INFO - Inserted batch of 1000 documents.
[2024-12-05T08:38:23.105+0000] {OBT_file_processing.py:53} INFO - Inserted batch of 1000 documents.
[2024-12-05T08:38:25.395+0000] {OBT_file_processing.py:53} INFO - Inserted batch of 1000 documents.
[2024-12-05T08:38:26.396+0000] {OBT_file_processing.py:53} INFO - Inserted batch of 1000 documents.
[2024-12-05T08:38:27.347+0000] {OBT_file_processing.py:53} INFO - Inserted batch of 1000 documents.
[2024-12-05T08:38:28.337+0000] {OBT_file_processing.py:53} INFO - Inserted batch of 1000 documents.
[2024-12-05T08:38:32.444+0000] {OBT_file_processing.py:53} INFO - Inserted batch of 1000 documents.
[2024-12-05T08:38:35.346+0000] {OBT_file_processing.py:53} INFO - Inserted batch of 1000 documents.
[2024-12-05T08:38:38.381+0000] {OBT_file_processing.py:53} INFO - Inserted batch of 1000 documents.
[2024-12-05T08:38:39.344+0000] {OBT_file_processing.py:53} INFO - Inserted batch of 1000 documents.
[2024-12-05T08:38:40.360+0000] {OBT_file_processing.py:53} INFO - Inserted batch of 882 documents.
[2024-12-05T08:38:45.588+0000] {OBT_file_processing.py:53} INFO - Inserted batch of 1000 documents.
[2024-12-05T08:38:47.585+0000] {OBT_file_processing.py:53} INFO - Inserted batch of 1000 documents.
[2024-12-05T08:38:50.611+0000] {OBT_file_processing.py:53} INFO - Inserted batch of 1000 documents.
[2024-12-05T08:38:52.594+0000] {OBT_file_processing.py:53} INFO - Inserted batch of 1000 documents.
[2024-12-05T08:38:53.636+0000] {OBT_file_processing.py:53} INFO - Inserted batch of 1000 documents.
[2024-12-05T08:38:57.613+0000] {OBT_file_processing.py:53} INFO - Inserted batch of 1000 documents.
[2024-12-05T08:38:59.617+0000] {OBT_file_processing.py:53} INFO - Inserted batch of 1000 documents.
[2024-12-05T08:39:00.585+0000] {OBT_file_processing.py:53} INFO - Inserted batch of 1000 documents.
[2024-12-05T08:39:01.597+0000] {OBT_file_processing.py:53} INFO - Inserted batch of 1000 documents.
[2024-12-05T08:39:04.596+0000] {OBT_file_processing.py:53} INFO - Inserted batch of 1000 documents.
[2024-12-05T08:39:05.620+0000] {OBT_file_processing.py:53} INFO - Inserted batch of 1000 documents.
[2024-12-05T08:39:08.600+0000] {OBT_file_processing.py:53} INFO - Inserted batch of 1000 documents.
[2024-12-05T08:39:11.587+0000] {OBT_file_processing.py:53} INFO - Inserted batch of 1000 documents.
[2024-12-05T08:39:14.620+0000] {OBT_file_processing.py:53} INFO - Inserted batch of 1000 documents.
[2024-12-05T08:39:17.626+0000] {OBT_file_processing.py:53} INFO - Inserted batch of 1000 documents.
[2024-12-05T08:39:20.676+0000] {OBT_file_processing.py:53} INFO - Inserted batch of 1000 documents.
[2024-12-05T08:39:22.615+0000] {OBT_file_processing.py:53} INFO - Inserted batch of 1000 documents.
[2024-12-05T08:39:25.592+0000] {OBT_file_processing.py:53} INFO - Inserted batch of 1000 documents.
[2024-12-05T08:39:28.612+0000] {OBT_file_processing.py:53} INFO - Inserted batch of 1000 documents.
[2024-12-05T08:39:31.611+0000] {OBT_file_processing.py:53} INFO - Inserted batch of 1000 documents.
[2024-12-05T08:39:32.664+0000] {OBT_file_processing.py:53} INFO - Inserted batch of 1000 documents.
[2024-12-05T08:39:35.619+0000] {OBT_file_processing.py:53} INFO - Inserted batch of 1000 documents.
[2024-12-05T08:39:38.652+0000] {OBT_file_processing.py:53} INFO - Inserted batch of 1000 documents.
[2024-12-05T08:39:41.624+0000] {OBT_file_processing.py:53} INFO - Inserted batch of 1000 documents.
[2024-12-05T08:39:44.643+0000] {OBT_file_processing.py:53} INFO - Inserted batch of 1000 documents.
[2024-12-05T08:39:47.621+0000] {OBT_file_processing.py:53} INFO - Inserted batch of 1000 documents.
[2024-12-05T08:39:49.649+0000] {OBT_file_processing.py:53} INFO - Inserted batch of 1000 documents.
[2024-12-05T08:39:52.623+0000] {OBT_file_processing.py:53} INFO - Inserted batch of 1000 documents.
[2024-12-05T08:39:55.621+0000] {OBT_file_processing.py:53} INFO - Inserted batch of 1000 documents.
[2024-12-05T08:39:56.652+0000] {OBT_file_processing.py:53} INFO - Inserted batch of 1000 documents.
[2024-12-05T08:39:59.642+0000] {OBT_file_processing.py:53} INFO - Inserted batch of 1000 documents.
[2024-12-05T08:40:00.657+0000] {OBT_file_processing.py:53} INFO - Inserted batch of 1000 documents.
[2024-12-05T08:40:02.625+0000] {OBT_file_processing.py:53} INFO - Inserted batch of 1000 documents.
[2024-12-05T08:40:03.646+0000] {OBT_file_processing.py:53} INFO - Inserted batch of 1000 documents.
[2024-12-05T08:40:06.651+0000] {OBT_file_processing.py:53} INFO - Inserted batch of 1000 documents.
[2024-12-05T08:40:09.720+0000] {OBT_file_processing.py:53} INFO - Inserted batch of 1000 documents.
[2024-12-05T08:40:12.660+0000] {OBT_file_processing.py:53} INFO - Inserted batch of 1000 documents.
[2024-12-05T08:40:14.657+0000] {OBT_file_processing.py:53} INFO - Inserted batch of 1000 documents.
[2024-12-05T08:40:16.643+0000] {OBT_file_processing.py:53} INFO - Inserted batch of 521 documents.
[2024-12-05T08:40:18.633+0000] {OBT_file_processing.py:53} INFO - Inserted batch of 261 documents.
[2024-12-05T08:40:19.663+0000] {OBT_file_processing.py:53} INFO - Inserted batch of 100 documents.
[2024-12-05T08:40:19.666+0000] {OBT_file_processing.py:114} INFO - ETL process completed successfully.
[2024-12-05T08:40:20.065+0000] {python.py:183} INFO - Done. Returned value was: None
[2024-12-05T08:40:20.110+0000] {taskinstance.py:1350} INFO - Marking task as SUCCESS. dag_id=obt_file_processing, task_id=etl_process_obt, execution_date=20241205T083653, start_date=20241205T083658, end_date=20241205T084020
[2024-12-05T08:40:20.212+0000] {local_task_job_runner.py:225} INFO - Task exited with return code 0
[2024-12-05T08:40:20.278+0000] {taskinstance.py:2653} INFO - 1 downstream tasks scheduled from follow-on schedule check
