[2025-01-07T09:56:00.205+0000] {taskinstance.py:1103} INFO - Dependencies all met for dep_context=non-requeueable deps ti=<TaskInstance: obt_file_processing.etl_billNumber manual__2025-01-07T09:53:19.661387+00:00 [queued]>
[2025-01-07T09:56:00.246+0000] {taskinstance.py:1103} INFO - Dependencies all met for dep_context=requeueable deps ti=<TaskInstance: obt_file_processing.etl_billNumber manual__2025-01-07T09:53:19.661387+00:00 [queued]>
[2025-01-07T09:56:00.247+0000] {taskinstance.py:1308} INFO - Starting attempt 1 of 2
[2025-01-07T09:56:00.310+0000] {taskinstance.py:1327} INFO - Executing <Task(PythonOperator): etl_billNumber> on 2025-01-07 09:53:19.661387+00:00
[2025-01-07T09:56:00.351+0000] {standard_task_runner.py:57} INFO - Started process 1382 to run task
[2025-01-07T09:56:00.375+0000] {standard_task_runner.py:84} INFO - Running: ['***', 'tasks', 'run', 'obt_file_processing', 'etl_billNumber', 'manual__2025-01-07T09:53:19.661387+00:00', '--job-id', '378', '--raw', '--subdir', 'DAGS_FOLDER/OBT_file_processing.py', '--cfg-path', '/tmp/tmpt7vli_3y']
[2025-01-07T09:56:00.379+0000] {standard_task_runner.py:85} INFO - Job 378: Subtask etl_billNumber
[2025-01-07T09:56:00.541+0000] {task_command.py:410} INFO - Running <TaskInstance: obt_file_processing.etl_billNumber manual__2025-01-07T09:53:19.661387+00:00 [running]> on host 8fff7f1050bf
[2025-01-07T09:56:00.774+0000] {taskinstance.py:1547} INFO - Exporting env vars: AIRFLOW_CTX_DAG_OWNER='***' AIRFLOW_CTX_DAG_ID='obt_file_processing' AIRFLOW_CTX_TASK_ID='etl_billNumber' AIRFLOW_CTX_EXECUTION_DATE='2025-01-07T09:53:19.661387+00:00' AIRFLOW_CTX_TRY_NUMBER='1' AIRFLOW_CTX_DAG_RUN_ID='manual__2025-01-07T09:53:19.661387+00:00'
[2025-01-07T09:56:17.942+0000] {OBT_file_processing.py:60} INFO - Inserted batch of 1000 documents.
[2025-01-07T09:56:18.964+0000] {OBT_file_processing.py:60} INFO - Inserted batch of 1000 documents.
[2025-01-07T09:56:19.941+0000] {OBT_file_processing.py:60} INFO - Inserted batch of 1000 documents.
[2025-01-07T09:56:20.950+0000] {OBT_file_processing.py:60} INFO - Inserted batch of 1000 documents.
[2025-01-07T09:56:22.055+0000] {OBT_file_processing.py:60} INFO - Inserted batch of 1000 documents.
[2025-01-07T09:56:22.991+0000] {OBT_file_processing.py:60} INFO - Inserted batch of 1000 documents.
[2025-01-07T09:56:24.074+0000] {OBT_file_processing.py:60} INFO - Inserted batch of 1000 documents.
[2025-01-07T09:56:25.351+0000] {OBT_file_processing.py:60} INFO - Inserted batch of 1000 documents.
[2025-01-07T09:56:30.986+0000] {OBT_file_processing.py:60} INFO - Inserted batch of 1000 documents.
[2025-01-07T09:56:31.948+0000] {OBT_file_processing.py:60} INFO - Inserted batch of 439 documents.
[2025-01-07T09:56:39.226+0000] {OBT_file_processing.py:60} INFO - Inserted batch of 83 documents.
[2025-01-07T09:56:41.960+0000] {OBT_file_processing.py:60} INFO - Inserted batch of 29 documents.
[2025-01-07T09:56:41.977+0000] {python.py:183} INFO - Done. Returned value was: None
[2025-01-07T09:56:42.034+0000] {taskinstance.py:1350} INFO - Marking task as SUCCESS. dag_id=obt_file_processing, task_id=etl_billNumber, execution_date=20250107T095319, start_date=20250107T095600, end_date=20250107T095642
[2025-01-07T09:56:42.120+0000] {local_task_job_runner.py:225} INFO - Task exited with return code 0
[2025-01-07T09:56:42.211+0000] {taskinstance.py:2653} INFO - 0 downstream tasks scheduled from follow-on schedule check
