[2025-01-07T11:35:33.103+0000] {taskinstance.py:1103} INFO - Dependencies all met for dep_context=non-requeueable deps ti=<TaskInstance: obt_file_processing.etl_process_obt manual__2025-01-07T11:35:24.949585+00:00 [queued]>
[2025-01-07T11:35:33.123+0000] {taskinstance.py:1103} INFO - Dependencies all met for dep_context=requeueable deps ti=<TaskInstance: obt_file_processing.etl_process_obt manual__2025-01-07T11:35:24.949585+00:00 [queued]>
[2025-01-07T11:35:33.124+0000] {taskinstance.py:1308} INFO - Starting attempt 1 of 2
[2025-01-07T11:35:33.154+0000] {taskinstance.py:1327} INFO - Executing <Task(PythonOperator): etl_process_obt> on 2025-01-07 11:35:24.949585+00:00
[2025-01-07T11:35:33.180+0000] {standard_task_runner.py:57} INFO - Started process 3328 to run task
[2025-01-07T11:35:33.191+0000] {standard_task_runner.py:84} INFO - Running: ['***', 'tasks', 'run', 'obt_file_processing', 'etl_process_obt', 'manual__2025-01-07T11:35:24.949585+00:00', '--job-id', '573', '--raw', '--subdir', 'DAGS_FOLDER/OBT_file_processing.py', '--cfg-path', '/tmp/tmp636r4sjr']
[2025-01-07T11:35:33.193+0000] {standard_task_runner.py:85} INFO - Job 573: Subtask etl_process_obt
[2025-01-07T11:35:33.302+0000] {task_command.py:410} INFO - Running <TaskInstance: obt_file_processing.etl_process_obt manual__2025-01-07T11:35:24.949585+00:00 [running]> on host 8fff7f1050bf
[2025-01-07T11:35:33.522+0000] {taskinstance.py:1547} INFO - Exporting env vars: AIRFLOW_CTX_DAG_OWNER='***' AIRFLOW_CTX_DAG_ID='obt_file_processing' AIRFLOW_CTX_TASK_ID='etl_process_obt' AIRFLOW_CTX_EXECUTION_DATE='2025-01-07T11:35:24.949585+00:00' AIRFLOW_CTX_TRY_NUMBER='1' AIRFLOW_CTX_DAG_RUN_ID='manual__2025-01-07T11:35:24.949585+00:00'
[2025-01-07T11:36:05.736+0000] {OBT_file_processing.py:60} INFO - Inserted batch of 1000 documents.
[2025-01-07T11:36:07.731+0000] {OBT_file_processing.py:60} INFO - Inserted batch of 1000 documents.
[2025-01-07T11:36:09.753+0000] {OBT_file_processing.py:60} INFO - Inserted batch of 1000 documents.
[2025-01-07T11:36:10.740+0000] {OBT_file_processing.py:60} INFO - Inserted batch of 1000 documents.
[2025-01-07T11:36:11.785+0000] {OBT_file_processing.py:60} INFO - Inserted batch of 1000 documents.
[2025-01-07T11:36:12.730+0000] {OBT_file_processing.py:60} INFO - Inserted batch of 1000 documents.
[2025-01-07T11:36:13.771+0000] {OBT_file_processing.py:60} INFO - Inserted batch of 1000 documents.
[2025-01-07T11:36:15.777+0000] {OBT_file_processing.py:60} INFO - Inserted batch of 1000 documents.
[2025-01-07T11:36:16.733+0000] {OBT_file_processing.py:60} INFO - Inserted batch of 1000 documents.
[2025-01-07T11:36:18.959+0000] {OBT_file_processing.py:60} INFO - Inserted batch of 1000 documents.
[2025-01-07T11:36:20.012+0000] {OBT_file_processing.py:60} INFO - Inserted batch of 1000 documents.
[2025-01-07T11:36:20.948+0000] {OBT_file_processing.py:60} INFO - Inserted batch of 1000 documents.
[2025-01-07T11:36:24.735+0000] {OBT_file_processing.py:60} INFO - Inserted batch of 1000 documents.
[2025-01-07T11:36:26.761+0000] {OBT_file_processing.py:60} INFO - Inserted batch of 1000 documents.
[2025-01-07T11:36:28.777+0000] {OBT_file_processing.py:60} INFO - Inserted batch of 1000 documents.
[2025-01-07T11:36:30.749+0000] {OBT_file_processing.py:60} INFO - Inserted batch of 1000 documents.
[2025-01-07T11:36:32.749+0000] {OBT_file_processing.py:60} INFO - Inserted batch of 1000 documents.
[2025-01-07T11:36:35.755+0000] {OBT_file_processing.py:60} INFO - Inserted batch of 1000 documents.
[2025-01-07T11:36:38.785+0000] {OBT_file_processing.py:60} INFO - Inserted batch of 1000 documents.
[2025-01-07T11:36:41.791+0000] {OBT_file_processing.py:60} INFO - Inserted batch of 1000 documents.
[2025-01-07T11:36:44.819+0000] {OBT_file_processing.py:60} INFO - Inserted batch of 1000 documents.
[2025-01-07T11:36:49.867+0000] {OBT_file_processing.py:60} INFO - Inserted batch of 1000 documents.
[2025-01-07T11:36:50.788+0000] {OBT_file_processing.py:60} INFO - Inserted batch of 1000 documents.
[2025-01-07T11:36:51.798+0000] {OBT_file_processing.py:60} INFO - Inserted batch of 1000 documents.
[2025-01-07T11:36:52.797+0000] {OBT_file_processing.py:60} INFO - Inserted batch of 1000 documents.
[2025-01-07T11:36:54.813+0000] {OBT_file_processing.py:60} INFO - Inserted batch of 1000 documents.
[2025-01-07T11:36:55.810+0000] {OBT_file_processing.py:60} INFO - Inserted batch of 1000 documents.
[2025-01-07T11:36:57.958+0000] {OBT_file_processing.py:60} INFO - Inserted batch of 1000 documents.
[2025-01-07T11:36:58.811+0000] {OBT_file_processing.py:60} INFO - Inserted batch of 1000 documents.
[2025-01-07T11:36:59.799+0000] {OBT_file_processing.py:60} INFO - Inserted batch of 1000 documents.
[2025-01-07T11:37:01.848+0000] {OBT_file_processing.py:60} INFO - Inserted batch of 1000 documents.
[2025-01-07T11:37:06.216+0000] {local_task_job_runner.py:225} INFO - Task exited with return code Negsignal.SIGKILL
[2025-01-07T11:37:07.881+0000] {taskinstance.py:2653} INFO - 0 downstream tasks scheduled from follow-on schedule check
