[2025-01-07T11:06:03.332+0000] {taskinstance.py:1103} INFO - Dependencies all met for dep_context=non-requeueable deps ti=<TaskInstance: obt_file_processing.etl_billNumber manual__2025-01-07T11:02:35.906778+00:00 [queued]>
[2025-01-07T11:06:03.339+0000] {taskinstance.py:1103} INFO - Dependencies all met for dep_context=requeueable deps ti=<TaskInstance: obt_file_processing.etl_billNumber manual__2025-01-07T11:02:35.906778+00:00 [queued]>
[2025-01-07T11:06:03.339+0000] {taskinstance.py:1308} INFO - Starting attempt 1 of 2
[2025-01-07T11:06:03.350+0000] {taskinstance.py:1327} INFO - Executing <Task(PythonOperator): etl_billNumber> on 2025-01-07 11:02:35.906778+00:00
[2025-01-07T11:06:03.360+0000] {standard_task_runner.py:57} INFO - Started process 2688 to run task
[2025-01-07T11:06:03.365+0000] {standard_task_runner.py:84} INFO - Running: ['***', 'tasks', 'run', 'obt_file_processing', 'etl_billNumber', 'manual__2025-01-07T11:02:35.906778+00:00', '--job-id', '509', '--raw', '--subdir', 'DAGS_FOLDER/OBT_file_processing.py', '--cfg-path', '/tmp/tmp9f_dx0dn']
[2025-01-07T11:06:03.367+0000] {standard_task_runner.py:85} INFO - Job 509: Subtask etl_billNumber
[2025-01-07T11:06:03.431+0000] {task_command.py:410} INFO - Running <TaskInstance: obt_file_processing.etl_billNumber manual__2025-01-07T11:02:35.906778+00:00 [running]> on host 8fff7f1050bf
[2025-01-07T11:06:03.505+0000] {taskinstance.py:1547} INFO - Exporting env vars: AIRFLOW_CTX_DAG_OWNER='***' AIRFLOW_CTX_DAG_ID='obt_file_processing' AIRFLOW_CTX_TASK_ID='etl_billNumber' AIRFLOW_CTX_EXECUTION_DATE='2025-01-07T11:02:35.906778+00:00' AIRFLOW_CTX_TRY_NUMBER='1' AIRFLOW_CTX_DAG_RUN_ID='manual__2025-01-07T11:02:35.906778+00:00'
[2025-01-07T11:06:25.483+0000] {OBT_file_processing.py:60} INFO - Inserted batch of 1000 documents.
[2025-01-07T11:06:26.419+0000] {OBT_file_processing.py:60} INFO - Inserted batch of 1000 documents.
[2025-01-07T11:06:27.472+0000] {OBT_file_processing.py:60} INFO - Inserted batch of 1000 documents.
[2025-01-07T11:06:31.499+0000] {OBT_file_processing.py:60} INFO - Inserted batch of 1000 documents.
[2025-01-07T11:06:34.452+0000] {OBT_file_processing.py:60} INFO - Inserted batch of 1000 documents.
[2025-01-07T11:06:37.494+0000] {OBT_file_processing.py:60} INFO - Inserted batch of 1000 documents.
[2025-01-07T11:06:38.517+0000] {OBT_file_processing.py:60} INFO - Inserted batch of 1000 documents.
[2025-01-07T11:06:40.571+0000] {OBT_file_processing.py:60} INFO - Inserted batch of 1000 documents.
[2025-01-07T11:06:41.474+0000] {OBT_file_processing.py:60} INFO - Inserted batch of 1000 documents.
[2025-01-07T11:06:42.438+0000] {OBT_file_processing.py:60} INFO - Inserted batch of 439 documents.
[2025-01-07T11:06:45.436+0000] {OBT_file_processing.py:60} INFO - Inserted batch of 83 documents.
[2025-01-07T11:06:45.627+0000] {OBT_file_processing.py:60} INFO - Inserted batch of 29 documents.
[2025-01-07T11:06:45.633+0000] {python.py:183} INFO - Done. Returned value was: None
[2025-01-07T11:06:45.660+0000] {taskinstance.py:1350} INFO - Marking task as SUCCESS. dag_id=obt_file_processing, task_id=etl_billNumber, execution_date=20250107T110235, start_date=20250107T110603, end_date=20250107T110645
[2025-01-07T11:06:45.742+0000] {local_task_job_runner.py:225} INFO - Task exited with return code 0
[2025-01-07T11:06:45.803+0000] {taskinstance.py:2653} INFO - 0 downstream tasks scheduled from follow-on schedule check
