[2024-12-04T16:35:17.038+0000] {processor.py:157} INFO - Started process (PID=36435) to work on /opt/airflow/dags/Cashier_file_processing.py
[2024-12-04T16:35:17.040+0000] {processor.py:826} INFO - Processing file /opt/airflow/dags/Cashier_file_processing.py for tasks to queue
[2024-12-04T16:35:17.041+0000] {logging_mixin.py:150} INFO - [2024-12-04T16:35:17.041+0000] {dagbag.py:541} INFO - Filling up the DagBag from /opt/airflow/dags/Cashier_file_processing.py
[2024-12-04T16:35:17.827+0000] {processor.py:836} INFO - DAG(s) dict_keys(['etl_file_processing']) retrieved from /opt/airflow/dags/Cashier_file_processing.py
[2024-12-04T16:35:17.965+0000] {logging_mixin.py:150} INFO - [2024-12-04T16:35:17.965+0000] {dag.py:2742} INFO - Sync 1 DAGs
[2024-12-04T16:35:17.985+0000] {logging_mixin.py:150} INFO - [2024-12-04T16:35:17.985+0000] {dag.py:3508} INFO - Setting next_dagrun for etl_file_processing to None, run_after=None
[2024-12-04T16:35:18.001+0000] {processor.py:179} INFO - Processing /opt/airflow/dags/Cashier_file_processing.py took 0.970 seconds
[2024-12-04T16:35:48.577+0000] {processor.py:157} INFO - Started process (PID=36526) to work on /opt/airflow/dags/Cashier_file_processing.py
[2024-12-04T16:35:48.579+0000] {processor.py:826} INFO - Processing file /opt/airflow/dags/Cashier_file_processing.py for tasks to queue
[2024-12-04T16:35:48.581+0000] {logging_mixin.py:150} INFO - [2024-12-04T16:35:48.580+0000] {dagbag.py:541} INFO - Filling up the DagBag from /opt/airflow/dags/Cashier_file_processing.py
[2024-12-04T16:35:49.359+0000] {processor.py:836} INFO - DAG(s) dict_keys(['etl_file_processing']) retrieved from /opt/airflow/dags/Cashier_file_processing.py
[2024-12-04T16:35:49.383+0000] {logging_mixin.py:150} INFO - [2024-12-04T16:35:49.383+0000] {dag.py:2742} INFO - Sync 1 DAGs
[2024-12-04T16:35:49.407+0000] {logging_mixin.py:150} INFO - [2024-12-04T16:35:49.407+0000] {dag.py:3508} INFO - Setting next_dagrun for etl_file_processing to None, run_after=None
[2024-12-04T16:35:49.420+0000] {processor.py:179} INFO - Processing /opt/airflow/dags/Cashier_file_processing.py took 0.853 seconds
[2024-12-04T16:36:20.320+0000] {processor.py:157} INFO - Started process (PID=36617) to work on /opt/airflow/dags/Cashier_file_processing.py
[2024-12-04T16:36:20.325+0000] {processor.py:826} INFO - Processing file /opt/airflow/dags/Cashier_file_processing.py for tasks to queue
[2024-12-04T16:36:20.329+0000] {logging_mixin.py:150} INFO - [2024-12-04T16:36:20.328+0000] {dagbag.py:541} INFO - Filling up the DagBag from /opt/airflow/dags/Cashier_file_processing.py
[2024-12-04T16:36:21.086+0000] {processor.py:836} INFO - DAG(s) dict_keys(['etl_file_processing']) retrieved from /opt/airflow/dags/Cashier_file_processing.py
[2024-12-04T16:36:21.115+0000] {logging_mixin.py:150} INFO - [2024-12-04T16:36:21.115+0000] {dag.py:2742} INFO - Sync 1 DAGs
[2024-12-04T16:36:21.140+0000] {logging_mixin.py:150} INFO - [2024-12-04T16:36:21.139+0000] {dag.py:3508} INFO - Setting next_dagrun for etl_file_processing to None, run_after=None
[2024-12-04T16:36:21.153+0000] {processor.py:179} INFO - Processing /opt/airflow/dags/Cashier_file_processing.py took 0.855 seconds
[2024-12-04T16:36:51.239+0000] {processor.py:157} INFO - Started process (PID=36708) to work on /opt/airflow/dags/Cashier_file_processing.py
[2024-12-04T16:36:51.242+0000] {processor.py:826} INFO - Processing file /opt/airflow/dags/Cashier_file_processing.py for tasks to queue
[2024-12-04T16:36:51.243+0000] {logging_mixin.py:150} INFO - [2024-12-04T16:36:51.242+0000] {dagbag.py:541} INFO - Filling up the DagBag from /opt/airflow/dags/Cashier_file_processing.py
[2024-12-04T16:36:52.014+0000] {processor.py:836} INFO - DAG(s) dict_keys(['etl_file_processing']) retrieved from /opt/airflow/dags/Cashier_file_processing.py
[2024-12-04T16:36:52.117+0000] {logging_mixin.py:150} INFO - [2024-12-04T16:36:52.117+0000] {dag.py:2742} INFO - Sync 1 DAGs
[2024-12-04T16:36:52.135+0000] {logging_mixin.py:150} INFO - [2024-12-04T16:36:52.135+0000] {dag.py:3508} INFO - Setting next_dagrun for etl_file_processing to None, run_after=None
[2024-12-04T16:36:52.149+0000] {processor.py:179} INFO - Processing /opt/airflow/dags/Cashier_file_processing.py took 0.919 seconds
[2024-12-04T16:36:57.278+0000] {processor.py:157} INFO - Started process (PID=36717) to work on /opt/airflow/dags/Cashier_file_processing.py
[2024-12-04T16:36:57.290+0000] {processor.py:826} INFO - Processing file /opt/airflow/dags/Cashier_file_processing.py for tasks to queue
[2024-12-04T16:36:57.299+0000] {logging_mixin.py:150} INFO - [2024-12-04T16:36:57.298+0000] {dagbag.py:541} INFO - Filling up the DagBag from /opt/airflow/dags/Cashier_file_processing.py
[2024-12-04T16:36:58.585+0000] {processor.py:836} INFO - DAG(s) dict_keys(['etl_file_processing']) retrieved from /opt/airflow/dags/Cashier_file_processing.py
[2024-12-04T16:36:58.605+0000] {logging_mixin.py:150} INFO - [2024-12-04T16:36:58.604+0000] {dag.py:2742} INFO - Sync 1 DAGs
[2024-12-04T16:36:58.628+0000] {logging_mixin.py:150} INFO - [2024-12-04T16:36:58.628+0000] {dag.py:3508} INFO - Setting next_dagrun for etl_file_processing to None, run_after=None
[2024-12-04T16:36:58.644+0000] {processor.py:179} INFO - Processing /opt/airflow/dags/Cashier_file_processing.py took 1.388 seconds
[2024-12-04T16:37:30.059+0000] {processor.py:157} INFO - Started process (PID=36808) to work on /opt/airflow/dags/Cashier_file_processing.py
[2024-12-04T16:37:30.076+0000] {processor.py:826} INFO - Processing file /opt/airflow/dags/Cashier_file_processing.py for tasks to queue
[2024-12-04T16:37:30.097+0000] {logging_mixin.py:150} INFO - [2024-12-04T16:37:30.090+0000] {dagbag.py:541} INFO - Filling up the DagBag from /opt/airflow/dags/Cashier_file_processing.py
[2024-12-04T16:37:36.197+0000] {processor.py:836} INFO - DAG(s) dict_keys(['etl_file_processing']) retrieved from /opt/airflow/dags/Cashier_file_processing.py
[2024-12-04T16:37:36.244+0000] {logging_mixin.py:150} INFO - [2024-12-04T16:37:36.244+0000] {dag.py:2742} INFO - Sync 1 DAGs
[2024-12-04T16:37:36.281+0000] {logging_mixin.py:150} INFO - [2024-12-04T16:37:36.281+0000] {dag.py:3508} INFO - Setting next_dagrun for etl_file_processing to None, run_after=None
[2024-12-04T16:37:36.305+0000] {processor.py:179} INFO - Processing /opt/airflow/dags/Cashier_file_processing.py took 6.305 seconds
[2024-12-04T16:38:06.678+0000] {processor.py:157} INFO - Started process (PID=36899) to work on /opt/airflow/dags/Cashier_file_processing.py
[2024-12-04T16:38:06.681+0000] {processor.py:826} INFO - Processing file /opt/airflow/dags/Cashier_file_processing.py for tasks to queue
[2024-12-04T16:38:06.684+0000] {logging_mixin.py:150} INFO - [2024-12-04T16:38:06.683+0000] {dagbag.py:541} INFO - Filling up the DagBag from /opt/airflow/dags/Cashier_file_processing.py
[2024-12-04T16:38:07.577+0000] {processor.py:836} INFO - DAG(s) dict_keys(['etl_file_processing']) retrieved from /opt/airflow/dags/Cashier_file_processing.py
[2024-12-04T16:38:07.764+0000] {logging_mixin.py:150} INFO - [2024-12-04T16:38:07.763+0000] {dag.py:2742} INFO - Sync 1 DAGs
[2024-12-04T16:38:07.789+0000] {logging_mixin.py:150} INFO - [2024-12-04T16:38:07.789+0000] {dag.py:3508} INFO - Setting next_dagrun for etl_file_processing to None, run_after=None
[2024-12-04T16:38:07.808+0000] {processor.py:179} INFO - Processing /opt/airflow/dags/Cashier_file_processing.py took 1.142 seconds
[2024-12-04T16:38:38.803+0000] {processor.py:157} INFO - Started process (PID=36990) to work on /opt/airflow/dags/Cashier_file_processing.py
[2024-12-04T16:38:38.810+0000] {processor.py:826} INFO - Processing file /opt/airflow/dags/Cashier_file_processing.py for tasks to queue
[2024-12-04T16:38:38.818+0000] {logging_mixin.py:150} INFO - [2024-12-04T16:38:38.814+0000] {dagbag.py:541} INFO - Filling up the DagBag from /opt/airflow/dags/Cashier_file_processing.py
[2024-12-04T16:38:40.474+0000] {processor.py:836} INFO - DAG(s) dict_keys(['etl_file_processing']) retrieved from /opt/airflow/dags/Cashier_file_processing.py
[2024-12-04T16:38:40.648+0000] {logging_mixin.py:150} INFO - [2024-12-04T16:38:40.644+0000] {dag.py:2742} INFO - Sync 1 DAGs
[2024-12-04T16:38:40.706+0000] {logging_mixin.py:150} INFO - [2024-12-04T16:38:40.706+0000] {dag.py:3508} INFO - Setting next_dagrun for etl_file_processing to None, run_after=None
[2024-12-04T16:38:40.724+0000] {processor.py:179} INFO - Processing /opt/airflow/dags/Cashier_file_processing.py took 1.967 seconds
[2024-12-04T16:39:11.608+0000] {processor.py:157} INFO - Started process (PID=37081) to work on /opt/airflow/dags/Cashier_file_processing.py
[2024-12-04T16:39:11.611+0000] {processor.py:826} INFO - Processing file /opt/airflow/dags/Cashier_file_processing.py for tasks to queue
[2024-12-04T16:39:11.613+0000] {logging_mixin.py:150} INFO - [2024-12-04T16:39:11.612+0000] {dagbag.py:541} INFO - Filling up the DagBag from /opt/airflow/dags/Cashier_file_processing.py
[2024-12-04T16:39:12.478+0000] {processor.py:836} INFO - DAG(s) dict_keys(['etl_file_processing']) retrieved from /opt/airflow/dags/Cashier_file_processing.py
[2024-12-04T16:39:12.503+0000] {logging_mixin.py:150} INFO - [2024-12-04T16:39:12.503+0000] {dag.py:2742} INFO - Sync 1 DAGs
[2024-12-04T16:39:12.533+0000] {logging_mixin.py:150} INFO - [2024-12-04T16:39:12.533+0000] {dag.py:3508} INFO - Setting next_dagrun for etl_file_processing to None, run_after=None
[2024-12-04T16:39:12.549+0000] {processor.py:179} INFO - Processing /opt/airflow/dags/Cashier_file_processing.py took 0.951 seconds
[2024-12-04T16:39:43.832+0000] {processor.py:157} INFO - Started process (PID=37150) to work on /opt/airflow/dags/Cashier_file_processing.py
[2024-12-04T16:39:43.837+0000] {processor.py:826} INFO - Processing file /opt/airflow/dags/Cashier_file_processing.py for tasks to queue
[2024-12-04T16:39:43.841+0000] {logging_mixin.py:150} INFO - [2024-12-04T16:39:43.841+0000] {dagbag.py:541} INFO - Filling up the DagBag from /opt/airflow/dags/Cashier_file_processing.py
[2024-12-04T16:39:47.066+0000] {processor.py:836} INFO - DAG(s) dict_keys(['etl_file_processing']) retrieved from /opt/airflow/dags/Cashier_file_processing.py
[2024-12-04T16:39:48.759+0000] {logging_mixin.py:150} INFO - [2024-12-04T16:39:48.740+0000] {dag.py:2742} INFO - Sync 1 DAGs
[2024-12-04T16:39:49.186+0000] {logging_mixin.py:150} INFO - [2024-12-04T16:39:49.185+0000] {dag.py:3508} INFO - Setting next_dagrun for etl_file_processing to None, run_after=None
[2024-12-04T16:39:49.681+0000] {processor.py:179} INFO - Processing /opt/airflow/dags/Cashier_file_processing.py took 5.890 seconds
[2024-12-04T16:40:20.485+0000] {processor.py:157} INFO - Started process (PID=37250) to work on /opt/airflow/dags/Cashier_file_processing.py
[2024-12-04T16:40:20.488+0000] {processor.py:826} INFO - Processing file /opt/airflow/dags/Cashier_file_processing.py for tasks to queue
[2024-12-04T16:40:20.492+0000] {logging_mixin.py:150} INFO - [2024-12-04T16:40:20.490+0000] {dagbag.py:541} INFO - Filling up the DagBag from /opt/airflow/dags/Cashier_file_processing.py
[2024-12-04T16:40:21.674+0000] {processor.py:836} INFO - DAG(s) dict_keys(['etl_file_processing']) retrieved from /opt/airflow/dags/Cashier_file_processing.py
[2024-12-04T16:40:21.696+0000] {logging_mixin.py:150} INFO - [2024-12-04T16:40:21.695+0000] {dag.py:2742} INFO - Sync 1 DAGs
[2024-12-04T16:40:21.724+0000] {logging_mixin.py:150} INFO - [2024-12-04T16:40:21.724+0000] {dag.py:3508} INFO - Setting next_dagrun for etl_file_processing to None, run_after=None
[2024-12-04T16:40:21.740+0000] {processor.py:179} INFO - Processing /opt/airflow/dags/Cashier_file_processing.py took 1.261 seconds
[2024-12-04T16:40:53.311+0000] {processor.py:157} INFO - Started process (PID=37344) to work on /opt/airflow/dags/Cashier_file_processing.py
[2024-12-04T16:40:53.313+0000] {processor.py:826} INFO - Processing file /opt/airflow/dags/Cashier_file_processing.py for tasks to queue
[2024-12-04T16:40:53.316+0000] {logging_mixin.py:150} INFO - [2024-12-04T16:40:53.315+0000] {dagbag.py:541} INFO - Filling up the DagBag from /opt/airflow/dags/Cashier_file_processing.py
[2024-12-04T16:40:54.790+0000] {processor.py:836} INFO - DAG(s) dict_keys(['etl_file_processing']) retrieved from /opt/airflow/dags/Cashier_file_processing.py
[2024-12-04T16:40:54.935+0000] {logging_mixin.py:150} INFO - [2024-12-04T16:40:54.934+0000] {dag.py:2742} INFO - Sync 1 DAGs
[2024-12-04T16:40:54.969+0000] {logging_mixin.py:150} INFO - [2024-12-04T16:40:54.969+0000] {dag.py:3508} INFO - Setting next_dagrun for etl_file_processing to None, run_after=None
[2024-12-04T16:40:54.996+0000] {processor.py:179} INFO - Processing /opt/airflow/dags/Cashier_file_processing.py took 1.696 seconds
[2024-12-04T16:41:25.614+0000] {processor.py:157} INFO - Started process (PID=37435) to work on /opt/airflow/dags/Cashier_file_processing.py
[2024-12-04T16:41:25.616+0000] {processor.py:826} INFO - Processing file /opt/airflow/dags/Cashier_file_processing.py for tasks to queue
[2024-12-04T16:41:25.621+0000] {logging_mixin.py:150} INFO - [2024-12-04T16:41:25.620+0000] {dagbag.py:541} INFO - Filling up the DagBag from /opt/airflow/dags/Cashier_file_processing.py
[2024-12-04T16:41:26.060+0000] {processor.py:836} INFO - DAG(s) dict_keys(['etl_file_processing']) retrieved from /opt/airflow/dags/Cashier_file_processing.py
[2024-12-04T16:41:26.070+0000] {logging_mixin.py:150} INFO - [2024-12-04T16:41:26.069+0000] {dag.py:2742} INFO - Sync 1 DAGs
[2024-12-04T16:41:26.087+0000] {logging_mixin.py:150} INFO - [2024-12-04T16:41:26.087+0000] {dag.py:3508} INFO - Setting next_dagrun for etl_file_processing to None, run_after=None
[2024-12-04T16:41:26.100+0000] {processor.py:179} INFO - Processing /opt/airflow/dags/Cashier_file_processing.py took 0.491 seconds
[2024-12-04T16:41:56.862+0000] {processor.py:157} INFO - Started process (PID=37517) to work on /opt/airflow/dags/Cashier_file_processing.py
[2024-12-04T16:41:56.869+0000] {processor.py:826} INFO - Processing file /opt/airflow/dags/Cashier_file_processing.py for tasks to queue
[2024-12-04T16:41:56.874+0000] {logging_mixin.py:150} INFO - [2024-12-04T16:41:56.871+0000] {dagbag.py:541} INFO - Filling up the DagBag from /opt/airflow/dags/Cashier_file_processing.py
[2024-12-04T16:41:59.834+0000] {processor.py:836} INFO - DAG(s) dict_keys(['etl_file_processing']) retrieved from /opt/airflow/dags/Cashier_file_processing.py
[2024-12-04T16:42:00.962+0000] {logging_mixin.py:150} INFO - [2024-12-04T16:42:00.923+0000] {dag.py:2742} INFO - Sync 1 DAGs
[2024-12-04T16:42:01.371+0000] {logging_mixin.py:150} INFO - [2024-12-04T16:42:01.370+0000] {dag.py:3508} INFO - Setting next_dagrun for etl_file_processing to None, run_after=None
[2024-12-04T16:42:01.731+0000] {processor.py:179} INFO - Processing /opt/airflow/dags/Cashier_file_processing.py took 4.935 seconds
[2024-12-04T16:42:32.653+0000] {processor.py:157} INFO - Started process (PID=37617) to work on /opt/airflow/dags/Cashier_file_processing.py
[2024-12-04T16:42:32.656+0000] {processor.py:826} INFO - Processing file /opt/airflow/dags/Cashier_file_processing.py for tasks to queue
[2024-12-04T16:42:32.658+0000] {logging_mixin.py:150} INFO - [2024-12-04T16:42:32.657+0000] {dagbag.py:541} INFO - Filling up the DagBag from /opt/airflow/dags/Cashier_file_processing.py
[2024-12-04T16:42:33.461+0000] {processor.py:836} INFO - DAG(s) dict_keys(['etl_file_processing']) retrieved from /opt/airflow/dags/Cashier_file_processing.py
[2024-12-04T16:42:33.483+0000] {logging_mixin.py:150} INFO - [2024-12-04T16:42:33.482+0000] {dag.py:2742} INFO - Sync 1 DAGs
[2024-12-04T16:42:33.516+0000] {logging_mixin.py:150} INFO - [2024-12-04T16:42:33.515+0000] {dag.py:3508} INFO - Setting next_dagrun for etl_file_processing to None, run_after=None
[2024-12-04T16:42:33.535+0000] {processor.py:179} INFO - Processing /opt/airflow/dags/Cashier_file_processing.py took 0.893 seconds
[2024-12-04T16:42:43.252+0000] {processor.py:157} INFO - Started process (PID=37686) to work on /opt/airflow/dags/Cashier_file_processing.py
[2024-12-04T16:42:43.255+0000] {processor.py:826} INFO - Processing file /opt/airflow/dags/Cashier_file_processing.py for tasks to queue
[2024-12-04T16:42:43.256+0000] {logging_mixin.py:150} INFO - [2024-12-04T16:42:43.255+0000] {dagbag.py:541} INFO - Filling up the DagBag from /opt/airflow/dags/Cashier_file_processing.py
[2024-12-04T16:42:44.104+0000] {logging_mixin.py:150} INFO - [2024-12-04T16:42:44.093+0000] {dagbag.py:350} ERROR - Failed to import: /opt/airflow/dags/Cashier_file_processing.py
Traceback (most recent call last):
  File "/home/airflow/.local/lib/python3.7/site-packages/airflow/models/dagbag.py", line 346, in parse
    loader.exec_module(new_module)
  File "<frozen importlib._bootstrap_external>", line 728, in exec_module
  File "<frozen importlib._bootstrap>", line 219, in _call_with_frames_removed
  File "/opt/airflow/dags/Cashier_file_processing.py", line 130, in <module>
    python_callable=etl_merge,
NameError: name 'etl_merge' is not defined
[2024-12-04T16:42:44.104+0000] {processor.py:838} WARNING - No viable dags retrieved from /opt/airflow/dags/Cashier_file_processing.py
[2024-12-04T16:42:44.132+0000] {processor.py:179} INFO - Processing /opt/airflow/dags/Cashier_file_processing.py took 0.891 seconds
[2024-12-04T16:43:14.465+0000] {processor.py:157} INFO - Started process (PID=37777) to work on /opt/airflow/dags/Cashier_file_processing.py
[2024-12-04T16:43:14.467+0000] {processor.py:826} INFO - Processing file /opt/airflow/dags/Cashier_file_processing.py for tasks to queue
[2024-12-04T16:43:14.473+0000] {logging_mixin.py:150} INFO - [2024-12-04T16:43:14.470+0000] {dagbag.py:541} INFO - Filling up the DagBag from /opt/airflow/dags/Cashier_file_processing.py
[2024-12-04T16:43:15.157+0000] {logging_mixin.py:150} INFO - [2024-12-04T16:43:15.155+0000] {dagbag.py:350} ERROR - Failed to import: /opt/airflow/dags/Cashier_file_processing.py
Traceback (most recent call last):
  File "/home/airflow/.local/lib/python3.7/site-packages/airflow/models/dagbag.py", line 346, in parse
    loader.exec_module(new_module)
  File "<frozen importlib._bootstrap_external>", line 728, in exec_module
  File "<frozen importlib._bootstrap>", line 219, in _call_with_frames_removed
  File "/opt/airflow/dags/Cashier_file_processing.py", line 130, in <module>
    python_callable=etl_merge,
NameError: name 'etl_merge' is not defined
[2024-12-04T16:43:15.157+0000] {processor.py:838} WARNING - No viable dags retrieved from /opt/airflow/dags/Cashier_file_processing.py
[2024-12-04T16:43:15.188+0000] {processor.py:179} INFO - Processing /opt/airflow/dags/Cashier_file_processing.py took 0.732 seconds
[2024-12-04T16:43:39.802+0000] {processor.py:157} INFO - Started process (PID=37842) to work on /opt/airflow/dags/Cashier_file_processing.py
[2024-12-04T16:43:39.803+0000] {processor.py:826} INFO - Processing file /opt/airflow/dags/Cashier_file_processing.py for tasks to queue
[2024-12-04T16:43:39.804+0000] {logging_mixin.py:150} INFO - [2024-12-04T16:43:39.804+0000] {dagbag.py:541} INFO - Filling up the DagBag from /opt/airflow/dags/Cashier_file_processing.py
[2024-12-04T16:43:40.549+0000] {processor.py:836} INFO - DAG(s) dict_keys(['cashier_file_processing']) retrieved from /opt/airflow/dags/Cashier_file_processing.py
[2024-12-04T16:43:40.754+0000] {logging_mixin.py:150} INFO - [2024-12-04T16:43:40.753+0000] {manager.py:504} INFO - Created Permission View: can delete on DAG:cashier_file_processing
[2024-12-04T16:43:40.765+0000] {logging_mixin.py:150} INFO - [2024-12-04T16:43:40.765+0000] {manager.py:504} INFO - Created Permission View: can edit on DAG:cashier_file_processing
[2024-12-04T16:43:40.772+0000] {logging_mixin.py:150} INFO - [2024-12-04T16:43:40.771+0000] {manager.py:504} INFO - Created Permission View: can read on DAG:cashier_file_processing
[2024-12-04T16:43:40.900+0000] {logging_mixin.py:150} INFO - [2024-12-04T16:43:40.899+0000] {dag.py:2742} INFO - Sync 1 DAGs
[2024-12-04T16:43:40.932+0000] {logging_mixin.py:150} INFO - [2024-12-04T16:43:40.931+0000] {dag.py:2763} INFO - Creating ORM DAG for cashier_file_processing
[2024-12-04T16:43:40.956+0000] {logging_mixin.py:150} INFO - [2024-12-04T16:43:40.956+0000] {dag.py:3508} INFO - Setting next_dagrun for cashier_file_processing to None, run_after=None
[2024-12-04T16:43:41.008+0000] {processor.py:179} INFO - Processing /opt/airflow/dags/Cashier_file_processing.py took 1.209 seconds
[2024-12-04T16:44:11.342+0000] {processor.py:157} INFO - Started process (PID=37932) to work on /opt/airflow/dags/Cashier_file_processing.py
[2024-12-04T16:44:11.343+0000] {processor.py:826} INFO - Processing file /opt/airflow/dags/Cashier_file_processing.py for tasks to queue
[2024-12-04T16:44:11.344+0000] {logging_mixin.py:150} INFO - [2024-12-04T16:44:11.344+0000] {dagbag.py:541} INFO - Filling up the DagBag from /opt/airflow/dags/Cashier_file_processing.py
[2024-12-04T16:44:13.079+0000] {processor.py:836} INFO - DAG(s) dict_keys(['cashier_file_processing']) retrieved from /opt/airflow/dags/Cashier_file_processing.py
[2024-12-04T16:44:13.343+0000] {logging_mixin.py:150} INFO - [2024-12-04T16:44:13.342+0000] {dag.py:2742} INFO - Sync 1 DAGs
[2024-12-04T16:44:13.526+0000] {logging_mixin.py:150} INFO - [2024-12-04T16:44:13.525+0000] {dag.py:3508} INFO - Setting next_dagrun for cashier_file_processing to None, run_after=None
[2024-12-04T16:44:13.601+0000] {processor.py:179} INFO - Processing /opt/airflow/dags/Cashier_file_processing.py took 2.264 seconds
[2024-12-04T16:44:43.835+0000] {processor.py:157} INFO - Started process (PID=38015) to work on /opt/airflow/dags/Cashier_file_processing.py
[2024-12-04T16:44:43.838+0000] {processor.py:826} INFO - Processing file /opt/airflow/dags/Cashier_file_processing.py for tasks to queue
[2024-12-04T16:44:43.841+0000] {logging_mixin.py:150} INFO - [2024-12-04T16:44:43.841+0000] {dagbag.py:541} INFO - Filling up the DagBag from /opt/airflow/dags/Cashier_file_processing.py
[2024-12-04T16:44:45.455+0000] {processor.py:836} INFO - DAG(s) dict_keys(['cashier_file_processing']) retrieved from /opt/airflow/dags/Cashier_file_processing.py
[2024-12-04T16:44:45.624+0000] {logging_mixin.py:150} INFO - [2024-12-04T16:44:45.619+0000] {dag.py:2742} INFO - Sync 1 DAGs
[2024-12-04T16:44:45.693+0000] {logging_mixin.py:150} INFO - [2024-12-04T16:44:45.693+0000] {dag.py:3508} INFO - Setting next_dagrun for cashier_file_processing to None, run_after=None
[2024-12-04T16:44:45.716+0000] {processor.py:179} INFO - Processing /opt/airflow/dags/Cashier_file_processing.py took 1.896 seconds
[2024-12-04T16:45:16.216+0000] {processor.py:157} INFO - Started process (PID=38115) to work on /opt/airflow/dags/Cashier_file_processing.py
[2024-12-04T16:45:16.217+0000] {processor.py:826} INFO - Processing file /opt/airflow/dags/Cashier_file_processing.py for tasks to queue
[2024-12-04T16:45:16.217+0000] {logging_mixin.py:150} INFO - [2024-12-04T16:45:16.217+0000] {dagbag.py:541} INFO - Filling up the DagBag from /opt/airflow/dags/Cashier_file_processing.py
[2024-12-04T16:45:16.894+0000] {processor.py:836} INFO - DAG(s) dict_keys(['cashier_file_processing']) retrieved from /opt/airflow/dags/Cashier_file_processing.py
[2024-12-04T16:45:16.951+0000] {logging_mixin.py:150} INFO - [2024-12-04T16:45:16.950+0000] {dag.py:2742} INFO - Sync 1 DAGs
[2024-12-04T16:45:16.993+0000] {logging_mixin.py:150} INFO - [2024-12-04T16:45:16.993+0000] {dag.py:3508} INFO - Setting next_dagrun for cashier_file_processing to None, run_after=None
[2024-12-04T16:45:17.017+0000] {processor.py:179} INFO - Processing /opt/airflow/dags/Cashier_file_processing.py took 0.807 seconds
[2024-12-04T16:45:47.342+0000] {processor.py:157} INFO - Started process (PID=38206) to work on /opt/airflow/dags/Cashier_file_processing.py
[2024-12-04T16:45:47.343+0000] {processor.py:826} INFO - Processing file /opt/airflow/dags/Cashier_file_processing.py for tasks to queue
[2024-12-04T16:45:47.344+0000] {logging_mixin.py:150} INFO - [2024-12-04T16:45:47.344+0000] {dagbag.py:541} INFO - Filling up the DagBag from /opt/airflow/dags/Cashier_file_processing.py
[2024-12-04T16:45:48.748+0000] {processor.py:836} INFO - DAG(s) dict_keys(['cashier_file_processing']) retrieved from /opt/airflow/dags/Cashier_file_processing.py
[2024-12-04T16:45:48.788+0000] {logging_mixin.py:150} INFO - [2024-12-04T16:45:48.787+0000] {dag.py:2742} INFO - Sync 1 DAGs
[2024-12-04T16:45:48.818+0000] {logging_mixin.py:150} INFO - [2024-12-04T16:45:48.818+0000] {dag.py:3508} INFO - Setting next_dagrun for cashier_file_processing to None, run_after=None
[2024-12-04T16:45:48.843+0000] {processor.py:179} INFO - Processing /opt/airflow/dags/Cashier_file_processing.py took 1.507 seconds
[2024-12-04T16:46:19.009+0000] {processor.py:157} INFO - Started process (PID=38297) to work on /opt/airflow/dags/Cashier_file_processing.py
[2024-12-04T16:46:19.010+0000] {processor.py:826} INFO - Processing file /opt/airflow/dags/Cashier_file_processing.py for tasks to queue
[2024-12-04T16:46:19.011+0000] {logging_mixin.py:150} INFO - [2024-12-04T16:46:19.011+0000] {dagbag.py:541} INFO - Filling up the DagBag from /opt/airflow/dags/Cashier_file_processing.py
[2024-12-04T16:46:19.522+0000] {processor.py:836} INFO - DAG(s) dict_keys(['cashier_file_processing']) retrieved from /opt/airflow/dags/Cashier_file_processing.py
[2024-12-04T16:46:19.539+0000] {logging_mixin.py:150} INFO - [2024-12-04T16:46:19.539+0000] {dag.py:2742} INFO - Sync 1 DAGs
[2024-12-04T16:46:19.564+0000] {logging_mixin.py:150} INFO - [2024-12-04T16:46:19.564+0000] {dag.py:3508} INFO - Setting next_dagrun for cashier_file_processing to None, run_after=None
[2024-12-04T16:46:19.578+0000] {processor.py:179} INFO - Processing /opt/airflow/dags/Cashier_file_processing.py took 0.575 seconds
[2024-12-04T16:46:49.804+0000] {processor.py:157} INFO - Started process (PID=38379) to work on /opt/airflow/dags/Cashier_file_processing.py
[2024-12-04T16:46:49.809+0000] {processor.py:826} INFO - Processing file /opt/airflow/dags/Cashier_file_processing.py for tasks to queue
[2024-12-04T16:46:49.814+0000] {logging_mixin.py:150} INFO - [2024-12-04T16:46:49.812+0000] {dagbag.py:541} INFO - Filling up the DagBag from /opt/airflow/dags/Cashier_file_processing.py
[2024-12-04T16:46:50.460+0000] {processor.py:836} INFO - DAG(s) dict_keys(['cashier_file_processing']) retrieved from /opt/airflow/dags/Cashier_file_processing.py
[2024-12-04T16:46:50.482+0000] {logging_mixin.py:150} INFO - [2024-12-04T16:46:50.482+0000] {dag.py:2742} INFO - Sync 1 DAGs
[2024-12-04T16:46:50.504+0000] {logging_mixin.py:150} INFO - [2024-12-04T16:46:50.504+0000] {dag.py:3508} INFO - Setting next_dagrun for cashier_file_processing to None, run_after=None
[2024-12-04T16:46:50.524+0000] {processor.py:179} INFO - Processing /opt/airflow/dags/Cashier_file_processing.py took 0.739 seconds
[2024-12-04T16:47:17.177+0000] {processor.py:157} INFO - Started process (PID=38461) to work on /opt/airflow/dags/Cashier_file_processing.py
[2024-12-04T16:47:17.192+0000] {processor.py:826} INFO - Processing file /opt/airflow/dags/Cashier_file_processing.py for tasks to queue
[2024-12-04T16:47:17.196+0000] {logging_mixin.py:150} INFO - [2024-12-04T16:47:17.194+0000] {dagbag.py:541} INFO - Filling up the DagBag from /opt/airflow/dags/Cashier_file_processing.py
[2024-12-04T16:47:18.606+0000] {processor.py:836} INFO - DAG(s) dict_keys(['cashier_file_processing']) retrieved from /opt/airflow/dags/Cashier_file_processing.py
[2024-12-04T16:47:18.701+0000] {logging_mixin.py:150} INFO - [2024-12-04T16:47:18.701+0000] {dag.py:2742} INFO - Sync 1 DAGs
[2024-12-04T16:47:18.731+0000] {logging_mixin.py:150} INFO - [2024-12-04T16:47:18.731+0000] {dag.py:3508} INFO - Setting next_dagrun for cashier_file_processing to None, run_after=None
[2024-12-04T16:47:18.752+0000] {processor.py:179} INFO - Processing /opt/airflow/dags/Cashier_file_processing.py took 1.597 seconds
[2024-12-04T16:47:49.012+0000] {processor.py:157} INFO - Started process (PID=38552) to work on /opt/airflow/dags/Cashier_file_processing.py
[2024-12-04T16:47:49.016+0000] {processor.py:826} INFO - Processing file /opt/airflow/dags/Cashier_file_processing.py for tasks to queue
[2024-12-04T16:47:49.019+0000] {logging_mixin.py:150} INFO - [2024-12-04T16:47:49.018+0000] {dagbag.py:541} INFO - Filling up the DagBag from /opt/airflow/dags/Cashier_file_processing.py
[2024-12-04T16:47:49.797+0000] {processor.py:836} INFO - DAG(s) dict_keys(['cashier_file_processing']) retrieved from /opt/airflow/dags/Cashier_file_processing.py
[2024-12-04T16:47:49.828+0000] {logging_mixin.py:150} INFO - [2024-12-04T16:47:49.828+0000] {dag.py:2742} INFO - Sync 1 DAGs
[2024-12-04T16:47:49.849+0000] {logging_mixin.py:150} INFO - [2024-12-04T16:47:49.849+0000] {dag.py:3508} INFO - Setting next_dagrun for cashier_file_processing to None, run_after=None
[2024-12-04T16:47:49.862+0000] {processor.py:179} INFO - Processing /opt/airflow/dags/Cashier_file_processing.py took 0.866 seconds
[2024-12-04T16:48:21.316+0000] {processor.py:157} INFO - Started process (PID=38643) to work on /opt/airflow/dags/Cashier_file_processing.py
[2024-12-04T16:48:22.566+0000] {processor.py:826} INFO - Processing file /opt/airflow/dags/Cashier_file_processing.py for tasks to queue
[2024-12-04T16:48:22.650+0000] {logging_mixin.py:150} INFO - [2024-12-04T16:48:22.635+0000] {dagbag.py:541} INFO - Filling up the DagBag from /opt/airflow/dags/Cashier_file_processing.py
[2024-12-04T16:48:26.016+0000] {processor.py:836} INFO - DAG(s) dict_keys(['cashier_file_processing']) retrieved from /opt/airflow/dags/Cashier_file_processing.py
[2024-12-04T16:48:26.657+0000] {logging_mixin.py:150} INFO - [2024-12-04T16:48:26.654+0000] {dag.py:2742} INFO - Sync 1 DAGs
[2024-12-04T16:48:26.735+0000] {logging_mixin.py:150} INFO - [2024-12-04T16:48:26.734+0000] {dag.py:3508} INFO - Setting next_dagrun for cashier_file_processing to None, run_after=None
[2024-12-04T16:48:26.780+0000] {processor.py:179} INFO - Processing /opt/airflow/dags/Cashier_file_processing.py took 5.781 seconds
[2024-12-04T16:48:57.104+0000] {processor.py:157} INFO - Started process (PID=38734) to work on /opt/airflow/dags/Cashier_file_processing.py
[2024-12-04T16:48:57.120+0000] {processor.py:826} INFO - Processing file /opt/airflow/dags/Cashier_file_processing.py for tasks to queue
[2024-12-04T16:48:57.123+0000] {logging_mixin.py:150} INFO - [2024-12-04T16:48:57.122+0000] {dagbag.py:541} INFO - Filling up the DagBag from /opt/airflow/dags/Cashier_file_processing.py
[2024-12-04T16:48:58.059+0000] {processor.py:836} INFO - DAG(s) dict_keys(['cashier_file_processing']) retrieved from /opt/airflow/dags/Cashier_file_processing.py
[2024-12-04T16:48:58.077+0000] {logging_mixin.py:150} INFO - [2024-12-04T16:48:58.077+0000] {dag.py:2742} INFO - Sync 1 DAGs
[2024-12-04T16:48:58.096+0000] {logging_mixin.py:150} INFO - [2024-12-04T16:48:58.096+0000] {dag.py:3508} INFO - Setting next_dagrun for cashier_file_processing to None, run_after=None
[2024-12-04T16:48:58.108+0000] {processor.py:179} INFO - Processing /opt/airflow/dags/Cashier_file_processing.py took 1.018 seconds
[2024-12-04T16:49:28.694+0000] {processor.py:157} INFO - Started process (PID=38825) to work on /opt/airflow/dags/Cashier_file_processing.py
[2024-12-04T16:49:28.700+0000] {processor.py:826} INFO - Processing file /opt/airflow/dags/Cashier_file_processing.py for tasks to queue
[2024-12-04T16:49:28.704+0000] {logging_mixin.py:150} INFO - [2024-12-04T16:49:28.703+0000] {dagbag.py:541} INFO - Filling up the DagBag from /opt/airflow/dags/Cashier_file_processing.py
[2024-12-04T16:49:29.841+0000] {processor.py:836} INFO - DAG(s) dict_keys(['cashier_file_processing']) retrieved from /opt/airflow/dags/Cashier_file_processing.py
[2024-12-04T16:49:29.896+0000] {logging_mixin.py:150} INFO - [2024-12-04T16:49:29.896+0000] {dag.py:2742} INFO - Sync 1 DAGs
[2024-12-04T16:49:29.926+0000] {logging_mixin.py:150} INFO - [2024-12-04T16:49:29.926+0000] {dag.py:3508} INFO - Setting next_dagrun for cashier_file_processing to None, run_after=None
[2024-12-04T16:49:29.953+0000] {processor.py:179} INFO - Processing /opt/airflow/dags/Cashier_file_processing.py took 1.276 seconds
[2024-12-04T16:50:00.159+0000] {processor.py:157} INFO - Started process (PID=38916) to work on /opt/airflow/dags/Cashier_file_processing.py
[2024-12-04T16:50:00.161+0000] {processor.py:826} INFO - Processing file /opt/airflow/dags/Cashier_file_processing.py for tasks to queue
[2024-12-04T16:50:00.165+0000] {logging_mixin.py:150} INFO - [2024-12-04T16:50:00.162+0000] {dagbag.py:541} INFO - Filling up the DagBag from /opt/airflow/dags/Cashier_file_processing.py
[2024-12-04T16:50:01.288+0000] {processor.py:836} INFO - DAG(s) dict_keys(['cashier_file_processing']) retrieved from /opt/airflow/dags/Cashier_file_processing.py
[2024-12-04T16:50:01.373+0000] {logging_mixin.py:150} INFO - [2024-12-04T16:50:01.372+0000] {dag.py:2742} INFO - Sync 1 DAGs
[2024-12-04T16:50:01.427+0000] {logging_mixin.py:150} INFO - [2024-12-04T16:50:01.426+0000] {dag.py:3508} INFO - Setting next_dagrun for cashier_file_processing to None, run_after=None
[2024-12-04T16:50:01.447+0000] {processor.py:179} INFO - Processing /opt/airflow/dags/Cashier_file_processing.py took 1.298 seconds
[2024-12-04T16:50:48.543+0000] {processor.py:157} INFO - Started process (PID=38992) to work on /opt/airflow/dags/Cashier_file_processing.py
[2024-12-04T16:50:48.550+0000] {processor.py:826} INFO - Processing file /opt/airflow/dags/Cashier_file_processing.py for tasks to queue
[2024-12-04T16:50:48.552+0000] {logging_mixin.py:150} INFO - [2024-12-04T16:50:48.551+0000] {dagbag.py:541} INFO - Filling up the DagBag from /opt/airflow/dags/Cashier_file_processing.py
[2024-12-04T16:50:53.203+0000] {processor.py:836} INFO - DAG(s) dict_keys(['cashier_file_processing']) retrieved from /opt/airflow/dags/Cashier_file_processing.py
[2024-12-04T16:50:53.285+0000] {logging_mixin.py:150} INFO - [2024-12-04T16:50:53.284+0000] {dag.py:2742} INFO - Sync 1 DAGs
[2024-12-04T16:50:53.341+0000] {logging_mixin.py:150} INFO - [2024-12-04T16:50:53.341+0000] {dag.py:3508} INFO - Setting next_dagrun for cashier_file_processing to None, run_after=None
[2024-12-04T16:50:53.373+0000] {processor.py:179} INFO - Processing /opt/airflow/dags/Cashier_file_processing.py took 4.844 seconds
[2024-12-04T16:51:23.524+0000] {processor.py:157} INFO - Started process (PID=39083) to work on /opt/airflow/dags/Cashier_file_processing.py
[2024-12-04T16:51:23.526+0000] {processor.py:826} INFO - Processing file /opt/airflow/dags/Cashier_file_processing.py for tasks to queue
[2024-12-04T16:51:23.527+0000] {logging_mixin.py:150} INFO - [2024-12-04T16:51:23.526+0000] {dagbag.py:541} INFO - Filling up the DagBag from /opt/airflow/dags/Cashier_file_processing.py
[2024-12-04T16:51:25.174+0000] {processor.py:836} INFO - DAG(s) dict_keys(['cashier_file_processing']) retrieved from /opt/airflow/dags/Cashier_file_processing.py
[2024-12-04T16:51:25.361+0000] {logging_mixin.py:150} INFO - [2024-12-04T16:51:25.359+0000] {dag.py:2742} INFO - Sync 1 DAGs
[2024-12-04T16:51:25.439+0000] {logging_mixin.py:150} INFO - [2024-12-04T16:51:25.439+0000] {dag.py:3508} INFO - Setting next_dagrun for cashier_file_processing to None, run_after=None
[2024-12-04T16:51:25.495+0000] {processor.py:179} INFO - Processing /opt/airflow/dags/Cashier_file_processing.py took 1.975 seconds
[2024-12-04T16:51:59.028+0000] {processor.py:157} INFO - Started process (PID=39156) to work on /opt/airflow/dags/Cashier_file_processing.py
[2024-12-04T16:51:59.033+0000] {processor.py:826} INFO - Processing file /opt/airflow/dags/Cashier_file_processing.py for tasks to queue
[2024-12-04T16:51:59.036+0000] {logging_mixin.py:150} INFO - [2024-12-04T16:51:59.035+0000] {dagbag.py:541} INFO - Filling up the DagBag from /opt/airflow/dags/Cashier_file_processing.py
[2024-12-04T16:52:02.036+0000] {processor.py:836} INFO - DAG(s) dict_keys(['cashier_file_processing']) retrieved from /opt/airflow/dags/Cashier_file_processing.py
[2024-12-04T16:52:02.391+0000] {logging_mixin.py:150} INFO - [2024-12-04T16:52:02.386+0000] {dag.py:2742} INFO - Sync 1 DAGs
[2024-12-04T16:52:02.648+0000] {logging_mixin.py:150} INFO - [2024-12-04T16:52:02.646+0000] {dag.py:3508} INFO - Setting next_dagrun for cashier_file_processing to None, run_after=None
[2024-12-04T16:52:02.755+0000] {processor.py:179} INFO - Processing /opt/airflow/dags/Cashier_file_processing.py took 3.740 seconds
[2024-12-04T16:52:33.490+0000] {processor.py:157} INFO - Started process (PID=39247) to work on /opt/airflow/dags/Cashier_file_processing.py
[2024-12-04T16:52:33.493+0000] {processor.py:826} INFO - Processing file /opt/airflow/dags/Cashier_file_processing.py for tasks to queue
[2024-12-04T16:52:33.495+0000] {logging_mixin.py:150} INFO - [2024-12-04T16:52:33.494+0000] {dagbag.py:541} INFO - Filling up the DagBag from /opt/airflow/dags/Cashier_file_processing.py
[2024-12-04T16:52:34.439+0000] {processor.py:836} INFO - DAG(s) dict_keys(['cashier_file_processing']) retrieved from /opt/airflow/dags/Cashier_file_processing.py
[2024-12-04T16:52:34.507+0000] {logging_mixin.py:150} INFO - [2024-12-04T16:52:34.506+0000] {dag.py:2742} INFO - Sync 1 DAGs
[2024-12-04T16:52:34.546+0000] {logging_mixin.py:150} INFO - [2024-12-04T16:52:34.546+0000] {dag.py:3508} INFO - Setting next_dagrun for cashier_file_processing to None, run_after=None
[2024-12-04T16:52:34.607+0000] {processor.py:179} INFO - Processing /opt/airflow/dags/Cashier_file_processing.py took 1.137 seconds
[2024-12-04T16:53:05.020+0000] {processor.py:157} INFO - Started process (PID=39338) to work on /opt/airflow/dags/Cashier_file_processing.py
[2024-12-04T16:53:05.027+0000] {processor.py:826} INFO - Processing file /opt/airflow/dags/Cashier_file_processing.py for tasks to queue
[2024-12-04T16:53:05.031+0000] {logging_mixin.py:150} INFO - [2024-12-04T16:53:05.031+0000] {dagbag.py:541} INFO - Filling up the DagBag from /opt/airflow/dags/Cashier_file_processing.py
[2024-12-04T16:53:09.385+0000] {processor.py:836} INFO - DAG(s) dict_keys(['cashier_file_processing']) retrieved from /opt/airflow/dags/Cashier_file_processing.py
[2024-12-04T16:53:09.786+0000] {logging_mixin.py:150} INFO - [2024-12-04T16:53:09.783+0000] {dag.py:2742} INFO - Sync 1 DAGs
[2024-12-04T16:53:09.912+0000] {logging_mixin.py:150} INFO - [2024-12-04T16:53:09.912+0000] {dag.py:3508} INFO - Setting next_dagrun for cashier_file_processing to None, run_after=None
[2024-12-04T16:53:10.044+0000] {processor.py:179} INFO - Processing /opt/airflow/dags/Cashier_file_processing.py took 5.052 seconds
[2024-12-04T16:54:19.050+0000] {processor.py:157} INFO - Started process (PID=39368) to work on /opt/airflow/dags/Cashier_file_processing.py
[2024-12-04T16:54:19.594+0000] {processor.py:826} INFO - Processing file /opt/airflow/dags/Cashier_file_processing.py for tasks to queue
[2024-12-04T16:54:20.568+0000] {logging_mixin.py:150} INFO - [2024-12-04T16:54:20.467+0000] {dagbag.py:541} INFO - Filling up the DagBag from /opt/airflow/dags/Cashier_file_processing.py
[2024-12-04T16:54:51.718+0000] {logging_mixin.py:150} INFO - [2024-12-04T16:54:51.406+0000] {timeout.py:68} ERROR - Process timed out, PID: 39368
[2024-12-04T16:54:51.891+0000] {logging_mixin.py:150} INFO - [2024-12-04T16:54:51.734+0000] {dagbag.py:350} ERROR - Failed to import: /opt/airflow/dags/Cashier_file_processing.py
Traceback (most recent call last):
  File "/home/airflow/.local/lib/python3.7/site-packages/airflow/models/dagbag.py", line 346, in parse
    loader.exec_module(new_module)
  File "<frozen importlib._bootstrap_external>", line 728, in exec_module
  File "<frozen importlib._bootstrap>", line 219, in _call_with_frames_removed
  File "/opt/airflow/dags/Cashier_file_processing.py", line 5, in <module>
    import pandas as pd
  File "/home/airflow/.local/lib/python3.7/site-packages/pandas/__init__.py", line 50, in <module>
    from pandas.core.api import (
  File "/home/airflow/.local/lib/python3.7/site-packages/pandas/core/api.py", line 29, in <module>
    from pandas.core.arrays import Categorical
  File "/home/airflow/.local/lib/python3.7/site-packages/pandas/core/arrays/__init__.py", line 20, in <module>
    from pandas.core.arrays.string_arrow import ArrowStringArray
  File "/home/airflow/.local/lib/python3.7/site-packages/pandas/core/arrays/string_arrow.py", line 65, in <module>
    import pyarrow.compute as pc
  File "/home/airflow/.local/lib/python3.7/site-packages/pyarrow/compute.py", line 18, in <module>
    from pyarrow._compute import (  # noqa
  File "pyarrow/_compute.pyx", line 25, in init pyarrow._compute
  File "<frozen importlib._bootstrap>", line 1009, in _handle_fromlist
  File "/home/airflow/.local/lib/python3.7/site-packages/airflow/utils/timeout.py", line 69, in handle_timeout
    raise AirflowTaskTimeout(self.error_message)
airflow.exceptions.AirflowTaskTimeout: DagBag import timeout for /opt/airflow/dags/Cashier_file_processing.py after 30.0s.
Please take a look at these docs to improve your DAG import time:
* https://airflow.apache.org/docs/apache-airflow/2.6.3/best-practices.html#top-level-python-code
* https://airflow.apache.org/docs/apache-airflow/2.6.3/best-practices.html#reducing-dag-complexity, PID: 39368
[2024-12-04T16:54:51.938+0000] {processor.py:838} WARNING - No viable dags retrieved from /opt/airflow/dags/Cashier_file_processing.py
[2024-12-04T16:54:52.212+0000] {processor.py:179} INFO - Processing /opt/airflow/dags/Cashier_file_processing.py took 33.309 seconds
[2024-12-04T16:55:22.632+0000] {processor.py:157} INFO - Started process (PID=39459) to work on /opt/airflow/dags/Cashier_file_processing.py
[2024-12-04T16:55:22.636+0000] {processor.py:826} INFO - Processing file /opt/airflow/dags/Cashier_file_processing.py for tasks to queue
[2024-12-04T16:55:22.639+0000] {logging_mixin.py:150} INFO - [2024-12-04T16:55:22.637+0000] {dagbag.py:541} INFO - Filling up the DagBag from /opt/airflow/dags/Cashier_file_processing.py
[2024-12-04T16:55:23.686+0000] {processor.py:836} INFO - DAG(s) dict_keys(['cashier_file_processing']) retrieved from /opt/airflow/dags/Cashier_file_processing.py
[2024-12-04T16:55:23.788+0000] {logging_mixin.py:150} INFO - [2024-12-04T16:55:23.787+0000] {dag.py:2742} INFO - Sync 1 DAGs
[2024-12-04T16:55:23.850+0000] {logging_mixin.py:150} INFO - [2024-12-04T16:55:23.850+0000] {dag.py:3508} INFO - Setting next_dagrun for cashier_file_processing to None, run_after=None
[2024-12-04T16:55:23.939+0000] {processor.py:179} INFO - Processing /opt/airflow/dags/Cashier_file_processing.py took 1.324 seconds
[2024-12-04T16:55:54.799+0000] {processor.py:157} INFO - Started process (PID=39550) to work on /opt/airflow/dags/Cashier_file_processing.py
[2024-12-04T16:55:54.802+0000] {processor.py:826} INFO - Processing file /opt/airflow/dags/Cashier_file_processing.py for tasks to queue
[2024-12-04T16:55:54.805+0000] {logging_mixin.py:150} INFO - [2024-12-04T16:55:54.804+0000] {dagbag.py:541} INFO - Filling up the DagBag from /opt/airflow/dags/Cashier_file_processing.py
[2024-12-04T16:55:55.707+0000] {processor.py:836} INFO - DAG(s) dict_keys(['cashier_file_processing']) retrieved from /opt/airflow/dags/Cashier_file_processing.py
[2024-12-04T16:55:55.820+0000] {logging_mixin.py:150} INFO - [2024-12-04T16:55:55.819+0000] {dag.py:2742} INFO - Sync 1 DAGs
[2024-12-04T16:55:55.888+0000] {logging_mixin.py:150} INFO - [2024-12-04T16:55:55.888+0000] {dag.py:3508} INFO - Setting next_dagrun for cashier_file_processing to None, run_after=None
[2024-12-04T16:55:55.941+0000] {processor.py:179} INFO - Processing /opt/airflow/dags/Cashier_file_processing.py took 1.157 seconds
[2024-12-04T16:56:06.352+0000] {processor.py:157} INFO - Started process (PID=39607) to work on /opt/airflow/dags/Cashier_file_processing.py
[2024-12-04T16:56:06.354+0000] {processor.py:826} INFO - Processing file /opt/airflow/dags/Cashier_file_processing.py for tasks to queue
[2024-12-04T16:56:06.355+0000] {logging_mixin.py:150} INFO - [2024-12-04T16:56:06.355+0000] {dagbag.py:541} INFO - Filling up the DagBag from /opt/airflow/dags/Cashier_file_processing.py
[2024-12-04T16:56:07.284+0000] {processor.py:836} INFO - DAG(s) dict_keys(['cashier_file_processing']) retrieved from /opt/airflow/dags/Cashier_file_processing.py
[2024-12-04T16:56:07.611+0000] {logging_mixin.py:150} INFO - [2024-12-04T16:56:07.610+0000] {dag.py:2742} INFO - Sync 1 DAGs
[2024-12-04T16:56:07.641+0000] {logging_mixin.py:150} INFO - [2024-12-04T16:56:07.641+0000] {dag.py:3508} INFO - Setting next_dagrun for cashier_file_processing to None, run_after=None
[2024-12-04T16:56:07.682+0000] {processor.py:179} INFO - Processing /opt/airflow/dags/Cashier_file_processing.py took 1.334 seconds
[2024-12-04T16:56:38.184+0000] {processor.py:157} INFO - Started process (PID=39703) to work on /opt/airflow/dags/Cashier_file_processing.py
[2024-12-04T16:56:38.185+0000] {processor.py:826} INFO - Processing file /opt/airflow/dags/Cashier_file_processing.py for tasks to queue
[2024-12-04T16:56:38.193+0000] {logging_mixin.py:150} INFO - [2024-12-04T16:56:38.193+0000] {dagbag.py:541} INFO - Filling up the DagBag from /opt/airflow/dags/Cashier_file_processing.py
[2024-12-04T16:56:38.598+0000] {processor.py:836} INFO - DAG(s) dict_keys(['cashier_file_processing']) retrieved from /opt/airflow/dags/Cashier_file_processing.py
[2024-12-04T16:56:38.625+0000] {logging_mixin.py:150} INFO - [2024-12-04T16:56:38.625+0000] {dag.py:2742} INFO - Sync 1 DAGs
[2024-12-04T16:56:38.661+0000] {logging_mixin.py:150} INFO - [2024-12-04T16:56:38.660+0000] {dag.py:3508} INFO - Setting next_dagrun for cashier_file_processing to None, run_after=None
[2024-12-04T16:56:38.677+0000] {processor.py:179} INFO - Processing /opt/airflow/dags/Cashier_file_processing.py took 0.498 seconds
[2024-12-04T16:57:09.050+0000] {processor.py:157} INFO - Started process (PID=39791) to work on /opt/airflow/dags/Cashier_file_processing.py
[2024-12-04T16:57:09.050+0000] {processor.py:826} INFO - Processing file /opt/airflow/dags/Cashier_file_processing.py for tasks to queue
[2024-12-04T16:57:09.052+0000] {logging_mixin.py:150} INFO - [2024-12-04T16:57:09.051+0000] {dagbag.py:541} INFO - Filling up the DagBag from /opt/airflow/dags/Cashier_file_processing.py
[2024-12-04T16:57:09.528+0000] {processor.py:836} INFO - DAG(s) dict_keys(['cashier_file_processing']) retrieved from /opt/airflow/dags/Cashier_file_processing.py
[2024-12-04T16:57:09.572+0000] {logging_mixin.py:150} INFO - [2024-12-04T16:57:09.572+0000] {dag.py:2742} INFO - Sync 1 DAGs
[2024-12-04T16:57:09.599+0000] {logging_mixin.py:150} INFO - [2024-12-04T16:57:09.599+0000] {dag.py:3508} INFO - Setting next_dagrun for cashier_file_processing to None, run_after=None
[2024-12-04T16:57:09.615+0000] {processor.py:179} INFO - Processing /opt/airflow/dags/Cashier_file_processing.py took 0.568 seconds
[2024-12-04T16:57:39.765+0000] {processor.py:157} INFO - Started process (PID=39864) to work on /opt/airflow/dags/Cashier_file_processing.py
[2024-12-04T16:57:39.766+0000] {processor.py:826} INFO - Processing file /opt/airflow/dags/Cashier_file_processing.py for tasks to queue
[2024-12-04T16:57:39.767+0000] {logging_mixin.py:150} INFO - [2024-12-04T16:57:39.767+0000] {dagbag.py:541} INFO - Filling up the DagBag from /opt/airflow/dags/Cashier_file_processing.py
[2024-12-04T16:57:42.799+0000] {processor.py:836} INFO - DAG(s) dict_keys(['cashier_file_processing']) retrieved from /opt/airflow/dags/Cashier_file_processing.py
[2024-12-04T16:57:43.007+0000] {logging_mixin.py:150} INFO - [2024-12-04T16:57:43.006+0000] {dag.py:2742} INFO - Sync 1 DAGs
[2024-12-04T16:57:43.151+0000] {logging_mixin.py:150} INFO - [2024-12-04T16:57:43.150+0000] {dag.py:3508} INFO - Setting next_dagrun for cashier_file_processing to None, run_after=None
[2024-12-04T16:57:43.402+0000] {processor.py:179} INFO - Processing /opt/airflow/dags/Cashier_file_processing.py took 3.644 seconds
[2024-12-04T16:58:13.963+0000] {processor.py:157} INFO - Started process (PID=39957) to work on /opt/airflow/dags/Cashier_file_processing.py
[2024-12-04T16:58:13.965+0000] {processor.py:826} INFO - Processing file /opt/airflow/dags/Cashier_file_processing.py for tasks to queue
[2024-12-04T16:58:13.966+0000] {logging_mixin.py:150} INFO - [2024-12-04T16:58:13.966+0000] {dagbag.py:541} INFO - Filling up the DagBag from /opt/airflow/dags/Cashier_file_processing.py
[2024-12-04T16:58:14.531+0000] {processor.py:836} INFO - DAG(s) dict_keys(['cashier_file_processing']) retrieved from /opt/airflow/dags/Cashier_file_processing.py
[2024-12-04T16:58:14.578+0000] {logging_mixin.py:150} INFO - [2024-12-04T16:58:14.577+0000] {dag.py:2742} INFO - Sync 1 DAGs
[2024-12-04T16:58:14.615+0000] {logging_mixin.py:150} INFO - [2024-12-04T16:58:14.615+0000] {dag.py:3508} INFO - Setting next_dagrun for cashier_file_processing to None, run_after=None
[2024-12-04T16:58:14.632+0000] {processor.py:179} INFO - Processing /opt/airflow/dags/Cashier_file_processing.py took 0.674 seconds
[2024-12-04T16:58:45.405+0000] {processor.py:157} INFO - Started process (PID=40048) to work on /opt/airflow/dags/Cashier_file_processing.py
[2024-12-04T16:58:45.408+0000] {processor.py:826} INFO - Processing file /opt/airflow/dags/Cashier_file_processing.py for tasks to queue
[2024-12-04T16:58:45.410+0000] {logging_mixin.py:150} INFO - [2024-12-04T16:58:45.409+0000] {dagbag.py:541} INFO - Filling up the DagBag from /opt/airflow/dags/Cashier_file_processing.py
[2024-12-04T16:58:46.298+0000] {processor.py:836} INFO - DAG(s) dict_keys(['cashier_file_processing']) retrieved from /opt/airflow/dags/Cashier_file_processing.py
[2024-12-04T16:58:46.368+0000] {logging_mixin.py:150} INFO - [2024-12-04T16:58:46.367+0000] {dag.py:2742} INFO - Sync 1 DAGs
[2024-12-04T16:58:46.408+0000] {logging_mixin.py:150} INFO - [2024-12-04T16:58:46.408+0000] {dag.py:3508} INFO - Setting next_dagrun for cashier_file_processing to None, run_after=None
[2024-12-04T16:58:46.428+0000] {processor.py:179} INFO - Processing /opt/airflow/dags/Cashier_file_processing.py took 1.029 seconds
[2024-12-04T16:59:16.525+0000] {processor.py:157} INFO - Started process (PID=40139) to work on /opt/airflow/dags/Cashier_file_processing.py
[2024-12-04T16:59:16.534+0000] {processor.py:826} INFO - Processing file /opt/airflow/dags/Cashier_file_processing.py for tasks to queue
[2024-12-04T16:59:16.538+0000] {logging_mixin.py:150} INFO - [2024-12-04T16:59:16.537+0000] {dagbag.py:541} INFO - Filling up the DagBag from /opt/airflow/dags/Cashier_file_processing.py
[2024-12-04T16:59:17.290+0000] {processor.py:836} INFO - DAG(s) dict_keys(['cashier_file_processing']) retrieved from /opt/airflow/dags/Cashier_file_processing.py
[2024-12-04T16:59:17.323+0000] {logging_mixin.py:150} INFO - [2024-12-04T16:59:17.323+0000] {dag.py:2742} INFO - Sync 1 DAGs
[2024-12-04T16:59:17.348+0000] {logging_mixin.py:150} INFO - [2024-12-04T16:59:17.348+0000] {dag.py:3508} INFO - Setting next_dagrun for cashier_file_processing to None, run_after=None
[2024-12-04T16:59:17.370+0000] {processor.py:179} INFO - Processing /opt/airflow/dags/Cashier_file_processing.py took 0.866 seconds
[2024-12-04T16:59:48.174+0000] {processor.py:157} INFO - Started process (PID=40230) to work on /opt/airflow/dags/Cashier_file_processing.py
[2024-12-04T16:59:48.180+0000] {processor.py:826} INFO - Processing file /opt/airflow/dags/Cashier_file_processing.py for tasks to queue
[2024-12-04T16:59:48.182+0000] {logging_mixin.py:150} INFO - [2024-12-04T16:59:48.181+0000] {dagbag.py:541} INFO - Filling up the DagBag from /opt/airflow/dags/Cashier_file_processing.py
[2024-12-04T16:59:48.760+0000] {processor.py:836} INFO - DAG(s) dict_keys(['cashier_file_processing']) retrieved from /opt/airflow/dags/Cashier_file_processing.py
[2024-12-04T16:59:48.797+0000] {logging_mixin.py:150} INFO - [2024-12-04T16:59:48.797+0000] {dag.py:2742} INFO - Sync 1 DAGs
[2024-12-04T16:59:48.827+0000] {logging_mixin.py:150} INFO - [2024-12-04T16:59:48.827+0000] {dag.py:3508} INFO - Setting next_dagrun for cashier_file_processing to None, run_after=None
[2024-12-04T16:59:48.852+0000] {processor.py:179} INFO - Processing /opt/airflow/dags/Cashier_file_processing.py took 0.708 seconds
[2024-12-04T17:00:19.210+0000] {processor.py:157} INFO - Started process (PID=40322) to work on /opt/airflow/dags/Cashier_file_processing.py
[2024-12-04T17:00:19.216+0000] {processor.py:826} INFO - Processing file /opt/airflow/dags/Cashier_file_processing.py for tasks to queue
[2024-12-04T17:00:19.228+0000] {logging_mixin.py:150} INFO - [2024-12-04T17:00:19.225+0000] {dagbag.py:541} INFO - Filling up the DagBag from /opt/airflow/dags/Cashier_file_processing.py
[2024-12-04T17:00:25.271+0000] {processor.py:836} INFO - DAG(s) dict_keys(['cashier_file_processing']) retrieved from /opt/airflow/dags/Cashier_file_processing.py
[2024-12-04T17:00:25.446+0000] {logging_mixin.py:150} INFO - [2024-12-04T17:00:25.443+0000] {dag.py:2742} INFO - Sync 1 DAGs
[2024-12-04T17:00:25.516+0000] {logging_mixin.py:150} INFO - [2024-12-04T17:00:25.516+0000] {dag.py:3508} INFO - Setting next_dagrun for cashier_file_processing to None, run_after=None
[2024-12-04T17:00:31.287+0000] {processor.py:179} INFO - Processing /opt/airflow/dags/Cashier_file_processing.py took 12.099 seconds
[2024-12-04T17:01:01.797+0000] {processor.py:157} INFO - Started process (PID=40426) to work on /opt/airflow/dags/Cashier_file_processing.py
[2024-12-04T17:01:01.802+0000] {processor.py:826} INFO - Processing file /opt/airflow/dags/Cashier_file_processing.py for tasks to queue
[2024-12-04T17:01:01.805+0000] {logging_mixin.py:150} INFO - [2024-12-04T17:01:01.804+0000] {dagbag.py:541} INFO - Filling up the DagBag from /opt/airflow/dags/Cashier_file_processing.py
[2024-12-04T17:01:02.443+0000] {processor.py:836} INFO - DAG(s) dict_keys(['cashier_file_processing']) retrieved from /opt/airflow/dags/Cashier_file_processing.py
[2024-12-04T17:01:02.481+0000] {logging_mixin.py:150} INFO - [2024-12-04T17:01:02.480+0000] {dag.py:2742} INFO - Sync 1 DAGs
[2024-12-04T17:01:02.508+0000] {logging_mixin.py:150} INFO - [2024-12-04T17:01:02.508+0000] {dag.py:3508} INFO - Setting next_dagrun for cashier_file_processing to None, run_after=None
[2024-12-04T17:01:02.525+0000] {processor.py:179} INFO - Processing /opt/airflow/dags/Cashier_file_processing.py took 0.754 seconds
[2024-12-04T17:01:18.710+0000] {processor.py:157} INFO - Started process (PID=40497) to work on /opt/airflow/dags/Cashier_file_processing.py
[2024-12-04T17:01:18.712+0000] {processor.py:826} INFO - Processing file /opt/airflow/dags/Cashier_file_processing.py for tasks to queue
[2024-12-04T17:01:18.713+0000] {logging_mixin.py:150} INFO - [2024-12-04T17:01:18.713+0000] {dagbag.py:541} INFO - Filling up the DagBag from /opt/airflow/dags/Cashier_file_processing.py
[2024-12-04T17:01:19.423+0000] {processor.py:836} INFO - DAG(s) dict_keys(['cashier_file_processing']) retrieved from /opt/airflow/dags/Cashier_file_processing.py
[2024-12-04T17:01:20.145+0000] {logging_mixin.py:150} INFO - [2024-12-04T17:01:20.144+0000] {dag.py:2742} INFO - Sync 1 DAGs
[2024-12-04T17:01:20.182+0000] {logging_mixin.py:150} INFO - [2024-12-04T17:01:20.181+0000] {dag.py:3508} INFO - Setting next_dagrun for cashier_file_processing to None, run_after=None
[2024-12-04T17:01:20.253+0000] {processor.py:179} INFO - Processing /opt/airflow/dags/Cashier_file_processing.py took 1.551 seconds
[2024-12-04T17:01:52.120+0000] {processor.py:157} INFO - Started process (PID=40590) to work on /opt/airflow/dags/Cashier_file_processing.py
[2024-12-04T17:01:52.124+0000] {processor.py:826} INFO - Processing file /opt/airflow/dags/Cashier_file_processing.py for tasks to queue
[2024-12-04T17:01:52.125+0000] {logging_mixin.py:150} INFO - [2024-12-04T17:01:52.125+0000] {dagbag.py:541} INFO - Filling up the DagBag from /opt/airflow/dags/Cashier_file_processing.py
[2024-12-04T17:01:52.714+0000] {processor.py:836} INFO - DAG(s) dict_keys(['cashier_file_processing']) retrieved from /opt/airflow/dags/Cashier_file_processing.py
[2024-12-04T17:01:52.752+0000] {logging_mixin.py:150} INFO - [2024-12-04T17:01:52.751+0000] {dag.py:2742} INFO - Sync 1 DAGs
[2024-12-04T17:01:53.241+0000] {logging_mixin.py:150} INFO - [2024-12-04T17:01:53.240+0000] {dag.py:3508} INFO - Setting next_dagrun for cashier_file_processing to None, run_after=None
[2024-12-04T17:01:53.266+0000] {processor.py:179} INFO - Processing /opt/airflow/dags/Cashier_file_processing.py took 1.159 seconds
[2024-12-04T17:02:29.785+0000] {processor.py:157} INFO - Started process (PID=40683) to work on /opt/airflow/dags/Cashier_file_processing.py
[2024-12-04T17:02:29.788+0000] {processor.py:826} INFO - Processing file /opt/airflow/dags/Cashier_file_processing.py for tasks to queue
[2024-12-04T17:02:29.791+0000] {logging_mixin.py:150} INFO - [2024-12-04T17:02:29.790+0000] {dagbag.py:541} INFO - Filling up the DagBag from /opt/airflow/dags/Cashier_file_processing.py
[2024-12-04T17:02:31.264+0000] {processor.py:836} INFO - DAG(s) dict_keys(['cashier_file_processing']) retrieved from /opt/airflow/dags/Cashier_file_processing.py
[2024-12-04T17:02:31.323+0000] {logging_mixin.py:150} INFO - [2024-12-04T17:02:31.322+0000] {dag.py:2742} INFO - Sync 1 DAGs
[2024-12-04T17:02:32.302+0000] {logging_mixin.py:150} INFO - [2024-12-04T17:02:32.301+0000] {dag.py:3508} INFO - Setting next_dagrun for cashier_file_processing to None, run_after=None
[2024-12-04T17:02:32.336+0000] {processor.py:179} INFO - Processing /opt/airflow/dags/Cashier_file_processing.py took 2.564 seconds
[2024-12-04T17:03:25.392+0000] {processor.py:157} INFO - Started process (PID=40770) to work on /opt/airflow/dags/Cashier_file_processing.py
[2024-12-04T17:03:25.411+0000] {processor.py:826} INFO - Processing file /opt/airflow/dags/Cashier_file_processing.py for tasks to queue
[2024-12-04T17:03:25.444+0000] {logging_mixin.py:150} INFO - [2024-12-04T17:03:25.435+0000] {dagbag.py:541} INFO - Filling up the DagBag from /opt/airflow/dags/Cashier_file_processing.py
[2024-12-04T17:03:30.598+0000] {processor.py:836} INFO - DAG(s) dict_keys(['cashier_file_processing']) retrieved from /opt/airflow/dags/Cashier_file_processing.py
[2024-12-04T17:03:31.837+0000] {logging_mixin.py:150} INFO - [2024-12-04T17:03:31.833+0000] {dag.py:2742} INFO - Sync 1 DAGs
[2024-12-04T17:03:56.767+0000] {logging_mixin.py:150} INFO - [2024-12-04T17:03:56.745+0000] {dag.py:3508} INFO - Setting next_dagrun for cashier_file_processing to None, run_after=None
[2024-12-04T17:03:57.262+0000] {processor.py:179} INFO - Processing /opt/airflow/dags/Cashier_file_processing.py took 32.114 seconds
[2024-12-04T17:04:44.421+0000] {processor.py:157} INFO - Started process (PID=40837) to work on /opt/airflow/dags/Cashier_file_processing.py
[2024-12-04T17:04:44.434+0000] {processor.py:826} INFO - Processing file /opt/airflow/dags/Cashier_file_processing.py for tasks to queue
[2024-12-04T17:04:44.445+0000] {logging_mixin.py:150} INFO - [2024-12-04T17:04:44.441+0000] {dagbag.py:541} INFO - Filling up the DagBag from /opt/airflow/dags/Cashier_file_processing.py
[2024-12-04T17:04:54.095+0000] {processor.py:836} INFO - DAG(s) dict_keys(['cashier_file_processing']) retrieved from /opt/airflow/dags/Cashier_file_processing.py
[2024-12-04T17:04:54.414+0000] {logging_mixin.py:150} INFO - [2024-12-04T17:04:54.411+0000] {dag.py:2742} INFO - Sync 1 DAGs
[2024-12-04T17:05:04.187+0000] {logging_mixin.py:150} INFO - [2024-12-04T17:05:04.186+0000] {dag.py:3508} INFO - Setting next_dagrun for cashier_file_processing to None, run_after=None
[2024-12-04T17:05:04.224+0000] {processor.py:179} INFO - Processing /opt/airflow/dags/Cashier_file_processing.py took 19.830 seconds
[2024-12-04T17:05:34.648+0000] {processor.py:157} INFO - Started process (PID=40928) to work on /opt/airflow/dags/Cashier_file_processing.py
[2024-12-04T17:05:34.670+0000] {processor.py:826} INFO - Processing file /opt/airflow/dags/Cashier_file_processing.py for tasks to queue
[2024-12-04T17:05:34.675+0000] {logging_mixin.py:150} INFO - [2024-12-04T17:05:34.674+0000] {dagbag.py:541} INFO - Filling up the DagBag from /opt/airflow/dags/Cashier_file_processing.py
[2024-12-04T17:05:36.142+0000] {processor.py:836} INFO - DAG(s) dict_keys(['cashier_file_processing']) retrieved from /opt/airflow/dags/Cashier_file_processing.py
[2024-12-04T17:05:38.435+0000] {logging_mixin.py:150} INFO - [2024-12-04T17:05:38.434+0000] {dag.py:2742} INFO - Sync 1 DAGs
[2024-12-04T17:05:38.503+0000] {logging_mixin.py:150} INFO - [2024-12-04T17:05:38.503+0000] {dag.py:3508} INFO - Setting next_dagrun for cashier_file_processing to None, run_after=None
[2024-12-04T17:05:38.553+0000] {processor.py:179} INFO - Processing /opt/airflow/dags/Cashier_file_processing.py took 3.924 seconds
[2024-12-04T17:05:44.929+0000] {processor.py:157} INFO - Started process (PID=40983) to work on /opt/airflow/dags/Cashier_file_processing.py
[2024-12-04T17:05:44.933+0000] {processor.py:826} INFO - Processing file /opt/airflow/dags/Cashier_file_processing.py for tasks to queue
[2024-12-04T17:05:44.937+0000] {logging_mixin.py:150} INFO - [2024-12-04T17:05:44.936+0000] {dagbag.py:541} INFO - Filling up the DagBag from /opt/airflow/dags/Cashier_file_processing.py
[2024-12-04T17:05:52.307+0000] {processor.py:836} INFO - DAG(s) dict_keys(['cashier_file_processing']) retrieved from /opt/airflow/dags/Cashier_file_processing.py
[2024-12-04T17:05:53.130+0000] {logging_mixin.py:150} INFO - [2024-12-04T17:05:53.033+0000] {dag.py:2742} INFO - Sync 1 DAGs
[2024-12-04T17:05:53.324+0000] {logging_mixin.py:150} INFO - [2024-12-04T17:05:53.322+0000] {dag.py:3508} INFO - Setting next_dagrun for cashier_file_processing to None, run_after=None
[2024-12-04T17:05:53.463+0000] {processor.py:179} INFO - Processing /opt/airflow/dags/Cashier_file_processing.py took 8.565 seconds
[2024-12-04T17:06:24.814+0000] {processor.py:157} INFO - Started process (PID=41083) to work on /opt/airflow/dags/Cashier_file_processing.py
[2024-12-04T17:06:24.816+0000] {processor.py:826} INFO - Processing file /opt/airflow/dags/Cashier_file_processing.py for tasks to queue
[2024-12-04T17:06:24.817+0000] {logging_mixin.py:150} INFO - [2024-12-04T17:06:24.816+0000] {dagbag.py:541} INFO - Filling up the DagBag from /opt/airflow/dags/Cashier_file_processing.py
[2024-12-04T17:06:26.334+0000] {processor.py:836} INFO - DAG(s) dict_keys(['cashier_file_processing']) retrieved from /opt/airflow/dags/Cashier_file_processing.py
[2024-12-04T17:06:26.401+0000] {logging_mixin.py:150} INFO - [2024-12-04T17:06:26.400+0000] {dag.py:2742} INFO - Sync 1 DAGs
[2024-12-04T17:06:26.440+0000] {logging_mixin.py:150} INFO - [2024-12-04T17:06:26.440+0000] {dag.py:3508} INFO - Setting next_dagrun for cashier_file_processing to None, run_after=None
[2024-12-04T17:06:26.464+0000] {processor.py:179} INFO - Processing /opt/airflow/dags/Cashier_file_processing.py took 1.656 seconds
[2024-12-04T17:06:57.771+0000] {processor.py:157} INFO - Started process (PID=41138) to work on /opt/airflow/dags/Cashier_file_processing.py
[2024-12-04T17:06:57.775+0000] {processor.py:826} INFO - Processing file /opt/airflow/dags/Cashier_file_processing.py for tasks to queue
[2024-12-04T17:06:57.780+0000] {logging_mixin.py:150} INFO - [2024-12-04T17:06:57.779+0000] {dagbag.py:541} INFO - Filling up the DagBag from /opt/airflow/dags/Cashier_file_processing.py
[2024-12-04T17:06:59.100+0000] {processor.py:836} INFO - DAG(s) dict_keys(['cashier_file_processing']) retrieved from /opt/airflow/dags/Cashier_file_processing.py
[2024-12-04T17:06:59.153+0000] {logging_mixin.py:150} INFO - [2024-12-04T17:06:59.152+0000] {dag.py:2742} INFO - Sync 1 DAGs
[2024-12-04T17:06:59.186+0000] {logging_mixin.py:150} INFO - [2024-12-04T17:06:59.186+0000] {dag.py:3508} INFO - Setting next_dagrun for cashier_file_processing to None, run_after=None
[2024-12-04T17:06:59.218+0000] {processor.py:179} INFO - Processing /opt/airflow/dags/Cashier_file_processing.py took 1.457 seconds
