[2024-12-03T13:21:00.904+0000] {taskinstance.py:1103} INFO - Dependencies all met for dep_context=non-requeueable deps ti=<TaskInstance: obt_file_processing.etl_process_obt manual__2024-12-03T13:20:54.983041+00:00 [queued]>
[2024-12-03T13:21:00.908+0000] {taskinstance.py:1103} INFO - Dependencies all met for dep_context=requeueable deps ti=<TaskInstance: obt_file_processing.etl_process_obt manual__2024-12-03T13:20:54.983041+00:00 [queued]>
[2024-12-03T13:21:00.909+0000] {taskinstance.py:1308} INFO - Starting attempt 1 of 2
[2024-12-03T13:21:00.917+0000] {taskinstance.py:1327} INFO - Executing <Task(PythonOperator): etl_process_obt> on 2024-12-03 13:20:54.983041+00:00
[2024-12-03T13:21:00.925+0000] {standard_task_runner.py:57} INFO - Started process 73 to run task
[2024-12-03T13:21:00.927+0000] {standard_task_runner.py:84} INFO - Running: ['***', 'tasks', 'run', 'obt_file_processing', 'etl_process_obt', 'manual__2024-12-03T13:20:54.983041+00:00', '--job-id', '3', '--raw', '--subdir', 'DAGS_FOLDER/OBT_file_processing.py', '--cfg-path', '/tmp/tmpsoo4p3ot']
[2024-12-03T13:21:00.928+0000] {standard_task_runner.py:85} INFO - Job 3: Subtask etl_process_obt
[2024-12-03T13:21:00.954+0000] {task_command.py:410} INFO - Running <TaskInstance: obt_file_processing.etl_process_obt manual__2024-12-03T13:20:54.983041+00:00 [running]> on host 9666e9771178
[2024-12-03T13:21:01.007+0000] {taskinstance.py:1547} INFO - Exporting env vars: AIRFLOW_CTX_DAG_OWNER='***' AIRFLOW_CTX_DAG_ID='obt_file_processing' AIRFLOW_CTX_TASK_ID='etl_process_obt' AIRFLOW_CTX_EXECUTION_DATE='2024-12-03T13:20:54.983041+00:00' AIRFLOW_CTX_TRY_NUMBER='1' AIRFLOW_CTX_DAG_RUN_ID='manual__2024-12-03T13:20:54.983041+00:00'
[2024-12-03T13:21:16.287+0000] {OBT_file_processing.py:50} INFO - Inserted batch of 1000 documents.
[2024-12-03T13:21:19.287+0000] {OBT_file_processing.py:50} INFO - Inserted batch of 1000 documents.
[2024-12-03T13:21:22.313+0000] {OBT_file_processing.py:50} INFO - Inserted batch of 1000 documents.
[2024-12-03T13:21:25.281+0000] {OBT_file_processing.py:50} INFO - Inserted batch of 1000 documents.
[2024-12-03T13:21:28.309+0000] {OBT_file_processing.py:50} INFO - Inserted batch of 1000 documents.
[2024-12-03T13:21:31.293+0000] {OBT_file_processing.py:50} INFO - Inserted batch of 1000 documents.
[2024-12-03T13:21:34.288+0000] {OBT_file_processing.py:50} INFO - Inserted batch of 1000 documents.
[2024-12-03T13:21:37.294+0000] {OBT_file_processing.py:50} INFO - Inserted batch of 1000 documents.
[2024-12-03T13:21:39.288+0000] {OBT_file_processing.py:50} INFO - Inserted batch of 1000 documents.
[2024-12-03T13:21:40.297+0000] {OBT_file_processing.py:50} INFO - Inserted batch of 1000 documents.
[2024-12-03T13:21:44.280+0000] {OBT_file_processing.py:50} INFO - Inserted batch of 1000 documents.
[2024-12-03T13:21:47.305+0000] {OBT_file_processing.py:50} INFO - Inserted batch of 1000 documents.
[2024-12-03T13:21:50.321+0000] {OBT_file_processing.py:50} INFO - Inserted batch of 1000 documents.
[2024-12-03T13:21:53.330+0000] {OBT_file_processing.py:50} INFO - Inserted batch of 1000 documents.
[2024-12-03T13:21:56.295+0000] {OBT_file_processing.py:50} INFO - Inserted batch of 1000 documents.
[2024-12-03T13:21:59.314+0000] {OBT_file_processing.py:50} INFO - Inserted batch of 1000 documents.
[2024-12-03T13:22:02.285+0000] {OBT_file_processing.py:50} INFO - Inserted batch of 1000 documents.
[2024-12-03T13:22:05.327+0000] {OBT_file_processing.py:50} INFO - Inserted batch of 1000 documents.
[2024-12-03T13:22:08.492+0000] {OBT_file_processing.py:50} INFO - Inserted batch of 1000 documents.
[2024-12-03T13:22:11.294+0000] {OBT_file_processing.py:50} INFO - Inserted batch of 1000 documents.
[2024-12-03T13:22:13.314+0000] {OBT_file_processing.py:50} INFO - Inserted batch of 1000 documents.
[2024-12-03T13:22:14.323+0000] {OBT_file_processing.py:50} INFO - Inserted batch of 1000 documents.
[2024-12-03T13:22:16.330+0000] {OBT_file_processing.py:50} INFO - Inserted batch of 1000 documents.
[2024-12-03T13:22:19.322+0000] {OBT_file_processing.py:50} INFO - Inserted batch of 1000 documents.
[2024-12-03T13:22:22.297+0000] {OBT_file_processing.py:50} INFO - Inserted batch of 1000 documents.
[2024-12-03T13:22:25.334+0000] {OBT_file_processing.py:50} INFO - Inserted batch of 1000 documents.
[2024-12-03T13:22:28.320+0000] {OBT_file_processing.py:50} INFO - Inserted batch of 1000 documents.
[2024-12-03T13:22:31.304+0000] {OBT_file_processing.py:50} INFO - Inserted batch of 1000 documents.
[2024-12-03T13:22:34.299+0000] {OBT_file_processing.py:50} INFO - Inserted batch of 1000 documents.
[2024-12-03T13:22:37.336+0000] {OBT_file_processing.py:50} INFO - Inserted batch of 1000 documents.
[2024-12-03T13:22:39.333+0000] {OBT_file_processing.py:50} INFO - Inserted batch of 1000 documents.
[2024-12-03T13:22:43.322+0000] {OBT_file_processing.py:50} INFO - Inserted batch of 1000 documents.
[2024-12-03T13:22:46.453+0000] {OBT_file_processing.py:50} INFO - Inserted batch of 1000 documents.
[2024-12-03T13:22:48.309+0000] {OBT_file_processing.py:50} INFO - Inserted batch of 1000 documents.
[2024-12-03T13:22:51.308+0000] {OBT_file_processing.py:50} INFO - Inserted batch of 1000 documents.
[2024-12-03T13:22:54.363+0000] {OBT_file_processing.py:50} INFO - Inserted batch of 1000 documents.
[2024-12-03T13:22:57.343+0000] {OBT_file_processing.py:50} INFO - Inserted batch of 1000 documents.
[2024-12-03T13:23:00.325+0000] {OBT_file_processing.py:50} INFO - Inserted batch of 1000 documents.
[2024-12-03T13:23:03.320+0000] {OBT_file_processing.py:50} INFO - Inserted batch of 814 documents.
[2024-12-03T13:23:07.938+0000] {OBT_file_processing.py:50} INFO - Inserted batch of 1000 documents.
[2024-12-03T13:23:10.934+0000] {OBT_file_processing.py:50} INFO - Inserted batch of 1000 documents.
[2024-12-03T13:23:13.922+0000] {OBT_file_processing.py:50} INFO - Inserted batch of 1000 documents.
[2024-12-03T13:23:16.931+0000] {OBT_file_processing.py:50} INFO - Inserted batch of 1000 documents.
[2024-12-03T13:23:19.927+0000] {OBT_file_processing.py:50} INFO - Inserted batch of 1000 documents.
[2024-12-03T13:23:21.961+0000] {OBT_file_processing.py:50} INFO - Inserted batch of 1000 documents.
[2024-12-03T13:23:22.953+0000] {OBT_file_processing.py:50} INFO - Inserted batch of 1000 documents.
[2024-12-03T13:23:26.917+0000] {OBT_file_processing.py:50} INFO - Inserted batch of 1000 documents.
[2024-12-03T13:23:29.944+0000] {OBT_file_processing.py:50} INFO - Inserted batch of 1000 documents.
[2024-12-03T13:23:32.917+0000] {OBT_file_processing.py:50} INFO - Inserted batch of 1000 documents.
[2024-12-03T13:23:34.918+0000] {OBT_file_processing.py:50} INFO - Inserted batch of 1000 documents.
[2024-12-03T13:23:37.936+0000] {OBT_file_processing.py:50} INFO - Inserted batch of 1000 documents.
[2024-12-03T13:23:40.936+0000] {OBT_file_processing.py:50} INFO - Inserted batch of 1000 documents.
[2024-12-03T13:23:43.941+0000] {OBT_file_processing.py:50} INFO - Inserted batch of 1000 documents.
[2024-12-03T13:23:45.958+0000] {OBT_file_processing.py:50} INFO - Inserted batch of 1000 documents.
[2024-12-03T13:23:48.952+0000] {OBT_file_processing.py:50} INFO - Inserted batch of 1000 documents.
[2024-12-03T13:23:51.930+0000] {OBT_file_processing.py:50} INFO - Inserted batch of 1000 documents.
[2024-12-03T13:23:54.938+0000] {OBT_file_processing.py:50} INFO - Inserted batch of 1000 documents.
[2024-12-03T13:23:57.960+0000] {OBT_file_processing.py:50} INFO - Inserted batch of 1000 documents.
[2024-12-03T13:24:00.972+0000] {OBT_file_processing.py:50} INFO - Inserted batch of 1000 documents.
[2024-12-03T13:24:03.940+0000] {OBT_file_processing.py:50} INFO - Inserted batch of 1000 documents.
[2024-12-03T13:24:06.941+0000] {OBT_file_processing.py:50} INFO - Inserted batch of 1000 documents.
[2024-12-03T13:24:09.934+0000] {OBT_file_processing.py:50} INFO - Inserted batch of 1000 documents.
[2024-12-03T13:24:12.939+0000] {OBT_file_processing.py:50} INFO - Inserted batch of 1000 documents.
[2024-12-03T13:24:15.983+0000] {OBT_file_processing.py:50} INFO - Inserted batch of 1000 documents.
[2024-12-03T13:24:18.965+0000] {OBT_file_processing.py:50} INFO - Inserted batch of 1000 documents.
[2024-12-03T13:24:20.951+0000] {OBT_file_processing.py:50} INFO - Inserted batch of 1000 documents.
[2024-12-03T13:24:21.966+0000] {OBT_file_processing.py:50} INFO - Inserted batch of 1000 documents.
[2024-12-03T13:24:22.940+0000] {OBT_file_processing.py:50} INFO - Inserted batch of 1000 documents.
[2024-12-03T13:24:27.436+0000] {OBT_file_processing.py:50} INFO - Inserted batch of 1000 documents.
[2024-12-03T13:24:29.544+0000] {OBT_file_processing.py:50} INFO - Inserted batch of 1000 documents.
[2024-12-03T13:24:33.568+0000] {OBT_file_processing.py:50} INFO - Inserted batch of 1000 documents.
[2024-12-03T13:24:38.448+0000] {OBT_file_processing.py:50} INFO - Inserted batch of 1000 documents.
[2024-12-03T13:24:42.623+0000] {OBT_file_processing.py:50} INFO - Inserted batch of 1000 documents.
[2024-12-03T13:24:47.517+0000] {OBT_file_processing.py:50} INFO - Inserted batch of 1000 documents.
[2024-12-03T13:24:50.531+0000] {OBT_file_processing.py:50} INFO - Inserted batch of 1000 documents.
[2024-12-03T13:24:53.524+0000] {OBT_file_processing.py:50} INFO - Inserted batch of 1000 documents.
[2024-12-03T13:24:54.520+0000] {OBT_file_processing.py:50} INFO - Inserted batch of 1000 documents.
[2024-12-03T13:24:55.521+0000] {OBT_file_processing.py:50} INFO - Inserted batch of 465 documents.
[2024-12-03T13:25:00.518+0000] {OBT_file_processing.py:50} INFO - Inserted batch of 261 documents.
[2024-12-03T13:25:01.513+0000] {OBT_file_processing.py:50} INFO - Inserted batch of 88 documents.
[2024-12-03T13:25:01.514+0000] {OBT_file_processing.py:111} INFO - ETL process completed successfully.
[2024-12-03T13:25:09.005+0000] {OBT_file_processing.py:127} WARNING - No documents found in the raw OBT collection.
[2024-12-03T13:25:09.062+0000] {OBT_file_processing.py:136} WARNING - No 'data' found in any documents.
[2024-12-03T13:25:09.253+0000] {python.py:183} INFO - Done. Returned value was: None
[2024-12-03T13:25:09.294+0000] {taskinstance.py:1350} INFO - Marking task as SUCCESS. dag_id=obt_file_processing, task_id=etl_process_obt, execution_date=20241203T132054, start_date=20241203T132100, end_date=20241203T132509
[2024-12-03T13:25:09.384+0000] {local_task_job_runner.py:225} INFO - Task exited with return code 0
[2024-12-03T13:25:09.409+0000] {taskinstance.py:2653} INFO - 0 downstream tasks scheduled from follow-on schedule check
