[2024-12-05T07:56:57.605+0000] {taskinstance.py:1103} INFO - Dependencies all met for dep_context=non-requeueable deps ti=<TaskInstance: obt_file_processing.etl_process_obt manual__2024-12-05T07:56:49.846076+00:00 [queued]>
[2024-12-05T07:56:57.615+0000] {taskinstance.py:1103} INFO - Dependencies all met for dep_context=requeueable deps ti=<TaskInstance: obt_file_processing.etl_process_obt manual__2024-12-05T07:56:49.846076+00:00 [queued]>
[2024-12-05T07:56:57.615+0000] {taskinstance.py:1308} INFO - Starting attempt 1 of 2
[2024-12-05T07:56:57.642+0000] {taskinstance.py:1327} INFO - Executing <Task(PythonOperator): etl_process_obt> on 2024-12-05 07:56:49.846076+00:00
[2024-12-05T07:56:57.668+0000] {standard_task_runner.py:57} INFO - Started process 221 to run task
[2024-12-05T07:56:57.675+0000] {standard_task_runner.py:84} INFO - Running: ['***', 'tasks', 'run', 'obt_file_processing', 'etl_process_obt', 'manual__2024-12-05T07:56:49.846076+00:00', '--job-id', '159', '--raw', '--subdir', 'DAGS_FOLDER/OBT_file_processing.py', '--cfg-path', '/tmp/tmphp7g23qw']
[2024-12-05T07:56:57.677+0000] {standard_task_runner.py:85} INFO - Job 159: Subtask etl_process_obt
[2024-12-05T07:56:57.769+0000] {task_command.py:410} INFO - Running <TaskInstance: obt_file_processing.etl_process_obt manual__2024-12-05T07:56:49.846076+00:00 [running]> on host effe9442f8f2
[2024-12-05T07:56:57.888+0000] {taskinstance.py:1547} INFO - Exporting env vars: AIRFLOW_CTX_DAG_OWNER='***' AIRFLOW_CTX_DAG_ID='obt_file_processing' AIRFLOW_CTX_TASK_ID='etl_process_obt' AIRFLOW_CTX_EXECUTION_DATE='2024-12-05T07:56:49.846076+00:00' AIRFLOW_CTX_TRY_NUMBER='1' AIRFLOW_CTX_DAG_RUN_ID='manual__2024-12-05T07:56:49.846076+00:00'
[2024-12-05T07:57:18.309+0000] {OBT_file_processing.py:53} INFO - Inserted batch of 1000 documents.
[2024-12-05T07:57:21.307+0000] {OBT_file_processing.py:53} INFO - Inserted batch of 1000 documents.
[2024-12-05T07:57:22.355+0000] {OBT_file_processing.py:53} INFO - Inserted batch of 1000 documents.
[2024-12-05T07:57:23.376+0000] {OBT_file_processing.py:53} INFO - Inserted batch of 1000 documents.
[2024-12-05T07:57:24.310+0000] {OBT_file_processing.py:53} INFO - Inserted batch of 1000 documents.
[2024-12-05T07:57:25.320+0000] {OBT_file_processing.py:53} INFO - Inserted batch of 1000 documents.
[2024-12-05T07:57:28.310+0000] {OBT_file_processing.py:53} INFO - Inserted batch of 1000 documents.
[2024-12-05T07:57:31.326+0000] {OBT_file_processing.py:53} INFO - Inserted batch of 1000 documents.
[2024-12-05T07:57:34.325+0000] {OBT_file_processing.py:53} INFO - Inserted batch of 1000 documents.
[2024-12-05T07:57:37.309+0000] {OBT_file_processing.py:53} INFO - Inserted batch of 1000 documents.
[2024-12-05T07:57:40.317+0000] {OBT_file_processing.py:53} INFO - Inserted batch of 1000 documents.
[2024-12-05T07:57:42.441+0000] {OBT_file_processing.py:53} INFO - Inserted batch of 1000 documents.
[2024-12-05T07:57:45.337+0000] {OBT_file_processing.py:53} INFO - Inserted batch of 1000 documents.
[2024-12-05T07:57:48.347+0000] {OBT_file_processing.py:53} INFO - Inserted batch of 1000 documents.
[2024-12-05T07:57:51.327+0000] {OBT_file_processing.py:53} INFO - Inserted batch of 1000 documents.
[2024-12-05T07:57:54.390+0000] {OBT_file_processing.py:53} INFO - Inserted batch of 1000 documents.
[2024-12-05T07:57:57.488+0000] {OBT_file_processing.py:53} INFO - Inserted batch of 1000 documents.
[2024-12-05T07:57:59.347+0000] {OBT_file_processing.py:53} INFO - Inserted batch of 1000 documents.
[2024-12-05T07:58:00.357+0000] {OBT_file_processing.py:53} INFO - Inserted batch of 1000 documents.
[2024-12-05T07:58:04.366+0000] {OBT_file_processing.py:53} INFO - Inserted batch of 1000 documents.
[2024-12-05T07:58:07.422+0000] {OBT_file_processing.py:53} INFO - Inserted batch of 1000 documents.
[2024-12-05T07:58:10.366+0000] {OBT_file_processing.py:53} INFO - Inserted batch of 1000 documents.
[2024-12-05T07:58:12.409+0000] {OBT_file_processing.py:53} INFO - Inserted batch of 1000 documents.
[2024-12-05T07:58:13.371+0000] {OBT_file_processing.py:53} INFO - Inserted batch of 1000 documents.
[2024-12-05T07:58:14.351+0000] {OBT_file_processing.py:53} INFO - Inserted batch of 1000 documents.
[2024-12-05T07:58:15.349+0000] {OBT_file_processing.py:53} INFO - Inserted batch of 1000 documents.
[2024-12-05T07:58:16.435+0000] {OBT_file_processing.py:53} INFO - Inserted batch of 1000 documents.
[2024-12-05T07:58:17.459+0000] {OBT_file_processing.py:53} INFO - Inserted batch of 1000 documents.
[2024-12-05T07:58:21.343+0000] {OBT_file_processing.py:53} INFO - Inserted batch of 1000 documents.
[2024-12-05T07:58:24.363+0000] {OBT_file_processing.py:53} INFO - Inserted batch of 1000 documents.
[2024-12-05T07:58:27.396+0000] {OBT_file_processing.py:53} INFO - Inserted batch of 1000 documents.
[2024-12-05T07:58:30.356+0000] {OBT_file_processing.py:53} INFO - Inserted batch of 1000 documents.
[2024-12-05T07:58:33.385+0000] {OBT_file_processing.py:53} INFO - Inserted batch of 1000 documents.
[2024-12-05T07:58:37.407+0000] {OBT_file_processing.py:53} INFO - Inserted batch of 1000 documents.
[2024-12-05T07:58:40.403+0000] {OBT_file_processing.py:53} INFO - Inserted batch of 1000 documents.
[2024-12-05T07:58:43.513+0000] {OBT_file_processing.py:53} INFO - Inserted batch of 1000 documents.
[2024-12-05T07:58:45.517+0000] {OBT_file_processing.py:53} INFO - Inserted batch of 1000 documents.
[2024-12-05T07:58:46.429+0000] {OBT_file_processing.py:53} INFO - Inserted batch of 1000 documents.
[2024-12-05T07:58:48.393+0000] {OBT_file_processing.py:53} INFO - Inserted batch of 814 documents.
[2024-12-05T07:58:53.703+0000] {OBT_file_processing.py:53} INFO - Inserted batch of 1000 documents.
[2024-12-05T07:58:56.651+0000] {OBT_file_processing.py:53} INFO - Inserted batch of 1000 documents.
[2024-12-05T07:58:59.637+0000] {OBT_file_processing.py:53} INFO - Inserted batch of 1000 documents.
[2024-12-05T07:59:02.662+0000] {OBT_file_processing.py:53} INFO - Inserted batch of 1000 documents.
[2024-12-05T07:59:05.684+0000] {OBT_file_processing.py:53} INFO - Inserted batch of 1000 documents.
[2024-12-05T07:59:08.655+0000] {OBT_file_processing.py:53} INFO - Inserted batch of 1000 documents.
[2024-12-05T07:59:10.661+0000] {OBT_file_processing.py:53} INFO - Inserted batch of 1000 documents.
[2024-12-05T07:59:11.721+0000] {OBT_file_processing.py:53} INFO - Inserted batch of 1000 documents.
[2024-12-05T07:59:12.666+0000] {OBT_file_processing.py:53} INFO - Inserted batch of 1000 documents.
[2024-12-05T07:59:13.670+0000] {OBT_file_processing.py:53} INFO - Inserted batch of 1000 documents.
[2024-12-05T07:59:14.665+0000] {OBT_file_processing.py:53} INFO - Inserted batch of 1000 documents.
[2024-12-05T07:59:18.662+0000] {OBT_file_processing.py:53} INFO - Inserted batch of 1000 documents.
[2024-12-05T07:59:21.669+0000] {OBT_file_processing.py:53} INFO - Inserted batch of 1000 documents.
[2024-12-05T07:59:23.645+0000] {OBT_file_processing.py:53} INFO - Inserted batch of 1000 documents.
[2024-12-05T07:59:26.671+0000] {OBT_file_processing.py:53} INFO - Inserted batch of 1000 documents.
[2024-12-05T07:59:29.653+0000] {OBT_file_processing.py:53} INFO - Inserted batch of 1000 documents.
[2024-12-05T07:59:32.741+0000] {OBT_file_processing.py:53} INFO - Inserted batch of 1000 documents.
[2024-12-05T07:59:35.688+0000] {OBT_file_processing.py:53} INFO - Inserted batch of 1000 documents.
[2024-12-05T07:59:38.754+0000] {OBT_file_processing.py:53} INFO - Inserted batch of 1000 documents.
[2024-12-05T07:59:41.680+0000] {OBT_file_processing.py:53} INFO - Inserted batch of 1000 documents.
[2024-12-05T07:59:42.654+0000] {OBT_file_processing.py:53} INFO - Inserted batch of 1000 documents.
[2024-12-05T07:59:45.698+0000] {OBT_file_processing.py:53} INFO - Inserted batch of 1000 documents.
[2024-12-05T07:59:46.657+0000] {OBT_file_processing.py:53} INFO - Inserted batch of 1000 documents.
[2024-12-05T07:59:47.666+0000] {OBT_file_processing.py:53} INFO - Inserted batch of 1000 documents.
[2024-12-05T07:59:49.668+0000] {OBT_file_processing.py:53} INFO - Inserted batch of 1000 documents.
[2024-12-05T07:59:50.692+0000] {OBT_file_processing.py:53} INFO - Inserted batch of 1000 documents.
[2024-12-05T07:59:51.654+0000] {OBT_file_processing.py:53} INFO - Inserted batch of 1000 documents.
[2024-12-05T07:59:54.662+0000] {OBT_file_processing.py:53} INFO - Inserted batch of 1000 documents.
[2024-12-05T07:59:56.657+0000] {OBT_file_processing.py:53} INFO - Inserted batch of 1000 documents.
[2024-12-05T07:59:58.671+0000] {OBT_file_processing.py:53} INFO - Inserted batch of 1000 documents.
[2024-12-05T08:00:00.685+0000] {OBT_file_processing.py:53} INFO - Inserted batch of 1000 documents.
[2024-12-05T08:00:01.659+0000] {OBT_file_processing.py:53} INFO - Inserted batch of 1000 documents.
[2024-12-05T08:00:03.677+0000] {OBT_file_processing.py:53} INFO - Inserted batch of 1000 documents.
[2024-12-05T08:00:04.661+0000] {OBT_file_processing.py:53} INFO - Inserted batch of 1000 documents.
[2024-12-05T08:00:08.674+0000] {OBT_file_processing.py:53} INFO - Inserted batch of 1000 documents.
[2024-12-05T08:00:09.678+0000] {OBT_file_processing.py:53} INFO - Inserted batch of 1000 documents.
[2024-12-05T08:00:12.708+0000] {OBT_file_processing.py:53} INFO - Inserted batch of 1000 documents.
[2024-12-05T08:00:15.678+0000] {OBT_file_processing.py:53} INFO - Inserted batch of 1000 documents.
[2024-12-05T08:00:16.855+0000] {OBT_file_processing.py:53} INFO - Inserted batch of 465 documents.
[2024-12-05T08:00:18.709+0000] {OBT_file_processing.py:53} INFO - Inserted batch of 261 documents.
[2024-12-05T08:00:19.662+0000] {OBT_file_processing.py:53} INFO - Inserted batch of 88 documents.
[2024-12-05T08:00:19.678+0000] {OBT_file_processing.py:114} INFO - ETL process completed successfully.
[2024-12-05T08:00:27.178+0000] {python.py:183} INFO - Done. Returned value was: None
[2024-12-05T08:00:27.395+0000] {taskinstance.py:1350} INFO - Marking task as SUCCESS. dag_id=obt_file_processing, task_id=etl_process_obt, execution_date=20241205T075649, start_date=20241205T075657, end_date=20241205T080027
[2024-12-05T08:00:27.607+0000] {local_task_job_runner.py:225} INFO - Task exited with return code 0
[2024-12-05T08:00:27.840+0000] {taskinstance.py:2653} INFO - 0 downstream tasks scheduled from follow-on schedule check
