[2025-01-07T11:40:38.698+0000] {taskinstance.py:1103} INFO - Dependencies all met for dep_context=non-requeueable deps ti=<TaskInstance: obt_file_processing.etl_process_obt manual__2025-01-07T11:34:12.279163+00:00 [queued]>
[2025-01-07T11:40:38.705+0000] {taskinstance.py:1103} INFO - Dependencies all met for dep_context=requeueable deps ti=<TaskInstance: obt_file_processing.etl_process_obt manual__2025-01-07T11:34:12.279163+00:00 [queued]>
[2025-01-07T11:40:38.705+0000] {taskinstance.py:1308} INFO - Starting attempt 2 of 2
[2025-01-07T11:40:38.717+0000] {taskinstance.py:1327} INFO - Executing <Task(PythonOperator): etl_process_obt> on 2025-01-07 11:34:12.279163+00:00
[2025-01-07T11:40:38.736+0000] {standard_task_runner.py:57} INFO - Started process 3368 to run task
[2025-01-07T11:40:38.755+0000] {standard_task_runner.py:84} INFO - Running: ['***', 'tasks', 'run', 'obt_file_processing', 'etl_process_obt', 'manual__2025-01-07T11:34:12.279163+00:00', '--job-id', '577', '--raw', '--subdir', 'DAGS_FOLDER/OBT_file_processing.py', '--cfg-path', '/tmp/tmplbhtcs3q']
[2025-01-07T11:40:38.760+0000] {standard_task_runner.py:85} INFO - Job 577: Subtask etl_process_obt
[2025-01-07T11:40:38.879+0000] {task_command.py:410} INFO - Running <TaskInstance: obt_file_processing.etl_process_obt manual__2025-01-07T11:34:12.279163+00:00 [running]> on host 8fff7f1050bf
[2025-01-07T11:40:38.959+0000] {taskinstance.py:1547} INFO - Exporting env vars: AIRFLOW_CTX_DAG_OWNER='***' AIRFLOW_CTX_DAG_ID='obt_file_processing' AIRFLOW_CTX_TASK_ID='etl_process_obt' AIRFLOW_CTX_EXECUTION_DATE='2025-01-07T11:34:12.279163+00:00' AIRFLOW_CTX_TRY_NUMBER='2' AIRFLOW_CTX_DAG_RUN_ID='manual__2025-01-07T11:34:12.279163+00:00'
[2025-01-07T11:40:56.551+0000] {OBT_file_processing.py:60} INFO - Inserted batch of 1000 documents.
[2025-01-07T11:40:57.572+0000] {OBT_file_processing.py:60} INFO - Inserted batch of 1000 documents.
[2025-01-07T11:40:58.517+0000] {OBT_file_processing.py:60} INFO - Inserted batch of 1000 documents.
[2025-01-07T11:40:59.552+0000] {OBT_file_processing.py:60} INFO - Inserted batch of 1000 documents.
[2025-01-07T11:41:00.541+0000] {OBT_file_processing.py:60} INFO - Inserted batch of 1000 documents.
[2025-01-07T11:41:01.566+0000] {OBT_file_processing.py:60} INFO - Inserted batch of 1000 documents.
[2025-01-07T11:41:04.593+0000] {OBT_file_processing.py:60} INFO - Inserted batch of 1000 documents.
[2025-01-07T11:41:07.575+0000] {OBT_file_processing.py:60} INFO - Inserted batch of 1000 documents.
[2025-01-07T11:41:09.561+0000] {OBT_file_processing.py:60} INFO - Inserted batch of 1000 documents.
[2025-01-07T11:41:11.601+0000] {OBT_file_processing.py:60} INFO - Inserted batch of 1000 documents.
[2025-01-07T11:41:14.539+0000] {OBT_file_processing.py:60} INFO - Inserted batch of 1000 documents.
[2025-01-07T11:41:15.560+0000] {OBT_file_processing.py:60} INFO - Inserted batch of 1000 documents.
[2025-01-07T11:41:16.559+0000] {OBT_file_processing.py:60} INFO - Inserted batch of 1000 documents.
[2025-01-07T11:41:17.549+0000] {OBT_file_processing.py:60} INFO - Inserted batch of 1000 documents.
[2025-01-07T11:41:18.577+0000] {OBT_file_processing.py:60} INFO - Inserted batch of 1000 documents.
[2025-01-07T11:41:21.558+0000] {OBT_file_processing.py:60} INFO - Inserted batch of 1000 documents.
[2025-01-07T11:41:22.564+0000] {OBT_file_processing.py:60} INFO - Inserted batch of 1000 documents.
[2025-01-07T11:41:23.556+0000] {OBT_file_processing.py:60} INFO - Inserted batch of 1000 documents.
[2025-01-07T11:41:24.581+0000] {OBT_file_processing.py:60} INFO - Inserted batch of 1000 documents.
[2025-01-07T11:41:25.641+0000] {OBT_file_processing.py:60} INFO - Inserted batch of 1000 documents.
[2025-01-07T11:41:26.553+0000] {OBT_file_processing.py:60} INFO - Inserted batch of 1000 documents.
[2025-01-07T11:41:27.592+0000] {OBT_file_processing.py:60} INFO - Inserted batch of 1000 documents.
[2025-01-07T11:41:28.604+0000] {OBT_file_processing.py:60} INFO - Inserted batch of 1000 documents.
[2025-01-07T11:41:31.085+0000] {OBT_file_processing.py:60} INFO - Inserted batch of 1000 documents.
[2025-01-07T11:41:35.130+0000] {OBT_file_processing.py:60} INFO - Inserted batch of 1000 documents.
[2025-01-07T11:41:35.534+0000] {OBT_file_processing.py:60} INFO - Inserted batch of 1000 documents.
[2025-01-07T11:41:36.595+0000] {OBT_file_processing.py:60} INFO - Inserted batch of 1000 documents.
[2025-01-07T11:41:37.611+0000] {OBT_file_processing.py:60} INFO - Inserted batch of 1000 documents.
[2025-01-07T11:41:38.551+0000] {OBT_file_processing.py:60} INFO - Inserted batch of 1000 documents.
[2025-01-07T11:41:39.571+0000] {OBT_file_processing.py:60} INFO - Inserted batch of 1000 documents.
[2025-01-07T11:41:41.553+0000] {OBT_file_processing.py:60} INFO - Inserted batch of 1000 documents.
[2025-01-07T11:41:42.556+0000] {OBT_file_processing.py:60} INFO - Inserted batch of 1000 documents.
[2025-01-07T11:41:43.542+0000] {OBT_file_processing.py:60} INFO - Inserted batch of 1000 documents.
[2025-01-07T11:41:45.586+0000] {OBT_file_processing.py:60} INFO - Inserted batch of 1000 documents.
[2025-01-07T11:41:46.620+0000] {OBT_file_processing.py:60} INFO - Inserted batch of 1000 documents.
[2025-01-07T11:41:47.568+0000] {OBT_file_processing.py:60} INFO - Inserted batch of 1000 documents.
[2025-01-07T11:41:48.632+0000] {OBT_file_processing.py:60} INFO - Inserted batch of 1000 documents.
[2025-01-07T11:41:49.571+0000] {OBT_file_processing.py:60} INFO - Inserted batch of 1000 documents.
[2025-01-07T11:41:50.616+0000] {OBT_file_processing.py:60} INFO - Inserted batch of 814 documents.
[2025-01-07T11:41:53.588+0000] {OBT_file_processing.py:60} INFO - Inserted batch of 1000 documents.
[2025-01-07T11:41:54.650+0000] {OBT_file_processing.py:60} INFO - Inserted batch of 1000 documents.
[2025-01-07T11:41:55.580+0000] {OBT_file_processing.py:60} INFO - Inserted batch of 1000 documents.
[2025-01-07T11:41:56.653+0000] {OBT_file_processing.py:60} INFO - Inserted batch of 1000 documents.
[2025-01-07T11:41:57.959+0000] {OBT_file_processing.py:60} INFO - Inserted batch of 1000 documents.
[2025-01-07T11:42:01.689+0000] {OBT_file_processing.py:60} INFO - Inserted batch of 1000 documents.
[2025-01-07T11:42:07.347+0000] {local_task_job_runner.py:225} INFO - Task exited with return code Negsignal.SIGKILL
[2025-01-07T11:42:08.399+0000] {taskinstance.py:2653} INFO - 0 downstream tasks scheduled from follow-on schedule check
