[2025-01-07T09:45:34.216+0000] {taskinstance.py:1103} INFO - Dependencies all met for dep_context=non-requeueable deps ti=<TaskInstance: obt_file_processing.delete_outlet_data manual__2025-01-07T09:45:32.620099+00:00 [queued]>
[2025-01-07T09:45:34.220+0000] {taskinstance.py:1103} INFO - Dependencies all met for dep_context=requeueable deps ti=<TaskInstance: obt_file_processing.delete_outlet_data manual__2025-01-07T09:45:32.620099+00:00 [queued]>
[2025-01-07T09:45:34.220+0000] {taskinstance.py:1308} INFO - Starting attempt 1 of 2
[2025-01-07T09:45:34.226+0000] {taskinstance.py:1327} INFO - Executing <Task(PythonOperator): delete_outlet_data> on 2025-01-07 09:45:32.620099+00:00
[2025-01-07T09:45:34.232+0000] {standard_task_runner.py:57} INFO - Started process 969 to run task
[2025-01-07T09:45:34.237+0000] {standard_task_runner.py:84} INFO - Running: ['***', 'tasks', 'run', 'obt_file_processing', 'delete_outlet_data', 'manual__2025-01-07T09:45:32.620099+00:00', '--job-id', '337', '--raw', '--subdir', 'DAGS_FOLDER/OBT_file_processing.py', '--cfg-path', '/tmp/tmpw_n_ewad']
[2025-01-07T09:45:34.238+0000] {standard_task_runner.py:85} INFO - Job 337: Subtask delete_outlet_data
[2025-01-07T09:45:34.274+0000] {task_command.py:410} INFO - Running <TaskInstance: obt_file_processing.delete_outlet_data manual__2025-01-07T09:45:32.620099+00:00 [running]> on host 8fff7f1050bf
[2025-01-07T09:45:34.319+0000] {taskinstance.py:1547} INFO - Exporting env vars: AIRFLOW_CTX_DAG_OWNER='***' AIRFLOW_CTX_DAG_ID='obt_file_processing' AIRFLOW_CTX_TASK_ID='delete_outlet_data' AIRFLOW_CTX_EXECUTION_DATE='2025-01-07T09:45:32.620099+00:00' AIRFLOW_CTX_TRY_NUMBER='1' AIRFLOW_CTX_DAG_RUN_ID='manual__2025-01-07T09:45:32.620099+00:00'
[2025-01-07T09:45:39.321+0000] {OBT_file_processing.py:49} INFO - Deleted 38465 documents from obt_restaurant collection.
[2025-01-07T09:45:39.398+0000] {OBT_file_processing.py:49} INFO - Deleted 261 documents from obt_roomservice collection.
[2025-01-07T09:45:39.432+0000] {OBT_file_processing.py:49} INFO - Deleted 88 documents from obt_banquet collection.
[2025-01-07T09:45:40.653+0000] {OBT_file_processing.py:49} INFO - Deleted 9439 documents from obt_restaurant_sales collection.
[2025-01-07T09:45:41.665+0000] {OBT_file_processing.py:49} INFO - Deleted 83 documents from obt_roomservice_sales collection.
[2025-01-07T09:45:45.571+0000] {OBT_file_processing.py:49} INFO - Deleted 29 documents from obt_banquet_sales collection.
[2025-01-07T09:45:45.572+0000] {OBT_file_processing.py:51} INFO - Deleted documents from outlet collections.
[2025-01-07T09:45:45.574+0000] {python.py:183} INFO - Done. Returned value was: None
[2025-01-07T09:45:45.594+0000] {taskinstance.py:1350} INFO - Marking task as SUCCESS. dag_id=obt_file_processing, task_id=delete_outlet_data, execution_date=20250107T094532, start_date=20250107T094534, end_date=20250107T094545
[2025-01-07T09:45:45.665+0000] {local_task_job_runner.py:225} INFO - Task exited with return code 0
[2025-01-07T09:45:45.696+0000] {taskinstance.py:2653} INFO - 0 downstream tasks scheduled from follow-on schedule check
