[2024-12-03T16:34:00.924+0000] {taskinstance.py:1103} INFO - Dependencies all met for dep_context=non-requeueable deps ti=<TaskInstance: obt_file_processing.etl_process_obt manual__2024-12-03T16:33:47.734459+00:00 [queued]>
[2024-12-03T16:34:00.935+0000] {taskinstance.py:1103} INFO - Dependencies all met for dep_context=requeueable deps ti=<TaskInstance: obt_file_processing.etl_process_obt manual__2024-12-03T16:33:47.734459+00:00 [queued]>
[2024-12-03T16:34:00.935+0000] {taskinstance.py:1308} INFO - Starting attempt 1 of 2
[2024-12-03T16:34:00.951+0000] {taskinstance.py:1327} INFO - Executing <Task(PythonOperator): etl_process_obt> on 2024-12-03 16:33:47.734459+00:00
[2024-12-03T16:34:00.969+0000] {standard_task_runner.py:57} INFO - Started process 358 to run task
[2024-12-03T16:34:00.978+0000] {standard_task_runner.py:84} INFO - Running: ['***', 'tasks', 'run', 'obt_file_processing', 'etl_process_obt', 'manual__2024-12-03T16:33:47.734459+00:00', '--job-id', '30', '--raw', '--subdir', 'DAGS_FOLDER/OBT_file_processing.py', '--cfg-path', '/tmp/tmp7joifdw9']
[2024-12-03T16:34:00.980+0000] {standard_task_runner.py:85} INFO - Job 30: Subtask etl_process_obt
[2024-12-03T16:34:01.054+0000] {task_command.py:410} INFO - Running <TaskInstance: obt_file_processing.etl_process_obt manual__2024-12-03T16:33:47.734459+00:00 [running]> on host effe9442f8f2
[2024-12-03T16:34:01.130+0000] {taskinstance.py:1547} INFO - Exporting env vars: AIRFLOW_CTX_DAG_OWNER='***' AIRFLOW_CTX_DAG_ID='obt_file_processing' AIRFLOW_CTX_TASK_ID='etl_process_obt' AIRFLOW_CTX_EXECUTION_DATE='2024-12-03T16:33:47.734459+00:00' AIRFLOW_CTX_TRY_NUMBER='1' AIRFLOW_CTX_DAG_RUN_ID='manual__2024-12-03T16:33:47.734459+00:00'
[2024-12-03T16:34:26.510+0000] {OBT_file_processing.py:50} INFO - Inserted batch of 1000 documents.
[2024-12-03T16:34:29.582+0000] {OBT_file_processing.py:50} INFO - Inserted batch of 1000 documents.
[2024-12-03T16:34:30.501+0000] {OBT_file_processing.py:50} INFO - Inserted batch of 1000 documents.
[2024-12-03T16:34:31.500+0000] {OBT_file_processing.py:50} INFO - Inserted batch of 1000 documents.
[2024-12-03T16:34:35.610+0000] {OBT_file_processing.py:50} INFO - Inserted batch of 1000 documents.
[2024-12-03T16:34:38.479+0000] {OBT_file_processing.py:50} INFO - Inserted batch of 1000 documents.
[2024-12-03T16:34:41.471+0000] {OBT_file_processing.py:50} INFO - Inserted batch of 1000 documents.
[2024-12-03T16:34:43.474+0000] {OBT_file_processing.py:50} INFO - Inserted batch of 1000 documents.
[2024-12-03T16:34:44.477+0000] {OBT_file_processing.py:50} INFO - Inserted batch of 1000 documents.
[2024-12-03T16:34:45.474+0000] {OBT_file_processing.py:50} INFO - Inserted batch of 1000 documents.
[2024-12-03T16:34:46.510+0000] {OBT_file_processing.py:50} INFO - Inserted batch of 1000 documents.
[2024-12-03T16:34:47.498+0000] {OBT_file_processing.py:50} INFO - Inserted batch of 1000 documents.
[2024-12-03T16:34:51.503+0000] {OBT_file_processing.py:50} INFO - Inserted batch of 1000 documents.
[2024-12-03T16:34:54.577+0000] {OBT_file_processing.py:50} INFO - Inserted batch of 1000 documents.
[2024-12-03T16:34:56.487+0000] {OBT_file_processing.py:50} INFO - Inserted batch of 1000 documents.
[2024-12-03T16:34:59.494+0000] {OBT_file_processing.py:50} INFO - Inserted batch of 1000 documents.
[2024-12-03T16:35:01.503+0000] {OBT_file_processing.py:50} INFO - Inserted batch of 1000 documents.
[2024-12-03T16:35:04.504+0000] {OBT_file_processing.py:50} INFO - Inserted batch of 1000 documents.
[2024-12-03T16:35:05.503+0000] {OBT_file_processing.py:50} INFO - Inserted batch of 1000 documents.
[2024-12-03T16:35:08.492+0000] {OBT_file_processing.py:50} INFO - Inserted batch of 1000 documents.
[2024-12-03T16:35:11.517+0000] {OBT_file_processing.py:50} INFO - Inserted batch of 1000 documents.
[2024-12-03T16:35:14.614+0000] {OBT_file_processing.py:50} INFO - Inserted batch of 1000 documents.
[2024-12-03T16:35:17.510+0000] {OBT_file_processing.py:50} INFO - Inserted batch of 1000 documents.
[2024-12-03T16:35:20.532+0000] {OBT_file_processing.py:50} INFO - Inserted batch of 1000 documents.
[2024-12-03T16:35:23.503+0000] {OBT_file_processing.py:50} INFO - Inserted batch of 1000 documents.
[2024-12-03T16:35:26.540+0000] {OBT_file_processing.py:50} INFO - Inserted batch of 1000 documents.
[2024-12-03T16:35:29.514+0000] {OBT_file_processing.py:50} INFO - Inserted batch of 1000 documents.
[2024-12-03T16:35:32.530+0000] {OBT_file_processing.py:50} INFO - Inserted batch of 1000 documents.
[2024-12-03T16:35:35.550+0000] {OBT_file_processing.py:50} INFO - Inserted batch of 1000 documents.
[2024-12-03T16:35:38.551+0000] {OBT_file_processing.py:50} INFO - Inserted batch of 1000 documents.
[2024-12-03T16:35:41.526+0000] {OBT_file_processing.py:50} INFO - Inserted batch of 1000 documents.
[2024-12-03T16:35:44.539+0000] {OBT_file_processing.py:50} INFO - Inserted batch of 1000 documents.
[2024-12-03T16:35:46.524+0000] {OBT_file_processing.py:50} INFO - Inserted batch of 1000 documents.
[2024-12-03T16:35:50.568+0000] {OBT_file_processing.py:50} INFO - Inserted batch of 1000 documents.
[2024-12-03T16:35:52.563+0000] {OBT_file_processing.py:50} INFO - Inserted batch of 1000 documents.
[2024-12-03T16:35:53.528+0000] {OBT_file_processing.py:50} INFO - Inserted batch of 1000 documents.
[2024-12-03T16:35:54.524+0000] {OBT_file_processing.py:50} INFO - Inserted batch of 1000 documents.
[2024-12-03T16:35:58.573+0000] {OBT_file_processing.py:50} INFO - Inserted batch of 1000 documents.
[2024-12-03T16:36:01.536+0000] {OBT_file_processing.py:50} INFO - Inserted batch of 814 documents.
[2024-12-03T16:36:06.924+0000] {OBT_file_processing.py:50} INFO - Inserted batch of 1000 documents.
[2024-12-03T16:36:08.909+0000] {OBT_file_processing.py:50} INFO - Inserted batch of 1000 documents.
[2024-12-03T16:36:09.935+0000] {OBT_file_processing.py:50} INFO - Inserted batch of 1000 documents.
[2024-12-03T16:36:10.893+0000] {OBT_file_processing.py:50} INFO - Inserted batch of 1000 documents.
[2024-12-03T16:36:11.917+0000] {OBT_file_processing.py:50} INFO - Inserted batch of 1000 documents.
[2024-12-03T16:36:15.935+0000] {OBT_file_processing.py:50} INFO - Inserted batch of 1000 documents.
[2024-12-03T16:36:18.927+0000] {OBT_file_processing.py:50} INFO - Inserted batch of 1000 documents.
[2024-12-03T16:36:21.900+0000] {OBT_file_processing.py:50} INFO - Inserted batch of 1000 documents.
[2024-12-03T16:36:23.936+0000] {OBT_file_processing.py:50} INFO - Inserted batch of 1000 documents.
[2024-12-03T16:36:26.924+0000] {OBT_file_processing.py:50} INFO - Inserted batch of 1000 documents.
[2024-12-03T16:36:30.031+0000] {OBT_file_processing.py:50} INFO - Inserted batch of 1000 documents.
[2024-12-03T16:36:33.166+0000] {OBT_file_processing.py:50} INFO - Inserted batch of 1000 documents.
[2024-12-03T16:36:34.179+0000] {OBT_file_processing.py:50} INFO - Inserted batch of 1000 documents.
[2024-12-03T16:36:35.170+0000] {OBT_file_processing.py:50} INFO - Inserted batch of 1000 documents.
[2024-12-03T16:36:40.598+0000] {OBT_file_processing.py:50} INFO - Inserted batch of 1000 documents.
[2024-12-03T16:36:43.235+0000] {OBT_file_processing.py:50} INFO - Inserted batch of 1000 documents.
[2024-12-03T16:36:45.217+0000] {OBT_file_processing.py:50} INFO - Inserted batch of 1000 documents.
[2024-12-03T16:36:48.248+0000] {OBT_file_processing.py:50} INFO - Inserted batch of 1000 documents.
[2024-12-03T16:36:50.237+0000] {OBT_file_processing.py:50} INFO - Inserted batch of 1000 documents.
[2024-12-03T16:36:53.251+0000] {OBT_file_processing.py:50} INFO - Inserted batch of 1000 documents.
[2024-12-03T16:36:56.219+0000] {OBT_file_processing.py:50} INFO - Inserted batch of 1000 documents.
[2024-12-03T16:36:59.224+0000] {OBT_file_processing.py:50} INFO - Inserted batch of 1000 documents.
[2024-12-03T16:37:02.218+0000] {OBT_file_processing.py:50} INFO - Inserted batch of 1000 documents.
[2024-12-03T16:37:04.231+0000] {OBT_file_processing.py:50} INFO - Inserted batch of 1000 documents.
[2024-12-03T16:37:07.212+0000] {OBT_file_processing.py:50} INFO - Inserted batch of 1000 documents.
[2024-12-03T16:37:10.223+0000] {OBT_file_processing.py:50} INFO - Inserted batch of 1000 documents.
[2024-12-03T16:37:13.214+0000] {OBT_file_processing.py:50} INFO - Inserted batch of 1000 documents.
[2024-12-03T16:37:16.225+0000] {OBT_file_processing.py:50} INFO - Inserted batch of 1000 documents.
[2024-12-03T16:37:19.214+0000] {OBT_file_processing.py:50} INFO - Inserted batch of 1000 documents.
[2024-12-03T16:37:20.223+0000] {OBT_file_processing.py:50} INFO - Inserted batch of 1000 documents.
[2024-12-03T16:37:21.252+0000] {OBT_file_processing.py:50} INFO - Inserted batch of 1000 documents.
[2024-12-03T16:37:22.242+0000] {OBT_file_processing.py:50} INFO - Inserted batch of 1000 documents.
[2024-12-03T16:37:26.267+0000] {OBT_file_processing.py:50} INFO - Inserted batch of 1000 documents.
[2024-12-03T16:37:29.250+0000] {OBT_file_processing.py:50} INFO - Inserted batch of 1000 documents.
[2024-12-03T16:37:32.302+0000] {OBT_file_processing.py:50} INFO - Inserted batch of 1000 documents.
[2024-12-03T16:37:35.264+0000] {OBT_file_processing.py:50} INFO - Inserted batch of 1000 documents.
[2024-12-03T16:37:38.235+0000] {OBT_file_processing.py:50} INFO - Inserted batch of 1000 documents.
[2024-12-03T16:37:41.282+0000] {OBT_file_processing.py:50} INFO - Inserted batch of 1000 documents.
[2024-12-03T16:37:43.224+0000] {OBT_file_processing.py:50} INFO - Inserted batch of 465 documents.
[2024-12-03T16:37:45.218+0000] {OBT_file_processing.py:50} INFO - Inserted batch of 261 documents.
[2024-12-03T16:37:45.320+0000] {OBT_file_processing.py:50} INFO - Inserted batch of 88 documents.
[2024-12-03T16:37:45.321+0000] {OBT_file_processing.py:111} INFO - ETL process completed successfully.
[2024-12-03T16:37:46.511+0000] {python.py:183} INFO - Done. Returned value was: None
[2024-12-03T16:37:46.555+0000] {taskinstance.py:1350} INFO - Marking task as SUCCESS. dag_id=obt_file_processing, task_id=etl_process_obt, execution_date=20241203T163347, start_date=20241203T163400, end_date=20241203T163746
[2024-12-03T16:37:46.656+0000] {local_task_job_runner.py:225} INFO - Task exited with return code 0
[2024-12-03T16:37:46.755+0000] {taskinstance.py:2653} INFO - 0 downstream tasks scheduled from follow-on schedule check
