[2024-12-04T15:18:29.788+0000] {taskinstance.py:1103} INFO - Dependencies all met for dep_context=non-requeueable deps ti=<TaskInstance: FoReport_file_processing.etl_merge_FO manual__2024-12-04T15:17:28.210209+00:00 [queued]>
[2024-12-04T15:18:29.796+0000] {taskinstance.py:1103} INFO - Dependencies all met for dep_context=requeueable deps ti=<TaskInstance: FoReport_file_processing.etl_merge_FO manual__2024-12-04T15:17:28.210209+00:00 [queued]>
[2024-12-04T15:18:29.796+0000] {taskinstance.py:1308} INFO - Starting attempt 1 of 2
[2024-12-04T15:18:29.807+0000] {taskinstance.py:1327} INFO - Executing <Task(PythonOperator): etl_merge_FO> on 2024-12-04 15:17:28.210209+00:00
[2024-12-04T15:18:29.817+0000] {standard_task_runner.py:57} INFO - Started process 822 to run task
[2024-12-04T15:18:29.821+0000] {standard_task_runner.py:84} INFO - Running: ['***', 'tasks', 'run', 'FoReport_file_processing', 'etl_merge_FO', 'manual__2024-12-04T15:17:28.210209+00:00', '--job-id', '108', '--raw', '--subdir', 'DAGS_FOLDER/FoReport_file_processing.py', '--cfg-path', '/tmp/tmprnpiv6z8']
[2024-12-04T15:18:29.822+0000] {standard_task_runner.py:85} INFO - Job 108: Subtask etl_merge_FO
[2024-12-04T15:18:29.877+0000] {task_command.py:410} INFO - Running <TaskInstance: FoReport_file_processing.etl_merge_FO manual__2024-12-04T15:17:28.210209+00:00 [running]> on host effe9442f8f2
[2024-12-04T15:18:29.952+0000] {taskinstance.py:1547} INFO - Exporting env vars: AIRFLOW_CTX_DAG_OWNER='***' AIRFLOW_CTX_DAG_ID='FoReport_file_processing' AIRFLOW_CTX_TASK_ID='etl_merge_FO' AIRFLOW_CTX_EXECUTION_DATE='2024-12-04T15:17:28.210209+00:00' AIRFLOW_CTX_TRY_NUMBER='1' AIRFLOW_CTX_DAG_RUN_ID='manual__2024-12-04T15:17:28.210209+00:00'
[2024-12-04T15:18:41.736+0000] {taskinstance.py:1824} ERROR - Task failed with exception
Traceback (most recent call last):
  File "/home/airflow/.local/lib/python3.7/site-packages/airflow/operators/python.py", line 181, in execute
    return_value = self.execute_callable()
  File "/home/airflow/.local/lib/python3.7/site-packages/airflow/operators/python.py", line 198, in execute_callable
    return self.python_callable(*self.op_args, **self.op_kwargs)
  File "/opt/airflow/dags/FoReport_file_processing.py", line 159, in etl_merge_FO
    merged_collection.insert_many(merged_df.to_dict(orient="records"))
  File "/home/airflow/.local/lib/python3.7/site-packages/pymongo/_csot.py", line 108, in csot_wrapper
    return func(self, *args, **kwargs)
  File "/home/airflow/.local/lib/python3.7/site-packages/pymongo/collection.py", line 742, in insert_many
    blk.execute(write_concern, session, _Op.INSERT)
  File "/home/airflow/.local/lib/python3.7/site-packages/pymongo/bulk.py", line 595, in execute
    return self.execute_command(generator, write_concern, session, operation)
  File "/home/airflow/.local/lib/python3.7/site-packages/pymongo/bulk.py", line 462, in execute_command
    _raise_bulk_write_error(full_result)
  File "/home/airflow/.local/lib/python3.7/site-packages/pymongo/bulk.py", line 165, in _raise_bulk_write_error
    raise BulkWriteError(full_result)
pymongo.errors.BulkWriteError: batch op errors occurred, full error: {'writeErrors': [{'index': 0, 'code': 11000, 'errmsg': "E11000 duplicate key error collection: Pulang2.etl_FO_data index: _id_ dup key: { _id: ObjectId('67507268070e2bb8923eaf77') }", 'keyPattern': {'_id': 1}, 'keyValue': {'_id': ObjectId('67507268070e2bb8923eaf77')}, 'op': {'_id': ObjectId('67507268070e2bb8923eaf77'), 'Name': 'ANDIKA PUTRA PS', 'Arrival': '2024-01-07T00:00:00.000', 'Depart': '2024-01-10T00:00:00.000', 'Room_Number': '06A07', 'In_House_Date': '2024-01-07T00:00:00.000', 'Room_Type': 'DTMT', 'Arrangement': 'RB', 'Guest_No': 245, 'Age': 37.0, 'Local Region': 'SMG - Semarang', 'Room_Rate': 725000.0, 'Lodging': '        491,735.54', 'Breakfast': '        107,438.02', 'Bill_Number': 383, 'Pay_Article': None, 'Res_No': 359, 'Adult': 2, 'Child': 0, 'Nat': 'IDN', 'Company_TA': 'PLN,  ', 'SOB': 'RSV by Phone', 'Night': 3, 'CI_Time': '16:18', 'CO_Time': '10:46', 'Segment': 'COR-FIT', 'Created': '2024-01-04T00:00:00.000', 'By': '03', 'remarks': 'null ', 'visitor_number': 2, 'visitor_category': 'family/group', 'PURPOSE OF STAY': nan, 'ESCORT': nan, 'FEEDBACK/COMMENT': nan, 'REQUEST': nan}}], 'writeConcernErrors': [], 'nInserted': 0, 'nUpserted': 0, 'nMatched': 0, 'nModified': 0, 'nRemoved': 0, 'upserted': []}
[2024-12-04T15:18:41.805+0000] {taskinstance.py:1350} INFO - Marking task as UP_FOR_RETRY. dag_id=FoReport_file_processing, task_id=etl_merge_FO, execution_date=20241204T151728, start_date=20241204T151829, end_date=20241204T151841
[2024-12-04T15:18:41.849+0000] {standard_task_runner.py:109} ERROR - Failed to execute job 108 for task etl_merge_FO (batch op errors occurred, full error: {'writeErrors': [{'index': 0, 'code': 11000, 'errmsg': "E11000 duplicate key error collection: Pulang2.etl_FO_data index: _id_ dup key: { _id: ObjectId('67507268070e2bb8923eaf77') }", 'keyPattern': {'_id': 1}, 'keyValue': {'_id': ObjectId('67507268070e2bb8923eaf77')}, 'op': {'_id': ObjectId('67507268070e2bb8923eaf77'), 'Name': 'ANDIKA PUTRA PS', 'Arrival': '2024-01-07T00:00:00.000', 'Depart': '2024-01-10T00:00:00.000', 'Room_Number': '06A07', 'In_House_Date': '2024-01-07T00:00:00.000', 'Room_Type': 'DTMT', 'Arrangement': 'RB', 'Guest_No': 245, 'Age': 37.0, 'Local Region': 'SMG - Semarang', 'Room_Rate': 725000.0, 'Lodging': '        491,735.54', 'Breakfast': '        107,438.02', 'Bill_Number': 383, 'Pay_Article': None, 'Res_No': 359, 'Adult': 2, 'Child': 0, 'Nat': 'IDN', 'Company_TA': 'PLN,  ', 'SOB': 'RSV by Phone', 'Night': 3, 'CI_Time': '16:18', 'CO_Time': '10:46', 'Segment': 'COR-FIT', 'Created': '2024-01-04T00:00:00.000', 'By': '03', 'remarks': 'null ', 'visitor_number': 2, 'visitor_category': 'family/group', 'PURPOSE OF STAY': nan, 'ESCORT': nan, 'FEEDBACK/COMMENT': nan, 'REQUEST': nan}}], 'writeConcernErrors': [], 'nInserted': 0, 'nUpserted': 0, 'nMatched': 0, 'nModified': 0, 'nRemoved': 0, 'upserted': []}; 822)
[2024-12-04T15:18:41.896+0000] {local_task_job_runner.py:225} INFO - Task exited with return code 1
[2024-12-04T15:18:41.941+0000] {taskinstance.py:2653} INFO - 0 downstream tasks scheduled from follow-on schedule check
