[2025-01-07T11:39:19.510+0000] {taskinstance.py:1103} INFO - Dependencies all met for dep_context=non-requeueable deps ti=<TaskInstance: obt_file_processing.etl_billNumber manual__2025-01-07T11:36:22.307388+00:00 [queued]>
[2025-01-07T11:39:19.522+0000] {taskinstance.py:1103} INFO - Dependencies all met for dep_context=requeueable deps ti=<TaskInstance: obt_file_processing.etl_billNumber manual__2025-01-07T11:36:22.307388+00:00 [queued]>
[2025-01-07T11:39:19.522+0000] {taskinstance.py:1308} INFO - Starting attempt 1 of 2
[2025-01-07T11:39:19.538+0000] {taskinstance.py:1327} INFO - Executing <Task(PythonOperator): etl_billNumber> on 2025-01-07 11:36:22.307388+00:00
[2025-01-07T11:39:19.560+0000] {standard_task_runner.py:57} INFO - Started process 3358 to run task
[2025-01-07T11:39:19.568+0000] {standard_task_runner.py:84} INFO - Running: ['***', 'tasks', 'run', 'obt_file_processing', 'etl_billNumber', 'manual__2025-01-07T11:36:22.307388+00:00', '--job-id', '576', '--raw', '--subdir', 'DAGS_FOLDER/OBT_file_processing.py', '--cfg-path', '/tmp/tmpsuum8p92']
[2025-01-07T11:39:19.569+0000] {standard_task_runner.py:85} INFO - Job 576: Subtask etl_billNumber
[2025-01-07T11:39:19.695+0000] {task_command.py:410} INFO - Running <TaskInstance: obt_file_processing.etl_billNumber manual__2025-01-07T11:36:22.307388+00:00 [running]> on host 8fff7f1050bf
[2025-01-07T11:39:19.883+0000] {taskinstance.py:1547} INFO - Exporting env vars: AIRFLOW_CTX_DAG_OWNER='***' AIRFLOW_CTX_DAG_ID='obt_file_processing' AIRFLOW_CTX_TASK_ID='etl_billNumber' AIRFLOW_CTX_EXECUTION_DATE='2025-01-07T11:36:22.307388+00:00' AIRFLOW_CTX_TRY_NUMBER='1' AIRFLOW_CTX_DAG_RUN_ID='manual__2025-01-07T11:36:22.307388+00:00'
[2025-01-07T11:39:31.170+0000] {OBT_file_processing.py:60} INFO - Inserted batch of 1000 documents.
[2025-01-07T11:39:32.177+0000] {OBT_file_processing.py:60} INFO - Inserted batch of 1000 documents.
[2025-01-07T11:39:33.148+0000] {OBT_file_processing.py:60} INFO - Inserted batch of 1000 documents.
[2025-01-07T11:39:36.159+0000] {OBT_file_processing.py:60} INFO - Inserted batch of 1000 documents.
[2025-01-07T11:39:37.189+0000] {OBT_file_processing.py:60} INFO - Inserted batch of 1000 documents.
[2025-01-07T11:39:39.157+0000] {OBT_file_processing.py:60} INFO - Inserted batch of 1000 documents.
[2025-01-07T11:39:40.262+0000] {OBT_file_processing.py:60} INFO - Inserted batch of 1000 documents.
[2025-01-07T11:39:43.229+0000] {OBT_file_processing.py:60} INFO - Inserted batch of 1000 documents.
[2025-01-07T11:39:44.187+0000] {OBT_file_processing.py:60} INFO - Inserted batch of 1000 documents.
[2025-01-07T11:39:45.175+0000] {OBT_file_processing.py:60} INFO - Inserted batch of 439 documents.
[2025-01-07T11:39:48.151+0000] {OBT_file_processing.py:60} INFO - Inserted batch of 83 documents.
[2025-01-07T11:39:48.337+0000] {OBT_file_processing.py:60} INFO - Inserted batch of 29 documents.
[2025-01-07T11:39:48.353+0000] {python.py:183} INFO - Done. Returned value was: None
[2025-01-07T11:39:48.412+0000] {taskinstance.py:1350} INFO - Marking task as SUCCESS. dag_id=obt_file_processing, task_id=etl_billNumber, execution_date=20250107T113622, start_date=20250107T113919, end_date=20250107T113948
[2025-01-07T11:39:48.763+0000] {local_task_job_runner.py:225} INFO - Task exited with return code 0
[2025-01-07T11:39:48.962+0000] {taskinstance.py:2653} INFO - 0 downstream tasks scheduled from follow-on schedule check
