[2024-12-03T16:27:18.585+0000] {taskinstance.py:1103} INFO - Dependencies all met for dep_context=non-requeueable deps ti=<TaskInstance: obt_file_processing.etl_process_obt manual__2024-12-03T16:27:08.206326+00:00 [queued]>
[2024-12-03T16:27:18.592+0000] {taskinstance.py:1103} INFO - Dependencies all met for dep_context=requeueable deps ti=<TaskInstance: obt_file_processing.etl_process_obt manual__2024-12-03T16:27:08.206326+00:00 [queued]>
[2024-12-03T16:27:18.592+0000] {taskinstance.py:1308} INFO - Starting attempt 1 of 2
[2024-12-03T16:27:18.615+0000] {taskinstance.py:1327} INFO - Executing <Task(PythonOperator): etl_process_obt> on 2024-12-03 16:27:08.206326+00:00
[2024-12-03T16:27:18.633+0000] {standard_task_runner.py:57} INFO - Started process 338 to run task
[2024-12-03T16:27:18.639+0000] {standard_task_runner.py:84} INFO - Running: ['***', 'tasks', 'run', 'obt_file_processing', 'etl_process_obt', 'manual__2024-12-03T16:27:08.206326+00:00', '--job-id', '28', '--raw', '--subdir', 'DAGS_FOLDER/OBT_file_processing.py', '--cfg-path', '/tmp/tmpxfedjlti']
[2024-12-03T16:27:18.641+0000] {standard_task_runner.py:85} INFO - Job 28: Subtask etl_process_obt
[2024-12-03T16:27:18.724+0000] {task_command.py:410} INFO - Running <TaskInstance: obt_file_processing.etl_process_obt manual__2024-12-03T16:27:08.206326+00:00 [running]> on host effe9442f8f2
[2024-12-03T16:27:18.830+0000] {taskinstance.py:1547} INFO - Exporting env vars: AIRFLOW_CTX_DAG_OWNER='***' AIRFLOW_CTX_DAG_ID='obt_file_processing' AIRFLOW_CTX_TASK_ID='etl_process_obt' AIRFLOW_CTX_EXECUTION_DATE='2024-12-03T16:27:08.206326+00:00' AIRFLOW_CTX_TRY_NUMBER='1' AIRFLOW_CTX_DAG_RUN_ID='manual__2024-12-03T16:27:08.206326+00:00'
[2024-12-03T16:27:32.875+0000] {OBT_file_processing.py:50} INFO - Inserted batch of 1000 documents.
[2024-12-03T16:27:35.150+0000] {OBT_file_processing.py:50} INFO - Inserted batch of 1000 documents.
[2024-12-03T16:27:36.220+0000] {OBT_file_processing.py:50} INFO - Inserted batch of 1000 documents.
[2024-12-03T16:27:40.164+0000] {OBT_file_processing.py:50} INFO - Inserted batch of 1000 documents.
[2024-12-03T16:27:43.225+0000] {OBT_file_processing.py:50} INFO - Inserted batch of 1000 documents.
[2024-12-03T16:27:46.206+0000] {OBT_file_processing.py:50} INFO - Inserted batch of 1000 documents.
[2024-12-03T16:27:48.144+0000] {OBT_file_processing.py:50} INFO - Inserted batch of 1000 documents.
[2024-12-03T16:27:49.163+0000] {OBT_file_processing.py:50} INFO - Inserted batch of 1000 documents.
[2024-12-03T16:27:50.190+0000] {OBT_file_processing.py:50} INFO - Inserted batch of 1000 documents.
[2024-12-03T16:27:54.146+0000] {OBT_file_processing.py:50} INFO - Inserted batch of 1000 documents.
[2024-12-03T16:27:57.150+0000] {OBT_file_processing.py:50} INFO - Inserted batch of 1000 documents.
[2024-12-03T16:28:00.156+0000] {OBT_file_processing.py:50} INFO - Inserted batch of 1000 documents.
[2024-12-03T16:28:02.163+0000] {OBT_file_processing.py:50} INFO - Inserted batch of 1000 documents.
[2024-12-03T16:28:03.183+0000] {OBT_file_processing.py:50} INFO - Inserted batch of 1000 documents.
[2024-12-03T16:28:07.194+0000] {OBT_file_processing.py:50} INFO - Inserted batch of 1000 documents.
[2024-12-03T16:28:10.180+0000] {OBT_file_processing.py:50} INFO - Inserted batch of 1000 documents.
[2024-12-03T16:28:13.172+0000] {OBT_file_processing.py:50} INFO - Inserted batch of 1000 documents.
[2024-12-03T16:28:16.239+0000] {OBT_file_processing.py:50} INFO - Inserted batch of 1000 documents.
[2024-12-03T16:28:19.235+0000] {OBT_file_processing.py:50} INFO - Inserted batch of 1000 documents.
[2024-12-03T16:28:22.157+0000] {OBT_file_processing.py:50} INFO - Inserted batch of 1000 documents.
[2024-12-03T16:28:25.340+0000] {OBT_file_processing.py:50} INFO - Inserted batch of 1000 documents.
[2024-12-03T16:28:28.193+0000] {OBT_file_processing.py:50} INFO - Inserted batch of 1000 documents.
[2024-12-03T16:28:31.180+0000] {OBT_file_processing.py:50} INFO - Inserted batch of 1000 documents.
[2024-12-03T16:28:34.268+0000] {OBT_file_processing.py:50} INFO - Inserted batch of 1000 documents.
[2024-12-03T16:28:36.177+0000] {OBT_file_processing.py:50} INFO - Inserted batch of 1000 documents.
[2024-12-03T16:28:37.225+0000] {OBT_file_processing.py:50} INFO - Inserted batch of 1000 documents.
[2024-12-03T16:28:38.169+0000] {OBT_file_processing.py:50} INFO - Inserted batch of 1000 documents.
[2024-12-03T16:28:42.208+0000] {OBT_file_processing.py:50} INFO - Inserted batch of 1000 documents.
[2024-12-03T16:28:45.215+0000] {OBT_file_processing.py:50} INFO - Inserted batch of 1000 documents.
[2024-12-03T16:28:48.185+0000] {OBT_file_processing.py:50} INFO - Inserted batch of 1000 documents.
[2024-12-03T16:28:55.258+0000] {OBT_file_processing.py:50} INFO - Inserted batch of 1000 documents.
[2024-12-03T16:28:58.211+0000] {OBT_file_processing.py:50} INFO - Inserted batch of 1000 documents.
[2024-12-03T16:29:00.235+0000] {OBT_file_processing.py:50} INFO - Inserted batch of 1000 documents.
[2024-12-03T16:29:01.284+0000] {OBT_file_processing.py:50} INFO - Inserted batch of 1000 documents.
[2024-12-03T16:29:02.217+0000] {OBT_file_processing.py:50} INFO - Inserted batch of 1000 documents.
[2024-12-03T16:29:04.261+0000] {OBT_file_processing.py:50} INFO - Inserted batch of 1000 documents.
[2024-12-03T16:29:06.421+0000] {OBT_file_processing.py:50} INFO - Inserted batch of 1000 documents.
[2024-12-03T16:29:09.642+0000] {OBT_file_processing.py:50} INFO - Inserted batch of 1000 documents.
[2024-12-03T16:29:13.348+0000] {OBT_file_processing.py:50} INFO - Inserted batch of 814 documents.
[2024-12-03T16:29:30.066+0000] {OBT_file_processing.py:50} INFO - Inserted batch of 1000 documents.
[2024-12-03T16:29:30.979+0000] {OBT_file_processing.py:50} INFO - Inserted batch of 1000 documents.
[2024-12-03T16:29:33.975+0000] {OBT_file_processing.py:50} INFO - Inserted batch of 1000 documents.
[2024-12-03T16:29:37.028+0000] {OBT_file_processing.py:50} INFO - Inserted batch of 1000 documents.
[2024-12-03T16:29:39.986+0000] {OBT_file_processing.py:50} INFO - Inserted batch of 1000 documents.
[2024-12-03T16:29:41.003+0000] {OBT_file_processing.py:50} INFO - Inserted batch of 1000 documents.
[2024-12-03T16:29:42.017+0000] {OBT_file_processing.py:50} INFO - Inserted batch of 1000 documents.
[2024-12-03T16:29:43.013+0000] {OBT_file_processing.py:50} INFO - Inserted batch of 1000 documents.
[2024-12-03T16:29:44.006+0000] {OBT_file_processing.py:50} INFO - Inserted batch of 1000 documents.
[2024-12-03T16:29:45.043+0000] {OBT_file_processing.py:50} INFO - Inserted batch of 1000 documents.
[2024-12-03T16:29:46.013+0000] {OBT_file_processing.py:50} INFO - Inserted batch of 1000 documents.
[2024-12-03T16:29:46.976+0000] {OBT_file_processing.py:50} INFO - Inserted batch of 1000 documents.
[2024-12-03T16:29:47.980+0000] {OBT_file_processing.py:50} INFO - Inserted batch of 1000 documents.
[2024-12-03T16:29:51.020+0000] {OBT_file_processing.py:50} INFO - Inserted batch of 1000 documents.
[2024-12-03T16:29:52.073+0000] {OBT_file_processing.py:50} INFO - Inserted batch of 1000 documents.
[2024-12-03T16:29:56.022+0000] {OBT_file_processing.py:50} INFO - Inserted batch of 1000 documents.
[2024-12-03T16:29:58.022+0000] {OBT_file_processing.py:50} INFO - Inserted batch of 1000 documents.
[2024-12-03T16:30:00.991+0000] {OBT_file_processing.py:50} INFO - Inserted batch of 1000 documents.
[2024-12-03T16:30:03.992+0000] {OBT_file_processing.py:50} INFO - Inserted batch of 1000 documents.
[2024-12-03T16:30:07.152+0000] {OBT_file_processing.py:50} INFO - Inserted batch of 1000 documents.
[2024-12-03T16:30:13.622+0000] {OBT_file_processing.py:50} INFO - Inserted batch of 1000 documents.
[2024-12-03T16:30:16.663+0000] {OBT_file_processing.py:50} INFO - Inserted batch of 1000 documents.
[2024-12-03T16:30:18.680+0000] {OBT_file_processing.py:50} INFO - Inserted batch of 1000 documents.
[2024-12-03T16:30:20.780+0000] {OBT_file_processing.py:50} INFO - Inserted batch of 1000 documents.
[2024-12-03T16:30:23.719+0000] {OBT_file_processing.py:50} INFO - Inserted batch of 1000 documents.
[2024-12-03T16:30:26.663+0000] {OBT_file_processing.py:50} INFO - Inserted batch of 1000 documents.
[2024-12-03T16:30:29.632+0000] {OBT_file_processing.py:50} INFO - Inserted batch of 1000 documents.
[2024-12-03T16:30:32.630+0000] {OBT_file_processing.py:50} INFO - Inserted batch of 1000 documents.
[2024-12-03T16:30:35.672+0000] {OBT_file_processing.py:50} INFO - Inserted batch of 1000 documents.
[2024-12-03T16:30:38.658+0000] {OBT_file_processing.py:50} INFO - Inserted batch of 1000 documents.
[2024-12-03T16:30:40.697+0000] {OBT_file_processing.py:50} INFO - Inserted batch of 1000 documents.
[2024-12-03T16:30:43.640+0000] {OBT_file_processing.py:50} INFO - Inserted batch of 1000 documents.
[2024-12-03T16:30:46.761+0000] {OBT_file_processing.py:50} INFO - Inserted batch of 1000 documents.
[2024-12-03T16:30:49.726+0000] {OBT_file_processing.py:50} INFO - Inserted batch of 1000 documents.
[2024-12-03T16:30:52.651+0000] {OBT_file_processing.py:50} INFO - Inserted batch of 1000 documents.
[2024-12-03T16:30:54.730+0000] {OBT_file_processing.py:50} INFO - Inserted batch of 1000 documents.
[2024-12-03T16:30:58.715+0000] {OBT_file_processing.py:50} INFO - Inserted batch of 1000 documents.
[2024-12-03T16:31:00.709+0000] {OBT_file_processing.py:50} INFO - Inserted batch of 1000 documents.
[2024-12-03T16:31:02.845+0000] {OBT_file_processing.py:50} INFO - Inserted batch of 465 documents.
[2024-12-03T16:31:04.657+0000] {OBT_file_processing.py:50} INFO - Inserted batch of 261 documents.
[2024-12-03T16:31:05.758+0000] {OBT_file_processing.py:50} INFO - Inserted batch of 88 documents.
[2024-12-03T16:31:05.774+0000] {OBT_file_processing.py:111} INFO - ETL process completed successfully.
[2024-12-03T16:31:10.731+0000] {python.py:183} INFO - Done. Returned value was: None
[2024-12-03T16:31:11.977+0000] {taskinstance.py:1350} INFO - Marking task as SUCCESS. dag_id=obt_file_processing, task_id=etl_process_obt, execution_date=20241203T162708, start_date=20241203T162718, end_date=20241203T163111
[2024-12-03T16:31:13.907+0000] {local_task_job_runner.py:225} INFO - Task exited with return code 0
[2024-12-03T16:31:14.791+0000] {taskinstance.py:2653} INFO - 0 downstream tasks scheduled from follow-on schedule check
