[2025-01-07T11:02:51.536+0000] {taskinstance.py:1103} INFO - Dependencies all met for dep_context=non-requeueable deps ti=<TaskInstance: obt_file_processing.delete_outlet_data manual__2025-01-07T11:02:35.906778+00:00 [queued]>
[2025-01-07T11:02:51.570+0000] {taskinstance.py:1103} INFO - Dependencies all met for dep_context=requeueable deps ti=<TaskInstance: obt_file_processing.delete_outlet_data manual__2025-01-07T11:02:35.906778+00:00 [queued]>
[2025-01-07T11:02:51.571+0000] {taskinstance.py:1308} INFO - Starting attempt 1 of 2
[2025-01-07T11:02:51.620+0000] {taskinstance.py:1327} INFO - Executing <Task(PythonOperator): delete_outlet_data> on 2025-01-07 11:02:35.906778+00:00
[2025-01-07T11:02:51.637+0000] {standard_task_runner.py:57} INFO - Started process 2528 to run task
[2025-01-07T11:02:51.646+0000] {standard_task_runner.py:84} INFO - Running: ['***', 'tasks', 'run', 'obt_file_processing', 'delete_outlet_data', 'manual__2025-01-07T11:02:35.906778+00:00', '--job-id', '493', '--raw', '--subdir', 'DAGS_FOLDER/OBT_file_processing.py', '--cfg-path', '/tmp/tmpk3rb3efy']
[2025-01-07T11:02:51.649+0000] {standard_task_runner.py:85} INFO - Job 493: Subtask delete_outlet_data
[2025-01-07T11:02:51.779+0000] {task_command.py:410} INFO - Running <TaskInstance: obt_file_processing.delete_outlet_data manual__2025-01-07T11:02:35.906778+00:00 [running]> on host 8fff7f1050bf
[2025-01-07T11:02:52.922+0000] {taskinstance.py:1547} INFO - Exporting env vars: AIRFLOW_CTX_DAG_OWNER='***' AIRFLOW_CTX_DAG_ID='obt_file_processing' AIRFLOW_CTX_TASK_ID='delete_outlet_data' AIRFLOW_CTX_EXECUTION_DATE='2025-01-07T11:02:35.906778+00:00' AIRFLOW_CTX_TRY_NUMBER='1' AIRFLOW_CTX_DAG_RUN_ID='manual__2025-01-07T11:02:35.906778+00:00'
[2025-01-07T11:03:03.585+0000] {OBT_file_processing.py:49} INFO - Deleted 20000 documents from obt_restaurant collection.
[2025-01-07T11:03:04.250+0000] {OBT_file_processing.py:49} INFO - Deleted 0 documents from obt_roomservice collection.
[2025-01-07T11:03:05.282+0000] {OBT_file_processing.py:49} INFO - Deleted 0 documents from obt_banquet collection.
[2025-01-07T11:03:06.217+0000] {OBT_file_processing.py:49} INFO - Deleted 0 documents from obt_restaurant_sales collection.
[2025-01-07T11:03:07.260+0000] {OBT_file_processing.py:49} INFO - Deleted 0 documents from obt_roomservice_sales collection.
[2025-01-07T11:03:08.214+0000] {OBT_file_processing.py:49} INFO - Deleted 0 documents from obt_banquet_sales collection.
[2025-01-07T11:03:08.214+0000] {OBT_file_processing.py:51} INFO - Deleted documents from outlet collections.
[2025-01-07T11:03:08.218+0000] {python.py:183} INFO - Done. Returned value was: None
[2025-01-07T11:03:08.268+0000] {taskinstance.py:1350} INFO - Marking task as SUCCESS. dag_id=obt_file_processing, task_id=delete_outlet_data, execution_date=20250107T110235, start_date=20250107T110251, end_date=20250107T110308
[2025-01-07T11:03:08.342+0000] {local_task_job_runner.py:225} INFO - Task exited with return code 0
[2025-01-07T11:03:08.377+0000] {taskinstance.py:2653} INFO - 1 downstream tasks scheduled from follow-on schedule check
