[2024-12-05T08:40:22.555+0000] {taskinstance.py:1103} INFO - Dependencies all met for dep_context=non-requeueable deps ti=<TaskInstance: obt_file_processing.etl_billNumber manual__2024-12-05T08:36:53.583743+00:00 [queued]>
[2024-12-05T08:40:22.563+0000] {taskinstance.py:1103} INFO - Dependencies all met for dep_context=requeueable deps ti=<TaskInstance: obt_file_processing.etl_billNumber manual__2024-12-05T08:36:53.583743+00:00 [queued]>
[2024-12-05T08:40:22.563+0000] {taskinstance.py:1308} INFO - Starting attempt 1 of 2
[2024-12-05T08:40:22.576+0000] {taskinstance.py:1327} INFO - Executing <Task(PythonOperator): etl_billNumber> on 2024-12-05 08:36:53.583743+00:00
[2024-12-05T08:40:22.583+0000] {standard_task_runner.py:57} INFO - Started process 321 to run task
[2024-12-05T08:40:22.588+0000] {standard_task_runner.py:84} INFO - Running: ['***', 'tasks', 'run', 'obt_file_processing', 'etl_billNumber', 'manual__2024-12-05T08:36:53.583743+00:00', '--job-id', '169', '--raw', '--subdir', 'DAGS_FOLDER/OBT_file_processing.py', '--cfg-path', '/tmp/tmp6qi9cfx9']
[2024-12-05T08:40:22.589+0000] {standard_task_runner.py:85} INFO - Job 169: Subtask etl_billNumber
[2024-12-05T08:40:22.676+0000] {task_command.py:410} INFO - Running <TaskInstance: obt_file_processing.etl_billNumber manual__2024-12-05T08:36:53.583743+00:00 [running]> on host effe9442f8f2
[2024-12-05T08:40:22.753+0000] {taskinstance.py:1547} INFO - Exporting env vars: AIRFLOW_CTX_DAG_OWNER='***' AIRFLOW_CTX_DAG_ID='obt_file_processing' AIRFLOW_CTX_TASK_ID='etl_billNumber' AIRFLOW_CTX_EXECUTION_DATE='2024-12-05T08:36:53.583743+00:00' AIRFLOW_CTX_TRY_NUMBER='1' AIRFLOW_CTX_DAG_RUN_ID='manual__2024-12-05T08:36:53.583743+00:00'
[2024-12-05T08:40:34.761+0000] {OBT_file_processing.py:53} INFO - Inserted batch of 1000 documents.
[2024-12-05T08:40:37.775+0000] {OBT_file_processing.py:53} INFO - Inserted batch of 1000 documents.
[2024-12-05T08:40:40.954+0000] {OBT_file_processing.py:53} INFO - Inserted batch of 1000 documents.
[2024-12-05T08:40:43.750+0000] {OBT_file_processing.py:53} INFO - Inserted batch of 1000 documents.
[2024-12-05T08:40:46.760+0000] {OBT_file_processing.py:53} INFO - Inserted batch of 1000 documents.
[2024-12-05T08:40:49.778+0000] {OBT_file_processing.py:53} INFO - Inserted batch of 1000 documents.
[2024-12-05T08:40:52.786+0000] {OBT_file_processing.py:53} INFO - Inserted batch of 1000 documents.
[2024-12-05T08:40:55.800+0000] {OBT_file_processing.py:53} INFO - Inserted batch of 1000 documents.
[2024-12-05T08:40:58.790+0000] {OBT_file_processing.py:53} INFO - Inserted batch of 1000 documents.
[2024-12-05T08:41:00.754+0000] {OBT_file_processing.py:53} INFO - Inserted batch of 439 documents.
[2024-12-05T08:41:01.750+0000] {OBT_file_processing.py:53} INFO - Inserted batch of 83 documents.
[2024-12-05T08:41:01.874+0000] {OBT_file_processing.py:53} INFO - Inserted batch of 29 documents.
[2024-12-05T08:41:01.879+0000] {python.py:183} INFO - Done. Returned value was: None
[2024-12-05T08:41:01.926+0000] {taskinstance.py:1350} INFO - Marking task as SUCCESS. dag_id=obt_file_processing, task_id=etl_billNumber, execution_date=20241205T083653, start_date=20241205T084022, end_date=20241205T084101
[2024-12-05T08:41:01.993+0000] {local_task_job_runner.py:225} INFO - Task exited with return code 0
[2024-12-05T08:41:02.045+0000] {taskinstance.py:2653} INFO - 0 downstream tasks scheduled from follow-on schedule check
