[2024-12-05T10:52:24.141+0000] {taskinstance.py:1103} INFO - Dependencies all met for dep_context=non-requeueable deps ti=<TaskInstance: obt_file_processing.etl_process_obt manual__2024-12-05T10:52:18.089918+00:00 [queued]>
[2024-12-05T10:52:24.148+0000] {taskinstance.py:1103} INFO - Dependencies all met for dep_context=requeueable deps ti=<TaskInstance: obt_file_processing.etl_process_obt manual__2024-12-05T10:52:18.089918+00:00 [queued]>
[2024-12-05T10:52:24.148+0000] {taskinstance.py:1308} INFO - Starting attempt 1 of 2
[2024-12-05T10:52:24.160+0000] {taskinstance.py:1327} INFO - Executing <Task(PythonOperator): etl_process_obt> on 2024-12-05 10:52:18.089918+00:00
[2024-12-05T10:52:24.175+0000] {standard_task_runner.py:57} INFO - Started process 373 to run task
[2024-12-05T10:52:24.187+0000] {standard_task_runner.py:84} INFO - Running: ['***', 'tasks', 'run', 'obt_file_processing', 'etl_process_obt', 'manual__2024-12-05T10:52:18.089918+00:00', '--job-id', '234', '--raw', '--subdir', 'DAGS_FOLDER/OBT_file_processing.py', '--cfg-path', '/tmp/tmp81b05qut']
[2024-12-05T10:52:24.190+0000] {standard_task_runner.py:85} INFO - Job 234: Subtask etl_process_obt
[2024-12-05T10:52:24.304+0000] {task_command.py:410} INFO - Running <TaskInstance: obt_file_processing.etl_process_obt manual__2024-12-05T10:52:18.089918+00:00 [running]> on host 8fff7f1050bf
[2024-12-05T10:52:24.462+0000] {taskinstance.py:1547} INFO - Exporting env vars: AIRFLOW_CTX_DAG_OWNER='***' AIRFLOW_CTX_DAG_ID='obt_file_processing' AIRFLOW_CTX_TASK_ID='etl_process_obt' AIRFLOW_CTX_EXECUTION_DATE='2024-12-05T10:52:18.089918+00:00' AIRFLOW_CTX_TRY_NUMBER='1' AIRFLOW_CTX_DAG_RUN_ID='manual__2024-12-05T10:52:18.089918+00:00'
[2024-12-05T10:52:34.160+0000] {OBT_file_processing.py:60} INFO - Inserted batch of 1000 documents.
[2024-12-05T10:52:35.141+0000] {OBT_file_processing.py:60} INFO - Inserted batch of 1000 documents.
[2024-12-05T10:52:36.149+0000] {OBT_file_processing.py:60} INFO - Inserted batch of 1000 documents.
[2024-12-05T10:52:37.109+0000] {OBT_file_processing.py:60} INFO - Inserted batch of 1000 documents.
[2024-12-05T10:52:38.111+0000] {OBT_file_processing.py:60} INFO - Inserted batch of 1000 documents.
[2024-12-05T10:52:40.125+0000] {OBT_file_processing.py:60} INFO - Inserted batch of 1000 documents.
[2024-12-05T10:52:41.199+0000] {OBT_file_processing.py:60} INFO - Inserted batch of 1000 documents.
[2024-12-05T10:52:43.171+0000] {OBT_file_processing.py:60} INFO - Inserted batch of 1000 documents.
[2024-12-05T10:52:45.159+0000] {OBT_file_processing.py:60} INFO - Inserted batch of 1000 documents.
[2024-12-05T10:52:46.198+0000] {OBT_file_processing.py:60} INFO - Inserted batch of 1000 documents.
[2024-12-05T10:52:48.532+0000] {OBT_file_processing.py:60} INFO - Inserted batch of 1000 documents.
[2024-12-05T10:52:50.185+0000] {OBT_file_processing.py:60} INFO - Inserted batch of 1000 documents.
[2024-12-05T10:52:51.183+0000] {OBT_file_processing.py:60} INFO - Inserted batch of 1000 documents.
[2024-12-05T10:52:52.214+0000] {OBT_file_processing.py:60} INFO - Inserted batch of 1000 documents.
[2024-12-05T10:52:56.248+0000] {OBT_file_processing.py:60} INFO - Inserted batch of 1000 documents.
[2024-12-05T10:52:58.114+0000] {OBT_file_processing.py:60} INFO - Inserted batch of 1000 documents.
[2024-12-05T10:52:59.132+0000] {OBT_file_processing.py:60} INFO - Inserted batch of 1000 documents.
[2024-12-05T10:53:00.197+0000] {OBT_file_processing.py:60} INFO - Inserted batch of 1000 documents.
[2024-12-05T10:53:01.124+0000] {OBT_file_processing.py:60} INFO - Inserted batch of 1000 documents.
[2024-12-05T10:53:02.118+0000] {OBT_file_processing.py:60} INFO - Inserted batch of 1000 documents.
[2024-12-05T10:53:04.182+0000] {OBT_file_processing.py:60} INFO - Inserted batch of 1000 documents.
[2024-12-05T10:53:07.123+0000] {OBT_file_processing.py:60} INFO - Inserted batch of 1000 documents.
[2024-12-05T10:53:08.129+0000] {OBT_file_processing.py:60} INFO - Inserted batch of 1000 documents.
[2024-12-05T10:53:10.222+0000] {OBT_file_processing.py:60} INFO - Inserted batch of 1000 documents.
[2024-12-05T10:53:15.255+0000] {OBT_file_processing.py:60} INFO - Inserted batch of 1000 documents.
[2024-12-05T10:53:18.183+0000] {OBT_file_processing.py:60} INFO - Inserted batch of 1000 documents.
[2024-12-05T10:53:22.219+0000] {OBT_file_processing.py:60} INFO - Inserted batch of 1000 documents.
[2024-12-05T10:53:25.191+0000] {OBT_file_processing.py:60} INFO - Inserted batch of 1000 documents.
[2024-12-05T10:53:27.183+0000] {OBT_file_processing.py:60} INFO - Inserted batch of 1000 documents.
[2024-12-05T10:53:32.370+0000] {OBT_file_processing.py:60} INFO - Inserted batch of 1000 documents.
[2024-12-05T10:53:35.420+0000] {OBT_file_processing.py:60} INFO - Inserted batch of 1000 documents.
[2024-12-05T10:53:38.379+0000] {OBT_file_processing.py:60} INFO - Inserted batch of 1000 documents.
[2024-12-05T10:53:40.430+0000] {OBT_file_processing.py:60} INFO - Inserted batch of 1000 documents.
[2024-12-05T10:53:41.390+0000] {OBT_file_processing.py:60} INFO - Inserted batch of 1000 documents.
[2024-12-05T10:53:45.452+0000] {OBT_file_processing.py:60} INFO - Inserted batch of 1000 documents.
[2024-12-05T10:53:48.432+0000] {OBT_file_processing.py:60} INFO - Inserted batch of 1000 documents.
[2024-12-05T10:53:51.458+0000] {OBT_file_processing.py:60} INFO - Inserted batch of 1000 documents.
[2024-12-05T10:53:53.401+0000] {OBT_file_processing.py:60} INFO - Inserted batch of 1000 documents.
[2024-12-05T10:53:54.416+0000] {OBT_file_processing.py:60} INFO - Inserted batch of 814 documents.
[2024-12-05T10:53:58.395+0000] {OBT_file_processing.py:60} INFO - Inserted batch of 1000 documents.
[2024-12-05T10:54:00.431+0000] {OBT_file_processing.py:60} INFO - Inserted batch of 1000 documents.
[2024-12-05T10:54:02.580+0000] {OBT_file_processing.py:60} INFO - Inserted batch of 1000 documents.
[2024-12-05T10:54:03.399+0000] {OBT_file_processing.py:60} INFO - Inserted batch of 1000 documents.
[2024-12-05T10:54:05.433+0000] {OBT_file_processing.py:60} INFO - Inserted batch of 1000 documents.
[2024-12-05T10:54:06.404+0000] {OBT_file_processing.py:60} INFO - Inserted batch of 1000 documents.
[2024-12-05T10:54:08.489+0000] {OBT_file_processing.py:60} INFO - Inserted batch of 1000 documents.
[2024-12-05T10:54:09.514+0000] {OBT_file_processing.py:60} INFO - Inserted batch of 1000 documents.
[2024-12-05T10:54:10.433+0000] {OBT_file_processing.py:60} INFO - Inserted batch of 1000 documents.
[2024-12-05T10:54:11.469+0000] {OBT_file_processing.py:60} INFO - Inserted batch of 1000 documents.
[2024-12-05T10:54:13.442+0000] {OBT_file_processing.py:60} INFO - Inserted batch of 1000 documents.
[2024-12-05T10:54:14.452+0000] {OBT_file_processing.py:60} INFO - Inserted batch of 1000 documents.
[2024-12-05T10:54:18.425+0000] {OBT_file_processing.py:60} INFO - Inserted batch of 1000 documents.
[2024-12-05T10:54:21.433+0000] {OBT_file_processing.py:60} INFO - Inserted batch of 1000 documents.
[2024-12-05T10:54:22.440+0000] {OBT_file_processing.py:60} INFO - Inserted batch of 1000 documents.
[2024-12-05T10:54:25.412+0000] {OBT_file_processing.py:60} INFO - Inserted batch of 1000 documents.
[2024-12-05T10:54:26.445+0000] {OBT_file_processing.py:60} INFO - Inserted batch of 1000 documents.
[2024-12-05T10:54:27.438+0000] {OBT_file_processing.py:60} INFO - Inserted batch of 1000 documents.
[2024-12-05T10:54:28.441+0000] {OBT_file_processing.py:60} INFO - Inserted batch of 1000 documents.
[2024-12-05T10:54:29.446+0000] {OBT_file_processing.py:60} INFO - Inserted batch of 1000 documents.
[2024-12-05T10:54:30.445+0000] {OBT_file_processing.py:60} INFO - Inserted batch of 1000 documents.
[2024-12-05T10:54:31.428+0000] {OBT_file_processing.py:60} INFO - Inserted batch of 1000 documents.
[2024-12-05T10:54:32.565+0000] {OBT_file_processing.py:60} INFO - Inserted batch of 1000 documents.
[2024-12-05T10:54:36.444+0000] {OBT_file_processing.py:60} INFO - Inserted batch of 1000 documents.
[2024-12-05T10:54:39.508+0000] {OBT_file_processing.py:60} INFO - Inserted batch of 1000 documents.
[2024-12-05T10:54:41.463+0000] {OBT_file_processing.py:60} INFO - Inserted batch of 1000 documents.
[2024-12-05T10:54:42.434+0000] {OBT_file_processing.py:60} INFO - Inserted batch of 1000 documents.
[2024-12-05T10:54:43.416+0000] {OBT_file_processing.py:60} INFO - Inserted batch of 1000 documents.
[2024-12-05T10:54:47.436+0000] {OBT_file_processing.py:60} INFO - Inserted batch of 1000 documents.
[2024-12-05T10:54:50.484+0000] {OBT_file_processing.py:60} INFO - Inserted batch of 1000 documents.
[2024-12-05T10:54:53.548+0000] {OBT_file_processing.py:60} INFO - Inserted batch of 1000 documents.
[2024-12-05T10:54:56.472+0000] {OBT_file_processing.py:60} INFO - Inserted batch of 1000 documents.
[2024-12-05T10:54:59.486+0000] {OBT_file_processing.py:60} INFO - Inserted batch of 1000 documents.
[2024-12-05T10:55:01.459+0000] {OBT_file_processing.py:60} INFO - Inserted batch of 1000 documents.
[2024-12-05T10:55:02.461+0000] {OBT_file_processing.py:60} INFO - Inserted batch of 1000 documents.
[2024-12-05T10:55:04.466+0000] {OBT_file_processing.py:60} INFO - Inserted batch of 1000 documents.
[2024-12-05T10:55:07.485+0000] {OBT_file_processing.py:60} INFO - Inserted batch of 1000 documents.
[2024-12-05T10:55:09.450+0000] {OBT_file_processing.py:60} INFO - Inserted batch of 1000 documents.
[2024-12-05T10:55:10.452+0000] {OBT_file_processing.py:60} INFO - Inserted batch of 465 documents.
[2024-12-05T10:55:12.545+0000] {OBT_file_processing.py:60} INFO - Inserted batch of 261 documents.
[2024-12-05T10:55:13.513+0000] {OBT_file_processing.py:60} INFO - Inserted batch of 88 documents.
[2024-12-05T10:55:13.515+0000] {OBT_file_processing.py:119} INFO - ETL process completed successfully.
[2024-12-05T10:55:14.117+0000] {python.py:183} INFO - Done. Returned value was: None
[2024-12-05T10:55:14.199+0000] {taskinstance.py:1350} INFO - Marking task as SUCCESS. dag_id=obt_file_processing, task_id=etl_process_obt, execution_date=20241205T105218, start_date=20241205T105224, end_date=20241205T105514
[2024-12-05T10:55:14.323+0000] {local_task_job_runner.py:225} INFO - Task exited with return code 0
[2024-12-05T10:55:14.443+0000] {taskinstance.py:2653} INFO - 1 downstream tasks scheduled from follow-on schedule check
