[2024-12-05T08:56:48.988+0000] {taskinstance.py:1103} INFO - Dependencies all met for dep_context=non-requeueable deps ti=<TaskInstance: obt_file_processing.etl_billNumber manual__2024-12-05T08:53:26.322726+00:00 [queued]>
[2024-12-05T08:56:48.996+0000] {taskinstance.py:1103} INFO - Dependencies all met for dep_context=requeueable deps ti=<TaskInstance: obt_file_processing.etl_billNumber manual__2024-12-05T08:53:26.322726+00:00 [queued]>
[2024-12-05T08:56:48.996+0000] {taskinstance.py:1308} INFO - Starting attempt 1 of 2
[2024-12-05T08:56:49.007+0000] {taskinstance.py:1327} INFO - Executing <Task(PythonOperator): etl_billNumber> on 2024-12-05 08:53:26.322726+00:00
[2024-12-05T08:56:49.012+0000] {standard_task_runner.py:57} INFO - Started process 381 to run task
[2024-12-05T08:56:49.015+0000] {standard_task_runner.py:84} INFO - Running: ['***', 'tasks', 'run', 'obt_file_processing', 'etl_billNumber', 'manual__2024-12-05T08:53:26.322726+00:00', '--job-id', '175', '--raw', '--subdir', 'DAGS_FOLDER/OBT_file_processing.py', '--cfg-path', '/tmp/tmpv4e30hd1']
[2024-12-05T08:56:49.016+0000] {standard_task_runner.py:85} INFO - Job 175: Subtask etl_billNumber
[2024-12-05T08:56:49.051+0000] {task_command.py:410} INFO - Running <TaskInstance: obt_file_processing.etl_billNumber manual__2024-12-05T08:53:26.322726+00:00 [running]> on host effe9442f8f2
[2024-12-05T08:56:49.114+0000] {taskinstance.py:1547} INFO - Exporting env vars: AIRFLOW_CTX_DAG_OWNER='***' AIRFLOW_CTX_DAG_ID='obt_file_processing' AIRFLOW_CTX_TASK_ID='etl_billNumber' AIRFLOW_CTX_EXECUTION_DATE='2024-12-05T08:53:26.322726+00:00' AIRFLOW_CTX_TRY_NUMBER='1' AIRFLOW_CTX_DAG_RUN_ID='manual__2024-12-05T08:53:26.322726+00:00'
[2024-12-05T08:57:05.340+0000] {OBT_file_processing.py:56} INFO - Inserted batch of 1000 documents.
[2024-12-05T08:57:07.331+0000] {OBT_file_processing.py:56} INFO - Inserted batch of 1000 documents.
[2024-12-05T08:57:08.322+0000] {OBT_file_processing.py:56} INFO - Inserted batch of 1000 documents.
[2024-12-05T08:57:11.340+0000] {OBT_file_processing.py:56} INFO - Inserted batch of 1000 documents.
[2024-12-05T08:57:14.339+0000] {OBT_file_processing.py:56} INFO - Inserted batch of 1000 documents.
[2024-12-05T08:57:15.318+0000] {OBT_file_processing.py:56} INFO - Inserted batch of 1000 documents.
[2024-12-05T08:57:17.343+0000] {OBT_file_processing.py:56} INFO - Inserted batch of 1000 documents.
[2024-12-05T08:57:19.330+0000] {OBT_file_processing.py:56} INFO - Inserted batch of 1000 documents.
[2024-12-05T08:57:20.352+0000] {OBT_file_processing.py:56} INFO - Inserted batch of 1000 documents.
[2024-12-05T08:57:23.366+0000] {OBT_file_processing.py:56} INFO - Inserted batch of 439 documents.
[2024-12-05T08:57:24.323+0000] {OBT_file_processing.py:56} INFO - Inserted batch of 83 documents.
[2024-12-05T08:57:24.457+0000] {OBT_file_processing.py:56} INFO - Inserted batch of 29 documents.
[2024-12-05T08:57:24.459+0000] {python.py:183} INFO - Done. Returned value was: None
[2024-12-05T08:57:24.479+0000] {taskinstance.py:1350} INFO - Marking task as SUCCESS. dag_id=obt_file_processing, task_id=etl_billNumber, execution_date=20241205T085326, start_date=20241205T085648, end_date=20241205T085724
[2024-12-05T08:57:24.572+0000] {local_task_job_runner.py:225} INFO - Task exited with return code 0
[2024-12-05T08:57:24.607+0000] {taskinstance.py:2653} INFO - 0 downstream tasks scheduled from follow-on schedule check
