[2024-12-05T10:52:20.445+0000] {taskinstance.py:1103} INFO - Dependencies all met for dep_context=non-requeueable deps ti=<TaskInstance: obt_file_processing.delete_outlet_data manual__2024-12-05T10:52:18.089918+00:00 [queued]>
[2024-12-05T10:52:20.453+0000] {taskinstance.py:1103} INFO - Dependencies all met for dep_context=requeueable deps ti=<TaskInstance: obt_file_processing.delete_outlet_data manual__2024-12-05T10:52:18.089918+00:00 [queued]>
[2024-12-05T10:52:20.453+0000] {taskinstance.py:1308} INFO - Starting attempt 1 of 2
[2024-12-05T10:52:20.466+0000] {taskinstance.py:1327} INFO - Executing <Task(PythonOperator): delete_outlet_data> on 2024-12-05 10:52:18.089918+00:00
[2024-12-05T10:52:20.479+0000] {standard_task_runner.py:57} INFO - Started process 363 to run task
[2024-12-05T10:52:20.483+0000] {standard_task_runner.py:84} INFO - Running: ['***', 'tasks', 'run', 'obt_file_processing', 'delete_outlet_data', 'manual__2024-12-05T10:52:18.089918+00:00', '--job-id', '233', '--raw', '--subdir', 'DAGS_FOLDER/OBT_file_processing.py', '--cfg-path', '/tmp/tmpt6iouyrp']
[2024-12-05T10:52:20.484+0000] {standard_task_runner.py:85} INFO - Job 233: Subtask delete_outlet_data
[2024-12-05T10:52:20.550+0000] {task_command.py:410} INFO - Running <TaskInstance: obt_file_processing.delete_outlet_data manual__2024-12-05T10:52:18.089918+00:00 [running]> on host 8fff7f1050bf
[2024-12-05T10:52:20.623+0000] {taskinstance.py:1547} INFO - Exporting env vars: AIRFLOW_CTX_DAG_OWNER='***' AIRFLOW_CTX_DAG_ID='obt_file_processing' AIRFLOW_CTX_TASK_ID='delete_outlet_data' AIRFLOW_CTX_EXECUTION_DATE='2024-12-05T10:52:18.089918+00:00' AIRFLOW_CTX_TRY_NUMBER='1' AIRFLOW_CTX_DAG_RUN_ID='manual__2024-12-05T10:52:18.089918+00:00'
[2024-12-05T10:52:22.171+0000] {OBT_file_processing.py:49} INFO - Deleted 0 documents from obt_restaurant collection.
[2024-12-05T10:52:22.206+0000] {OBT_file_processing.py:49} INFO - Deleted 0 documents from obt_roomservice collection.
[2024-12-05T10:52:22.242+0000] {OBT_file_processing.py:49} INFO - Deleted 0 documents from obt_banquet collection.
[2024-12-05T10:52:22.276+0000] {OBT_file_processing.py:49} INFO - Deleted 0 documents from obt_restaurant_sales collection.
[2024-12-05T10:52:22.314+0000] {OBT_file_processing.py:49} INFO - Deleted 0 documents from obt_roomservice_sales collection.
[2024-12-05T10:52:22.347+0000] {OBT_file_processing.py:49} INFO - Deleted 0 documents from obt_banquet_sales collection.
[2024-12-05T10:52:22.347+0000] {OBT_file_processing.py:51} INFO - Deleted documents from outlet collections.
[2024-12-05T10:52:22.348+0000] {python.py:183} INFO - Done. Returned value was: None
[2024-12-05T10:52:22.367+0000] {taskinstance.py:1350} INFO - Marking task as SUCCESS. dag_id=obt_file_processing, task_id=delete_outlet_data, execution_date=20241205T105218, start_date=20241205T105220, end_date=20241205T105222
[2024-12-05T10:52:22.419+0000] {local_task_job_runner.py:225} INFO - Task exited with return code 0
[2024-12-05T10:52:22.465+0000] {taskinstance.py:2653} INFO - 1 downstream tasks scheduled from follow-on schedule check
