[2025-01-07T11:02:19.857+0000] {taskinstance.py:1103} INFO - Dependencies all met for dep_context=non-requeueable deps ti=<TaskInstance: obt_file_processing.delete_outlet_data manual__2025-01-07T11:02:18.014156+00:00 [queued]>
[2025-01-07T11:02:19.865+0000] {taskinstance.py:1103} INFO - Dependencies all met for dep_context=requeueable deps ti=<TaskInstance: obt_file_processing.delete_outlet_data manual__2025-01-07T11:02:18.014156+00:00 [queued]>
[2025-01-07T11:02:19.865+0000] {taskinstance.py:1308} INFO - Starting attempt 1 of 2
[2025-01-07T11:02:19.876+0000] {taskinstance.py:1327} INFO - Executing <Task(PythonOperator): delete_outlet_data> on 2025-01-07 11:02:18.014156+00:00
[2025-01-07T11:02:19.884+0000] {standard_task_runner.py:57} INFO - Started process 2508 to run task
[2025-01-07T11:02:19.888+0000] {standard_task_runner.py:84} INFO - Running: ['***', 'tasks', 'run', 'obt_file_processing', 'delete_outlet_data', 'manual__2025-01-07T11:02:18.014156+00:00', '--job-id', '491', '--raw', '--subdir', 'DAGS_FOLDER/OBT_file_processing.py', '--cfg-path', '/tmp/tmprmv9civ9']
[2025-01-07T11:02:19.890+0000] {standard_task_runner.py:85} INFO - Job 491: Subtask delete_outlet_data
[2025-01-07T11:02:19.942+0000] {task_command.py:410} INFO - Running <TaskInstance: obt_file_processing.delete_outlet_data manual__2025-01-07T11:02:18.014156+00:00 [running]> on host 8fff7f1050bf
[2025-01-07T11:02:20.024+0000] {taskinstance.py:1547} INFO - Exporting env vars: AIRFLOW_CTX_DAG_OWNER='***' AIRFLOW_CTX_DAG_ID='obt_file_processing' AIRFLOW_CTX_TASK_ID='delete_outlet_data' AIRFLOW_CTX_EXECUTION_DATE='2025-01-07T11:02:18.014156+00:00' AIRFLOW_CTX_TRY_NUMBER='1' AIRFLOW_CTX_DAG_RUN_ID='manual__2025-01-07T11:02:18.014156+00:00'
[2025-01-07T11:02:22.831+0000] {OBT_file_processing.py:49} INFO - Deleted 0 documents from obt_restaurant collection.
[2025-01-07T11:02:22.873+0000] {OBT_file_processing.py:49} INFO - Deleted 0 documents from obt_roomservice collection.
[2025-01-07T11:02:22.903+0000] {OBT_file_processing.py:49} INFO - Deleted 0 documents from obt_banquet collection.
[2025-01-07T11:02:22.935+0000] {OBT_file_processing.py:49} INFO - Deleted 0 documents from obt_restaurant_sales collection.
[2025-01-07T11:02:23.005+0000] {OBT_file_processing.py:49} INFO - Deleted 0 documents from obt_roomservice_sales collection.
[2025-01-07T11:02:23.040+0000] {OBT_file_processing.py:49} INFO - Deleted 0 documents from obt_banquet_sales collection.
[2025-01-07T11:02:23.041+0000] {OBT_file_processing.py:51} INFO - Deleted documents from outlet collections.
[2025-01-07T11:02:23.048+0000] {python.py:183} INFO - Done. Returned value was: None
[2025-01-07T11:02:23.103+0000] {taskinstance.py:1350} INFO - Marking task as SUCCESS. dag_id=obt_file_processing, task_id=delete_outlet_data, execution_date=20250107T110218, start_date=20250107T110219, end_date=20250107T110223
[2025-01-07T11:02:23.192+0000] {local_task_job_runner.py:225} INFO - Task exited with return code 0
[2025-01-07T11:02:23.268+0000] {taskinstance.py:2653} INFO - 1 downstream tasks scheduled from follow-on schedule check
